Sender: LSF System <lsfadmin@le-g3-005>
Subject: Job 4508298: <secedo> in cluster <ethsec> Done

Job <secedo> was submitted from host <ethsec-login-02> by user <ddanciu> in cluster <ethsec> at Sun May  1 23:13:33 2022
Job was executed on host(s) <20*le-g3-005>, in queue <normal.4h>, as user <ddanciu> in cluster <ethsec> at Sun May  1 23:13:40 2022
</cluster/home/ddanciu> was used as the home directory.
</cluster/home/ddanciu/somatic_variant_calling/secedo-evaluation/varsim> was used as the working directory.
Started at Sun May  1 23:13:40 2022
Terminated at Sun May  1 23:25:23 2022
Results reported at Sun May  1 23:25:23 2022

Your job looked like:

------------------------------------------------------------
# LSBATCH: User input
/usr/bin/time /cluster/work/grlab/projects/projects2019-secedo/code/build/secedo -i /cluster/work/grlab/projects/projects2019-secedo/datasets/varsim/big/pileups/ -o /cluster/work/grlab/projects/projects2019-secedo/datasets/varsim/big/h0.3_theta0.005_epsilon0.2/ --num_threads 20 --log_level=trace              --flagfile /cluster/work/grlab/projects/projects2019-secedo/code/flags_sim              --homozygous_filtered_rate=0.3              --seq_error_rate=0.005              --mutation_rate=0.2              --reference_genome=/cluster/work/grlab/projects/projects2019-secedo/datasets/varsim/genomes/healthy.fa              --map_file=/cluster/work/grlab/projects/projects2019-secedo/datasets/varsim/genomes/healthy.map              --clustering_type SPECTRAL6 --merge_count 1 --max_coverage 1000 | tee /cluster/work/grlab/projects/projects2019-secedo/datasets/varsim/big/h0.3_theta0.005_epsilon0.2//secedo.log
------------------------------------------------------------

Successfully completed.

Resource usage summary:

    CPU time :                                   10185.99 sec.
    Max Memory :                                 10815 MB
    Average Memory :                             8969.96 MB
    Total Requested Memory :                     100000.00 MB
    Delta Memory :                               89185.00 MB
    Max Swap :                                   -
    Max Processes :                              6
    Max Threads :                                26
    Run time :                                   703 sec.
    Turnaround time :                            710 sec.

The output (if any) follows:

[2022-05-01 23:13:42.127] [secedo] [[32minfo[m] Looking for binary pileup files in "/cluster/work/grlab/projects/projects2019-secedo/datasets/varsim/big/pileups/"
[2022-05-01 23:13:42.134] [secedo] [[32minfo[m] Found 23 binary pileup files: "/cluster/work/grlab/projects/projects2019-secedo/datasets/varsim/big/pileups/chromosome_7.pileup.bin","/cluster/work/grlab/projects/projects2019-secedo/datasets/varsim/big/pileups/chromosome_20.pileup.bin","/cluster/work/grlab/projects/projects2019-secedo/datasets/varsim/big/pileups/chromosome_5.pileup.bin","/cluster/work/grlab/projects/projects2019-secedo/datasets/varsim/big/pileups/chromosome_17.pileup.bin","/cluster/work/grlab/projects/projects2019-secedo/datasets/varsim/big/pileups/chromosome_3.pileup.bin","/cluster/work/grlab/projects/projects2019-secedo/datasets/varsim/big/pileups/chromosome_10.pileup.bin","/cluster/work/grlab/projects/projects2019-secedo/datasets/varsim/big/pileups/chromosome_13.pileup.bin","/cluster/work/grlab/projects/projects2019-secedo/datasets/varsim/big/pileups/chromosome_1.pileup.bin","/cluster/work/grlab/projects/projects2019-secedo/datasets/varsim/big/pileups/chromosome_16.pileup.bin","/cluster/work/grlab/projects/projects2019-secedo/datasets/varsim/big/pileups/chromosome_15.pileup.bin","/cluster/work/grlab/projects/projects2019-secedo/datasets/varsim/big/pileups/chromosome_22.pileup.bin","/cluster/work/grlab/projects/projects2019-secedo/datasets/varsim/big/pileups/chromosome_21.pileup.bin","/cluster/work/grlab/projects/projects2019-secedo/datasets/varsim/big/pileups/chromosome_9.pileup.bin","/cluster/work/grlab/projects/projects2019-secedo/datasets/varsim/big/pileups/chromosome_18.pileup.bin","/cluster/work/grlab/projects/projects2019-secedo/datasets/varsim/big/pileups/chromosome_2.pileup.bin","/cluster/work/grlab/projects/projects2019-secedo/datasets/varsim/big/pileups/chromosome_12.pileup.bin","/cluster/work/grlab/projects/projects2019-secedo/datasets/varsim/big/pileups/chromosome_6.pileup.bin","/cluster/work/grlab/projects/projects2019-secedo/datasets/varsim/big/pileups/chromosome_14.pileup.bin","/cluster/work/grlab/projects/projects2019-secedo/datasets/varsim/big/pileups/chromosome_4.pileup.bin","/cluster/work/grlab/projects/projects2019-secedo/datasets/varsim/big/pileups/chromosome_X.pileup.bin","/cluster/work/grlab/projects/projects2019-secedo/datasets/varsim/big/pileups/chromosome_19.pileup.bin","/cluster/work/grlab/projects/projects2019-secedo/datasets/varsim/big/pileups/chromosome_8.pileup.bin","/cluster/work/grlab/projects/projects2019-secedo/datasets/varsim/big/pileups/chromosome_11.pileup.bin"

Reading progress
[2022-05-01 23:13:42.295]	  0.0%, 0/4184088592
[2022-05-01 23:13:42.457]	  1.0%, 41842230/4184088592
[2022-05-01 23:13:42.509]	  2.0%, 83682600/4184088592
[2022-05-01 23:13:42.563]	  3.0%, 125524332/4184088592
[2022-05-01 23:13:42.620]	  4.0%, 167365020/4184088592
[2022-05-01 23:13:42.675]	  5.0%, 209205966/4184088592
[2022-05-01 23:13:42.724]	  6.0%, 251045772/4184088592
[2022-05-01 23:13:42.786]	  7.0%, 292887822/4184088592
[2022-05-01 23:13:42.835]	  8.0%, 334727898/4184088592
[2022-05-01 23:13:42.887]	  9.0%, 376568742/4184088592
[2022-05-01 23:13:42.948]	 10.0%, 418408890/4184088592
[2022-05-01 23:13:42.999]	 11.0%, 460250784/4184088592
[2022-05-01 23:13:43.008] [secedo] [[37mtrace[m] /cluster/work/grlab/projects/projects2019-secedo/datasets/varsim/big/pileups/chromosome_22.pileup.bin: found 7250 cell ids, 7250 after grouping
[2022-05-01 23:13:43.069]	 12.0%, 502090968/4184088592
[2022-05-01 23:13:43.118] [secedo] [[37mtrace[m] /cluster/work/grlab/projects/projects2019-secedo/datasets/varsim/big/pileups/chromosome_21.pileup.bin: found 7250 cell ids, 7250 after grouping
[2022-05-01 23:13:43.140]	 13.0%, 543933108/4184088592
[2022-05-01 23:13:43.212]	 14.0%, 585773382/4184088592
[2022-05-01 23:13:43.234] [secedo] [[37mtrace[m] /cluster/work/grlab/projects/projects2019-secedo/datasets/varsim/big/pileups/chromosome_X.pileup.bin: found 7250 cell ids, 7250 after grouping
[2022-05-01 23:13:43.292]	 15.0%, 627613368/4184088592
[2022-05-01 23:13:43.375]	 16.0%, 669454344/4184088592
[2022-05-01 23:13:43.461]	 17.0%, 711296682/4184088592
[2022-05-01 23:13:43.547]	 18.0%, 753137652/4184088592
[2022-05-01 23:13:43.622]	 19.0%, 794978046/4184088592
[2022-05-01 23:13:43.697]	 20.0%, 836817792/4184088592
[2022-05-01 23:13:43.770]	 21.0%, 878658624/4184088592
[2022-05-01 23:13:43.832]	 22.0%, 920499708/4184088592
[2022-05-01 23:13:43.893]	 23.0%, 962340774/4184088592
[2022-05-01 23:13:43.958]	 24.0%, 1004182824/4184088592
[2022-05-01 23:13:44.014]	 25.0%, 1046022360/4184088592
[2022-05-01 23:13:44.036] [secedo] [[37mtrace[m] /cluster/work/grlab/projects/projects2019-secedo/datasets/varsim/big/pileups/chromosome_19.pileup.bin: found 7250 cell ids, 7250 after grouping
[2022-05-01 23:13:44.073]	 26.0%, 1087864296/4184088592
[2022-05-01 23:13:44.131]	 27.0%, 1129704876/4184088592
[2022-05-01 23:13:44.157] [secedo] [[37mtrace[m] /cluster/work/grlab/projects/projects2019-secedo/datasets/varsim/big/pileups/chromosome_18.pileup.bin: found 7250 cell ids, 7250 after grouping
[2022-05-01 23:13:44.196]	 28.0%, 1171545138/4184088592
[2022-05-01 23:13:44.266]	 29.0%, 1213387458/4184088592
[2022-05-01 23:13:44.338]	 30.0%, 1255227546/4184088592
[2022-05-01 23:13:44.411]	 31.0%, 1297068516/4184088592
[2022-05-01 23:13:44.478]	 32.0%, 1338910398/4184088592
[2022-05-01 23:13:44.552]	 33.0%, 1380750780/4184088592
[2022-05-01 23:13:44.620]	 34.0%, 1422591018/4184088592
[2022-05-01 23:13:44.693]	 35.0%, 1464431814/4184088592
[2022-05-01 23:13:44.768]	 36.0%, 1506272808/4184088592
[2022-05-01 23:13:44.797] [secedo] [[37mtrace[m] /cluster/work/grlab/projects/projects2019-secedo/datasets/varsim/big/pileups/chromosome_20.pileup.bin: found 7250 cell ids, 7250 after grouping
[2022-05-01 23:13:44.856]	 37.0%, 1548113466/4184088592
[2022-05-01 23:13:44.957]	 38.0%, 1589954676/4184088592
[2022-05-01 23:13:45.037]	 39.0%, 1631795946/4184088592
[2022-05-01 23:13:45.123]	 40.0%, 1673635512/4184088592
[2022-05-01 23:13:45.207]	 41.0%, 1715477748/4184088592
[2022-05-01 23:13:45.302]	 42.0%, 1757317758/4184088592
[2022-05-01 23:13:45.388]	 43.0%, 1799158062/4184088592
[2022-05-01 23:13:45.475]	 44.0%, 1841000736/4184088592
[2022-05-01 23:13:45.566]	 45.0%, 1882840962/4184088592
[2022-05-01 23:13:45.674]	 46.0%, 1924682244/4184088592
[2022-05-01 23:13:45.769]	 47.0%, 1966523466/4184088592
[2022-05-01 23:13:45.864]	 48.0%, 2008363908/4184088592
[2022-05-01 23:13:45.969]	 49.0%, 2050204806/4184088592
[2022-05-01 23:13:46.073]	 50.0%, 2092046058/4184088592
[2022-05-01 23:13:46.186]	 51.0%, 2133886032/4184088592
[2022-05-01 23:13:46.307]	 52.0%, 2175727806/4184088592
[2022-05-01 23:13:46.402]	 53.0%, 2217567930/4184088592
[2022-05-01 23:13:46.521]	 54.0%, 2259407808/4184088592
[2022-05-01 23:13:46.610]	 55.0%, 2301248910/4184088592
[2022-05-01 23:13:46.705]	 56.0%, 2343091164/4184088592
[2022-05-01 23:13:46.810]	 57.0%, 2384930646/4184088592
[2022-05-01 23:13:46.898]	 58.0%, 2426773098/4184088592
[2022-05-01 23:13:46.940] [secedo] [[37mtrace[m] /cluster/work/grlab/projects/projects2019-secedo/datasets/varsim/big/pileups/chromosome_15.pileup.bin: found 7250 cell ids, 7250 after grouping
[2022-05-01 23:13:46.998]	 59.0%, 2468612274/4184088592
[2022-05-01 23:13:47.119]	 60.0%, 2510453274/4184088592
[2022-05-01 23:13:47.232]	 61.0%, 2552294880/4184088592
[2022-05-01 23:13:47.352]	 62.0%, 2594136726/4184088592
[2022-05-01 23:13:47.466]	 63.0%, 2635975896/4184088592
[2022-05-01 23:13:47.592]	 64.0%, 2677817838/4184088592
[2022-05-01 23:13:47.703]	 65.0%, 2719658382/4184088592
[2022-05-01 23:13:47.810]	 66.0%, 2761499862/4184088592
[2022-05-01 23:13:47.893] [secedo] [[37mtrace[m] /cluster/work/grlab/projects/projects2019-secedo/datasets/varsim/big/pileups/chromosome_13.pileup.bin: found 7250 cell ids, 7250 after grouping
[2022-05-01 23:13:47.918]	 67.0%, 2803339698/4184088592
[2022-05-01 23:13:48.050]	 68.0%, 2845181592/4184088592
[2022-05-01 23:13:48.185]	 69.0%, 2887021632/4184088592
[2022-05-01 23:13:48.310]	 70.0%, 2928862818/4184088592
[2022-05-01 23:13:48.433]	 71.0%, 2970704658/4184088592
[2022-05-01 23:13:48.484] [secedo] [[37mtrace[m] /cluster/work/grlab/projects/projects2019-secedo/datasets/varsim/big/pileups/chromosome_1.pileup.bin: found 7250 cell ids, 7250 after grouping
[2022-05-01 23:13:48.576]	 72.0%, 3012545652/4184088592
[2022-05-01 23:13:48.735]	 73.0%, 3054386106/4184088592
[2022-05-01 23:13:48.911]	 74.0%, 3096226770/4184088592
[2022-05-01 23:13:48.940] [secedo] [[37mtrace[m] /cluster/work/grlab/projects/projects2019-secedo/datasets/varsim/big/pileups/chromosome_16.pileup.bin: found 7250 cell ids, 7250 after grouping
[2022-05-01 23:13:49.032] [secedo] [[37mtrace[m] /cluster/work/grlab/projects/projects2019-secedo/datasets/varsim/big/pileups/chromosome_11.pileup.bin: found 7250 cell ids, 7250 after grouping
[2022-05-01 23:13:49.087]	 75.0%, 3138066510/4184088592
[2022-05-01 23:13:49.274]	 76.0%, 3179907786/4184088592
[2022-05-01 23:13:49.276] [secedo] [[37mtrace[m] /cluster/work/grlab/projects/projects2019-secedo/datasets/varsim/big/pileups/chromosome_3.pileup.bin: found 7250 cell ids, 7250 after grouping
[2022-05-01 23:13:49.489]	 77.0%, 3221749542/4184088592
[2022-05-01 23:13:49.706]	 78.0%, 3263589312/4184088592
[2022-05-01 23:13:49.761] [secedo] [[37mtrace[m] /cluster/work/grlab/projects/projects2019-secedo/datasets/varsim/big/pileups/chromosome_7.pileup.bin: found 7250 cell ids, 7250 after grouping
[2022-05-01 23:13:49.829] [secedo] [[37mtrace[m] /cluster/work/grlab/projects/projects2019-secedo/datasets/varsim/big/pileups/chromosome_17.pileup.bin: found 7250 cell ids, 7250 after grouping
[2022-05-01 23:13:49.960]	 79.0%, 3305430672/4184088592
[2022-05-01 23:13:50.239] [secedo] [[37mtrace[m] /cluster/work/grlab/projects/projects2019-secedo/datasets/varsim/big/pileups/chromosome_9.pileup.bin: found 7250 cell ids, 7250 after grouping
[2022-05-01 23:13:50.259]	 80.0%, 3347272470/4184088592
[2022-05-01 23:13:50.563]	 81.0%, 3389113494/4184088592
[2022-05-01 23:13:50.882]	 82.0%, 3430953600/4184088592
[2022-05-01 23:13:51.221]	 83.0%, 3472794480/4184088592
[2022-05-01 23:13:51.232] [secedo] [[37mtrace[m] /cluster/work/grlab/projects/projects2019-secedo/datasets/varsim/big/pileups/chromosome_4.pileup.bin: found 7250 cell ids, 7250 after grouping
[2022-05-01 23:13:51.356] [secedo] [[37mtrace[m] /cluster/work/grlab/projects/projects2019-secedo/datasets/varsim/big/pileups/chromosome_6.pileup.bin: found 7250 cell ids, 7250 after grouping
[2022-05-01 23:13:51.374] [secedo] [[37mtrace[m] /cluster/work/grlab/projects/projects2019-secedo/datasets/varsim/big/pileups/chromosome_8.pileup.bin: found 7250 cell ids, 7250 after grouping
[2022-05-01 23:13:51.783]	 84.0%, 3514634754/4184088592
[2022-05-01 23:13:52.005] [secedo] [[37mtrace[m] /cluster/work/grlab/projects/projects2019-secedo/datasets/varsim/big/pileups/chromosome_5.pileup.bin: found 7250 cell ids, 7250 after grouping
[2022-05-01 23:13:53.056]	 85.0%, 3556475298/4184088592
[2022-05-01 23:13:54.548]	 86.0%, 3598316616/4184088592
[2022-05-01 23:13:55.654] [secedo] [[37mtrace[m] /cluster/work/grlab/projects/projects2019-secedo/datasets/varsim/big/pileups/chromosome_2.pileup.bin: found 7250 cell ids, 7250 after grouping
[2022-05-01 23:13:58.212]	 87.0%, 3640157536/4184088592
[2022-05-01 23:13:58.266]	 88.0%, 3681999130/4184088592
[2022-05-01 23:13:58.321]	 89.0%, 3723840148/4184088592
[2022-05-01 23:13:58.377]	 90.0%, 3765680380/4184088592
[2022-05-01 23:13:58.383] [secedo] [[37mtrace[m] /cluster/work/grlab/projects/projects2019-secedo/datasets/varsim/big/pileups/chromosome_14.pileup.bin: found 7250 cell ids, 7250 after grouping
[2022-05-01 23:14:00.773]	 91.0%, 3807521716/4184088592
[2022-05-01 23:14:01.159]	 92.0%, 3849361900/4184088592
[2022-05-01 23:14:01.267]	 93.0%, 3891203326/4184088592
[2022-05-01 23:14:01.327]	 94.0%, 3933044746/4184088592
[2022-05-01 23:14:01.371]	 95.0%, 3974885554/4184088592
[2022-05-01 23:14:01.412]	 96.0%, 4016725750/4184088592
[2022-05-01 23:14:01.455]	 97.0%, 4058566924/4184088592
[2022-05-01 23:14:01.496]	 98.0%, 4100407606/4184088592
[2022-05-01 23:14:01.532]	 99.0%, 4142249056/4184088592
[2022-05-01 23:14:01.557] [secedo] [[37mtrace[m] /cluster/work/grlab/projects/projects2019-secedo/datasets/varsim/big/pileups/chromosome_10.pileup.bin: found 7250 cell ids, 7250 after grouping
[2022-05-01 23:14:01.593]	100.0%, 4184088592/4184088592

[2022-05-01 23:14:01.593] [secedo] [[37mtrace[m] /cluster/work/grlab/projects/projects2019-secedo/datasets/varsim/big/pileups/chromosome_12.pileup.bin: found 7250 cell ids, 7250 after grouping
[2022-05-01 23:14:02.427] [secedo] [[32minfo[m] Filtering significant positions...
[2022-05-01 23:14:04.496] [secedo] [[37mtrace[m] Avg coverage for cluster : 145.43099179829892. Total positions: 131680
[2022-05-01 23:14:04.688] [secedo] [[32minfo[m] Computing similarity matrix...
Processed:
[2022-05-01 23:14:04.880]	  0.0%, 0/131680
[2022-05-01 23:14:19.651]	 10.0%, 13168/131680
[2022-05-01 23:14:33.789]	 20.0%, 26336/131680
[2022-05-01 23:14:48.276]	 30.0%, 39504/131680
[2022-05-01 23:15:03.699]	 40.0%, 52672/131680
[2022-05-01 23:15:18.242]	 50.0%, 65840/131680
[2022-05-01 23:15:33.272]	 60.0%, 79008/131680
[2022-05-01 23:15:48.131]	 70.0%, 92176/131680
[2022-05-01 23:16:03.576]	 80.0%, 105344/131680
[2022-05-01 23:16:16.798]	 90.0%, 118512/131680
[2022-05-01 23:16:28.546]	100.0%, 131680/131680

[2022-05-01 23:16:28.622] [secedo] [[37mtrace[m] Normalizing similarity matrix...
[2022-05-01 23:16:28.740] [secedo] [[32minfo[m] Performing spectral clustering...
[2022-05-01 23:17:44.669] [secedo] [[37mtrace[m] Avg log-likelihood for GMM 1/2/3/4 15.129460176345118/17.82948845837258/18.849840115356145/19.81767511248622	aic 1/2/3/4 -219337.1725570042/-258445.5826464024/-273198.68167266407/-287190.2891310502	bic 1/2/3/4 -219199.39742204722/-258163.14361974061/-272771.57875429746/-286618.52232097875
[2022-05-01 23:17:44.669] [secedo] [[37mtrace[m] Attempting to cluster into 2 clusters
[2022-05-01 23:17:44.734] [secedo] [[37mtrace[m] Cluster 1 has 5250 cells
[2022-05-01 23:17:44.734] [secedo] [[37mtrace[m] Cluster 2 has 2000 cells
[2022-05-01 23:17:44.734] [secedo] [[37mtrace[m] Cluster 3 has 0 cells
[2022-05-01 23:17:44.734] [secedo] [[37mtrace[m] Cluster 4 has 0 cells
[2022-05-01 23:17:44.783] [secedo] [[32minfo[m] Skipping clustering refinement via expectation maximization...
[2022-05-01 23:17:44.787] [secedo] [[32minfo[m] 

Performing clustering of sub-cluster A with 5250 elements
[2022-05-01 23:17:44.787] [secedo] [[32minfo[m] Filtering significant positions...
[2022-05-01 23:17:46.636] [secedo] [[37mtrace[m] Avg coverage for cluster A: 99.65201073374952. Total positions: 108443
[2022-05-01 23:17:46.802] [secedo] [[32minfo[m] Computing similarity matrix...
Processed:
[2022-05-01 23:17:46.917]	  0.0%, 0/108443
[2022-05-01 23:17:52.874]	 10.0%, 10844/108443
[2022-05-01 23:17:58.846]	 20.0%, 21688/108443
[2022-05-01 23:18:04.714]	 30.0%, 32532/108443
[2022-05-01 23:18:10.479]	 40.0%, 43376/108443
[2022-05-01 23:18:16.049]	 50.0%, 54220/108443
[2022-05-01 23:18:21.763]	 60.0%, 65064/108443
[2022-05-01 23:18:27.544]	 70.0%, 75908/108443
[2022-05-01 23:18:33.031]	 80.0%, 86752/108443
[2022-05-01 23:18:37.955]	 90.0%, 97596/108443
[2022-05-01 23:18:42.292]	100.0%, 108440/108443
[2022-05-01 23:18:42.294]	100.0%, 108443/108443

[2022-05-01 23:18:42.335] [secedo] [[37mtrace[m] Normalizing similarity matrix...
[2022-05-01 23:18:42.398] [secedo] [[32minfo[m] Performing spectral clustering...
[2022-05-01 23:19:12.469] [secedo] [[37mtrace[m] Avg log-likelihood for GMM 1/2/3/4 14.32109352538047/16.19207059899328/17.25417420503053/17.32622648723385	aic 1/2/3/4 -150331.48201649493/-169934.74128942942/-181044.82915282057/-181759.37811595542	bic 1/2/3/4 -150200.16234938323/-169665.53597185042/-180637.73818477427/-181214.4014974418
[2022-05-01 23:19:12.469] [secedo] [[37mtrace[m] Attempting to cluster into 2 clusters
[2022-05-01 23:19:12.510] [secedo] [[37mtrace[m] Cluster 1 has 3501 cells
[2022-05-01 23:19:12.510] [secedo] [[37mtrace[m] Cluster 2 has 1749 cells
[2022-05-01 23:19:12.510] [secedo] [[37mtrace[m] Cluster 3 has 0 cells
[2022-05-01 23:19:12.510] [secedo] [[37mtrace[m] Cluster 4 has 0 cells
[2022-05-01 23:19:12.537] [secedo] [[32minfo[m] Skipping clustering refinement via expectation maximization...
[2022-05-01 23:19:12.540] [secedo] [[32minfo[m] 

Performing clustering of sub-cluster AA with 3501 elements
[2022-05-01 23:19:12.540] [secedo] [[32minfo[m] Filtering significant positions...
[2022-05-01 23:19:14.261] [secedo] [[37mtrace[m] Avg coverage for cluster AA: 83.46956879131417. Total positions: 116788
[2022-05-01 23:19:14.426] [secedo] [[32minfo[m] Computing similarity matrix...
Processed:
[2022-05-01 23:19:14.490]	  0.0%, 0/116788
[2022-05-01 23:19:18.403]	 10.0%, 11678/116788
[2022-05-01 23:19:22.102]	 20.0%, 23356/116788
[2022-05-01 23:19:25.846]	 30.0%, 35034/116788
[2022-05-01 23:19:29.564]	 40.0%, 46712/116788
[2022-05-01 23:19:33.143]	 50.0%, 58390/116788
[2022-05-01 23:19:36.774]	 60.0%, 70068/116788
[2022-05-01 23:19:40.418]	 70.0%, 81746/116788
[2022-05-01 23:19:43.816]	 80.0%, 93424/116788
[2022-05-01 23:19:47.338]	 90.0%, 105102/116788
[2022-05-01 23:19:50.218]	100.0%, 116780/116788
[2022-05-01 23:19:50.219]	100.0%, 116788/116788

[2022-05-01 23:19:50.244] [secedo] [[37mtrace[m] Normalizing similarity matrix...
[2022-05-01 23:19:50.273] [secedo] [[32minfo[m] Performing spectral clustering...
[2022-05-01 23:19:59.255] [secedo] [[37mtrace[m] Avg log-likelihood for GMM 1/2/3/4 13.307472643681752/14.604495228019314/14.81619758752092/14.818129573639991	aic 1/2/3/4 -93138.92345105963/-102178.67558659123/-103619.01550782147/-103590.54327462721	bic 1/2/3/4 -93015.70737264054/-101926.08262583209/-103237.04566472229/-103079.19654918798
[2022-05-01 23:19:59.255] [secedo] [[37mtrace[m] Attempting to cluster into 2 clusters
[2022-05-01 23:19:59.280] [secedo] [[37mtrace[m] Cluster 1 has 1501 cells
[2022-05-01 23:19:59.280] [secedo] [[37mtrace[m] Cluster 2 has 2000 cells
[2022-05-01 23:19:59.280] [secedo] [[37mtrace[m] Cluster 3 has 0 cells
[2022-05-01 23:19:59.280] [secedo] [[37mtrace[m] Cluster 4 has 0 cells
[2022-05-01 23:19:59.293] [secedo] [[32minfo[m] Skipping clustering refinement via expectation maximization...
[2022-05-01 23:19:59.296] [secedo] [[32minfo[m] 

Performing clustering of sub-cluster AAA with 1501 elements
[2022-05-01 23:19:59.296] [secedo] [[32minfo[m] Filtering significant positions...
[2022-05-01 23:20:00.517] [secedo] [[37mtrace[m] Avg coverage for cluster AAA: 57.44239434081283. Total positions: 266328
[2022-05-01 23:20:00.858] [secedo] [[32minfo[m] Computing similarity matrix...
Processed:
[2022-05-01 23:20:00.886]	  0.0%, 0/266328
[2022-05-01 23:20:04.140]	 10.0%, 26632/266328
[2022-05-01 23:20:07.291]	 20.0%, 53264/266328
[2022-05-01 23:20:10.418]	 30.0%, 79896/266328
[2022-05-01 23:20:13.620]	 40.0%, 106528/266328
[2022-05-01 23:20:16.772]	 50.0%, 133160/266328
[2022-05-01 23:20:19.944]	 60.0%, 159792/266328
[2022-05-01 23:20:23.033]	 70.0%, 186424/266328
[2022-05-01 23:20:26.133]	 80.0%, 213056/266328
[2022-05-01 23:20:29.358]	 90.0%, 239688/266328
[2022-05-01 23:20:32.545]	100.0%, 266320/266328
[2022-05-01 23:20:32.546]	100.0%, 266328/266328

[2022-05-01 23:20:32.565] [secedo] [[37mtrace[m] Normalizing similarity matrix...
[2022-05-01 23:20:32.572] [secedo] [[32minfo[m] Performing spectral clustering...
[2022-05-01 23:20:33.287] [secedo] [[37mtrace[m] Avg log-likelihood for GMM 1/2/3/4 11.190165624099615/12.214577453502454/12.889200267560874/12.892719767867371	aic 1/2/3/4 -33552.87720354705/-36586.161515414366/-38569.379203217744/-38537.94474313785	bic 1/2/3/4 -33446.59946691438/-36368.292155317395/-38239.91821965647/-38096.89213611227
[2022-05-01 23:20:33.288] [secedo] [[37mtrace[m] Attempting to cluster into 3 clusters
[2022-05-01 23:20:33.306] [secedo] [[37mtrace[m] Cluster 1 has 500 cells
[2022-05-01 23:20:33.306] [secedo] [[37mtrace[m] Cluster 2 has 501 cells
[2022-05-01 23:20:33.306] [secedo] [[37mtrace[m] Cluster 3 has 500 cells
[2022-05-01 23:20:33.306] [secedo] [[37mtrace[m] Cluster 4 has 0 cells
[2022-05-01 23:20:33.309] [secedo] [[32minfo[m] Skipping clustering refinement via expectation maximization...
[2022-05-01 23:20:33.312] [secedo] [[32minfo[m] 

Performing clustering of sub-cluster AAAA with 500 elements
[2022-05-01 23:20:33.312] [secedo] [[32minfo[m] Filtering significant positions...
[2022-05-01 23:20:34.298] [secedo] [[37mtrace[m] Avg coverage for cluster AAAA: 21.123015484080213. Total positions: 561157
[2022-05-01 23:20:34.930] [secedo] [[32minfo[m] Computing similarity matrix...
Processed:
[2022-05-01 23:20:34.952]	  0.0%, 0/561157
[2022-05-01 23:20:36.165]	 10.0%, 56115/561157
[2022-05-01 23:20:37.356]	 20.0%, 112230/561157
[2022-05-01 23:20:38.535]	 30.0%, 168345/561157
[2022-05-01 23:20:39.698]	 40.0%, 224460/561157
[2022-05-01 23:20:40.893]	 50.0%, 280575/561157
[2022-05-01 23:20:42.130]	 60.0%, 336690/561157
[2022-05-01 23:20:43.343]	 70.0%, 392805/561157
[2022-05-01 23:20:44.556]	 80.0%, 448920/561157
[2022-05-01 23:20:45.725]	 90.0%, 505035/561157
[2022-05-01 23:20:46.872]	100.0%, 561150/561157
[2022-05-01 23:20:46.873]	100.0%, 561157/561157

[2022-05-01 23:20:46.880] [secedo] [[37mtrace[m] Normalizing similarity matrix...
[2022-05-01 23:20:46.883] [secedo] [[32minfo[m] Performing spectral clustering...
[2022-05-01 23:20:46.931] [secedo] [[37mtrace[m] Avg log-likelihood for GMM 1/2/3/4 8.441827788290515/8.454611432709699/8.476836724421908/8.492072082954925	aic 1/2/3/4 -8401.827788290515/-8372.611432709698/-8352.836724421908/-8326.072082954925	bic 1/2/3/4 -8317.535626322071/-8199.812500674389/-8091.531022319732/-7976.259610785883
[2022-05-01 23:20:46.931] [secedo] [[37mtrace[m] Attempting to cluster into 2 clusters
[2022-05-01 23:20:46.938] [secedo] [[37mtrace[m] Simple Gaussian Model matches data better - stopping the clustering
[2022-05-01 23:20:46.971] [secedo] [[32minfo[m] 

Performing clustering of sub-cluster AAAB with 501 elements
[2022-05-01 23:20:46.971] [secedo] [[32minfo[m] Filtering significant positions...
[2022-05-01 23:20:47.853] [secedo] [[37mtrace[m] Avg coverage for cluster AAAB: 21.146429618925666. Total positions: 559156
[2022-05-01 23:20:48.490] [secedo] [[32minfo[m] Computing similarity matrix...
Processed:
[2022-05-01 23:20:48.512]	  0.0%, 0/559156
[2022-05-01 23:20:49.705]	 10.0%, 55915/559156
[2022-05-01 23:20:50.841]	 20.0%, 111830/559156
[2022-05-01 23:20:51.958]	 30.0%, 167745/559156
[2022-05-01 23:20:53.113]	 40.0%, 223660/559156
[2022-05-01 23:20:54.255]	 50.0%, 279575/559156
[2022-05-01 23:20:55.388]	 60.0%, 335490/559156
[2022-05-01 23:20:56.599]	 70.0%, 391405/559156
[2022-05-01 23:20:57.790]	 80.0%, 447320/559156
[2022-05-01 23:20:58.947]	 90.0%, 503235/559156
[2022-05-01 23:21:00.121]	100.0%, 559150/559156
[2022-05-01 23:21:00.121]	100.0%, 559156/559156

[2022-05-01 23:21:00.128] [secedo] [[37mtrace[m] Normalizing similarity matrix...
[2022-05-01 23:21:00.131] [secedo] [[32minfo[m] Performing spectral clustering...
[2022-05-01 23:21:00.207] [secedo] [[37mtrace[m] Avg log-likelihood for GMM 1/2/3/4 8.44682313748036/8.475608713347103/8.481260194565737/8.50981339237154	aic 1/2/3/4 -8423.71678375532/-8410.559930773798/-8374.222714954869/-8360.833019156284	bic 1/2/3/4 -8339.384661733624/-8237.679080629317/-8112.793136687607/-8010.85471276624
[2022-05-01 23:21:00.207] [secedo] [[37mtrace[m] Attempting to cluster into 2 clusters
[2022-05-01 23:21:00.215] [secedo] [[37mtrace[m] Simple Gaussian Model matches data better - stopping the clustering
[2022-05-01 23:21:00.247] [secedo] [[32minfo[m] 

Performing clustering of sub-cluster AAAC with 500 elements
[2022-05-01 23:21:00.247] [secedo] [[32minfo[m] Filtering significant positions...
[2022-05-01 23:21:01.195] [secedo] [[37mtrace[m] Avg coverage for cluster AAAC: 21.110815335022693. Total positions: 562738
[2022-05-01 23:21:01.897] [secedo] [[32minfo[m] Computing similarity matrix...
Processed:
[2022-05-01 23:21:01.918]	  0.0%, 0/562738
[2022-05-01 23:21:03.039]	 10.0%, 56273/562738
[2022-05-01 23:21:04.167]	 20.0%, 112546/562738
[2022-05-01 23:21:05.310]	 30.0%, 168819/562738
[2022-05-01 23:21:06.435]	 40.0%, 225092/562738
[2022-05-01 23:21:07.550]	 50.0%, 281365/562738
[2022-05-01 23:21:08.659]	 60.0%, 337638/562738
[2022-05-01 23:21:09.786]	 70.0%, 393911/562738
[2022-05-01 23:21:10.915]	 80.0%, 450184/562738
[2022-05-01 23:21:12.050]	 90.0%, 506457/562738
[2022-05-01 23:21:13.183]	100.0%, 562730/562738
[2022-05-01 23:21:13.183]	100.0%, 562738/562738

[2022-05-01 23:21:13.198] [secedo] [[37mtrace[m] Normalizing similarity matrix...
[2022-05-01 23:21:13.202] [secedo] [[32minfo[m] Performing spectral clustering...
[2022-05-01 23:21:13.254] [secedo] [[37mtrace[m] Avg log-likelihood for GMM 1/2/3/4 8.441828009539718/8.453182862609466/8.46440278879776/8.498898267764728	aic 1/2/3/4 -8401.828009539717/-8371.182862609467/-8340.402788797759/-8332.89826776473	bic 1/2/3/4 -8317.535847571273/-8198.383930574157/-8079.097086695583/-7983.085795595687
[2022-05-01 23:21:13.254] [secedo] [[37mtrace[m] Attempting to cluster into 2 clusters
[2022-05-01 23:21:13.262] [secedo] [[37mtrace[m] Simple Gaussian Model matches data better - stopping the clustering
[2022-05-01 23:21:13.337] [secedo] [[32minfo[m] 

Performing clustering of sub-cluster AAB with 2000 elements
[2022-05-01 23:21:13.337] [secedo] [[32minfo[m] Filtering significant positions...
[2022-05-01 23:21:14.589] [secedo] [[37mtrace[m] Avg coverage for cluster AAB: 69.66417518186788. Total positions: 190248
[2022-05-01 23:21:14.842] [secedo] [[32minfo[m] Computing similarity matrix...
Processed:
[2022-05-01 23:21:14.877]	  0.0%, 0/190248
[2022-05-01 23:21:18.359]	 10.0%, 19024/190248
[2022-05-01 23:21:21.843]	 20.0%, 38048/190248
[2022-05-01 23:21:25.182]	 30.0%, 57072/190248
[2022-05-01 23:21:28.487]	 40.0%, 76096/190248
[2022-05-01 23:21:31.918]	 50.0%, 95120/190248
[2022-05-01 23:21:35.475]	 60.0%, 114144/190248
[2022-05-01 23:21:38.976]	 70.0%, 133168/190248
[2022-05-01 23:21:42.421]	 80.0%, 152192/190248
[2022-05-01 23:21:45.906]	 90.0%, 171216/190248
[2022-05-01 23:21:49.250]	100.0%, 190240/190248
[2022-05-01 23:21:49.251]	100.0%, 190248/190248

[2022-05-01 23:21:49.272] [secedo] [[37mtrace[m] Normalizing similarity matrix...
[2022-05-01 23:21:49.284] [secedo] [[32minfo[m] Performing spectral clustering...
[2022-05-01 23:21:50.871] [secedo] [[37mtrace[m] Avg log-likelihood for GMM 1/2/3/4 11.907574175019079/12.195679206772814/12.18581417705345/12.203064801168113	aic 1/2/3/4 -47590.29670007632/-48700.71682709126/-48619.2567082138/-48646.25920467245	bic 1/2/3/4 -47478.27865088548/-48471.07982625003/-48272.00075572219/-48181.38430053046
[2022-05-01 23:21:50.871] [secedo] [[37mtrace[m] Attempting to cluster into 2 clusters
[2022-05-01 23:21:50.892] [secedo] [[37mtrace[m] Cluster 1 has 1007 cells
[2022-05-01 23:21:50.892] [secedo] [[37mtrace[m] Cluster 2 has 993 cells
[2022-05-01 23:21:50.892] [secedo] [[37mtrace[m] Cluster 3 has 0 cells
[2022-05-01 23:21:50.892] [secedo] [[37mtrace[m] Cluster 4 has 0 cells
[2022-05-01 23:21:50.896] [secedo] [[32minfo[m] Skipping clustering refinement via expectation maximization...
[2022-05-01 23:21:50.899] [secedo] [[32minfo[m] 

Performing clustering of sub-cluster AABA with 1007 elements
[2022-05-01 23:21:50.899] [secedo] [[32minfo[m] Filtering significant positions...
[2022-05-01 23:21:52.112] [secedo] [[37mtrace[m] Avg coverage for cluster AABA: 40.08724099431912. Total positions: 365436
[2022-05-01 23:21:52.536] [secedo] [[32minfo[m] Computing similarity matrix...
Processed:
[2022-05-01 23:21:52.560]	  0.0%, 0/365436
[2022-05-01 23:21:54.757]	 10.0%, 36543/365436
[2022-05-01 23:21:56.941]	 20.0%, 73086/365436
[2022-05-01 23:21:59.102]	 30.0%, 109629/365436
[2022-05-01 23:22:01.255]	 40.0%, 146172/365436
[2022-05-01 23:22:03.410]	 50.0%, 182715/365436
[2022-05-01 23:22:05.590]	 60.0%, 219258/365436
[2022-05-01 23:22:07.730]	 70.0%, 255801/365436
[2022-05-01 23:22:09.869]	 80.0%, 292344/365436
[2022-05-01 23:22:12.086]	 90.0%, 328887/365436
[2022-05-01 23:22:14.194]	100.0%, 365430/365436
[2022-05-01 23:22:14.194]	100.0%, 365436/365436

[2022-05-01 23:22:14.210] [secedo] [[37mtrace[m] Normalizing similarity matrix...
[2022-05-01 23:22:14.215] [secedo] [[32minfo[m] Performing spectral clustering...
[2022-05-01 23:22:14.476] [secedo] [[37mtrace[m] Avg log-likelihood for GMM 1/2/3/4 10.192134654475273/10.198779288181047/10.206145853514561/10.232520691594287	aic 1/2/3/4 -20486.959194113202/-20458.341486396628/-20431.177748978327/-20442.296672870893	bic 1/2/3/4 -20388.66457625883/-20256.83751979517/-20126.464433629775/-20034.374008775252
[2022-05-01 23:22:14.476] [secedo] [[37mtrace[m] Attempting to cluster into 2 clusters
[2022-05-01 23:22:14.497] [secedo] [[37mtrace[m] Simple Gaussian Model matches data better - stopping the clustering
[2022-05-01 23:22:14.534] [secedo] [[32minfo[m] 

Performing clustering of sub-cluster AABB with 993 elements
[2022-05-01 23:22:14.534] [secedo] [[32minfo[m] Filtering significant positions...
[2022-05-01 23:22:15.687] [secedo] [[37mtrace[m] Avg coverage for cluster AABB: 39.67218628508399. Total positions: 368081
[2022-05-01 23:22:16.123] [secedo] [[32minfo[m] Computing similarity matrix...
Processed:
[2022-05-01 23:22:16.147]	  0.0%, 0/368081
[2022-05-01 23:22:18.233]	 10.0%, 36808/368081
[2022-05-01 23:22:20.324]	 20.0%, 73616/368081
[2022-05-01 23:22:22.408]	 30.0%, 110424/368081
[2022-05-01 23:22:24.476]	 40.0%, 147232/368081
[2022-05-01 23:22:26.611]	 50.0%, 184040/368081
[2022-05-01 23:22:28.751]	 60.0%, 220848/368081
[2022-05-01 23:22:30.819]	 70.0%, 257656/368081
[2022-05-01 23:22:32.955]	 80.0%, 294464/368081
[2022-05-01 23:22:35.054]	 90.0%, 331272/368081
[2022-05-01 23:22:37.241]	100.0%, 368080/368081
[2022-05-01 23:22:37.241]	100.0%, 368081/368081

[2022-05-01 23:22:37.248] [secedo] [[37mtrace[m] Normalizing similarity matrix...
[2022-05-01 23:22:37.252] [secedo] [[32minfo[m] Performing spectral clustering...
[2022-05-01 23:22:37.488] [secedo] [[37mtrace[m] Avg log-likelihood for GMM 1/2/3/4 10.157134451092508/10.163917874275757/10.179172412438088/10.179864693342706	aic 1/2/3/4 -20132.069019869723/-20103.540898311654/-20091.836411102042/-20051.211280978616	bic 1/2/3/4 -20034.05440658882/-19902.6109410858/-19787.99110993124/-19644.450635862868
[2022-05-01 23:22:37.488] [secedo] [[37mtrace[m] Attempting to cluster into 2 clusters
[2022-05-01 23:22:37.502] [secedo] [[37mtrace[m] Simple Gaussian Model matches data better - stopping the clustering
[2022-05-01 23:22:37.585] [secedo] [[32minfo[m] 

Performing clustering of sub-cluster AB with 1749 elements
[2022-05-01 23:22:37.585] [secedo] [[32minfo[m] Filtering significant positions...
[2022-05-01 23:22:38.886] [secedo] [[37mtrace[m] Avg coverage for cluster AB: 64.44079597185213. Total positions: 227797
[2022-05-01 23:22:39.187] [secedo] [[32minfo[m] Computing similarity matrix...
Processed:
[2022-05-01 23:22:39.218]	  0.0%, 0/227797
[2022-05-01 23:22:43.051]	 10.0%, 22779/227797
[2022-05-01 23:22:46.914]	 20.0%, 45558/227797
[2022-05-01 23:22:50.888]	 30.0%, 68337/227797
[2022-05-01 23:22:54.934]	 40.0%, 91116/227797
[2022-05-01 23:22:58.938]	 50.0%, 113895/227797
[2022-05-01 23:23:02.891]	 60.0%, 136674/227797
[2022-05-01 23:23:06.808]	 70.0%, 159453/227797
[2022-05-01 23:23:10.676]	 80.0%, 182232/227797
[2022-05-01 23:23:14.489]	 90.0%, 205011/227797
[2022-05-01 23:23:18.169]	100.0%, 227790/227797
[2022-05-01 23:23:18.170]	100.0%, 227797/227797

[2022-05-01 23:23:18.188] [secedo] [[37mtrace[m] Normalizing similarity matrix...
[2022-05-01 23:23:18.197] [secedo] [[32minfo[m] Performing spectral clustering...
[2022-05-01 23:23:19.279] [secedo] [[37mtrace[m] Avg log-likelihood for GMM 1/2/3/4 11.572496416907976/12.734790886009618/13.162967601930141/13.166087800898127	aic 1/2/3/4 -40440.5924663441/-44464.29851926165/-45920.06067155163/-45888.97512754165	bic 1/2/3/4 -40331.25647684372/-44240.159740785886/-45581.11910410048/-45435.23077111511
[2022-05-01 23:23:19.279] [secedo] [[37mtrace[m] Attempting to cluster into 3 clusters
[2022-05-01 23:23:19.302] [secedo] [[37mtrace[m] Cluster 1 has 500 cells
[2022-05-01 23:23:19.302] [secedo] [[37mtrace[m] Cluster 2 has 747 cells
[2022-05-01 23:23:19.302] [secedo] [[37mtrace[m] Cluster 3 has 502 cells
[2022-05-01 23:23:19.302] [secedo] [[37mtrace[m] Cluster 4 has 0 cells
[2022-05-01 23:23:19.304] [secedo] [[32minfo[m] Skipping clustering refinement via expectation maximization...
[2022-05-01 23:23:19.307] [secedo] [[32minfo[m] 

Performing clustering of sub-cluster ABA with 500 elements
[2022-05-01 23:23:19.307] [secedo] [[32minfo[m] Filtering significant positions...
[2022-05-01 23:23:20.308] [secedo] [[37mtrace[m] Avg coverage for cluster ABA: 21.12239813030052. Total positions: 556667
[2022-05-01 23:23:20.922] [secedo] [[32minfo[m] Computing similarity matrix...
Processed:
[2022-05-01 23:23:20.944]	  0.0%, 0/556667
[2022-05-01 23:23:22.127]	 10.0%, 55666/556667
[2022-05-01 23:23:23.296]	 20.0%, 111332/556667
[2022-05-01 23:23:24.501]	 30.0%, 166998/556667
[2022-05-01 23:23:25.738]	 40.0%, 222664/556667
[2022-05-01 23:23:26.900]	 50.0%, 278330/556667
[2022-05-01 23:23:28.083]	 60.0%, 333996/556667
[2022-05-01 23:23:29.261]	 70.0%, 389662/556667
[2022-05-01 23:23:30.482]	 80.0%, 445328/556667
[2022-05-01 23:23:31.697]	 90.0%, 500994/556667
[2022-05-01 23:23:32.868]	100.0%, 556660/556667
[2022-05-01 23:23:32.868]	100.0%, 556667/556667

[2022-05-01 23:23:32.875] [secedo] [[37mtrace[m] Normalizing similarity matrix...
[2022-05-01 23:23:32.878] [secedo] [[32minfo[m] Performing spectral clustering...
[2022-05-01 23:23:32.926] [secedo] [[37mtrace[m] Avg log-likelihood for GMM 1/2/3/4 8.441828567111203/8.461360050103462/8.47940278672161/8.496723974531044	aic 1/2/3/4 -8401.828567111203/-8379.360050103462/-8355.40278672161/-8330.723974531043	bic 1/2/3/4 -8317.536405142759/-8206.561118068152/-8094.097084619434/-7980.911502362002
[2022-05-01 23:23:32.926] [secedo] [[37mtrace[m] Attempting to cluster into 2 clusters
[2022-05-01 23:23:32.934] [secedo] [[37mtrace[m] Simple Gaussian Model matches data better - stopping the clustering
[2022-05-01 23:23:32.966] [secedo] [[32minfo[m] 

Performing clustering of sub-cluster ABB with 747 elements
[2022-05-01 23:23:32.966] [secedo] [[32minfo[m] Filtering significant positions...
[2022-05-01 23:23:34.053] [secedo] [[37mtrace[m] Avg coverage for cluster ABB: 30.31701591428874. Total positions: 463043
[2022-05-01 23:23:34.582] [secedo] [[32minfo[m] Computing similarity matrix...
Processed:
[2022-05-01 23:23:34.606]	  0.0%, 0/463043
[2022-05-01 23:23:36.311]	 10.0%, 46304/463043
[2022-05-01 23:23:37.986]	 20.0%, 92608/463043
[2022-05-01 23:23:39.704]	 30.0%, 138912/463043
[2022-05-01 23:23:41.430]	 40.0%, 185216/463043
[2022-05-01 23:23:43.116]	 50.0%, 231520/463043
[2022-05-01 23:23:44.880]	 60.0%, 277824/463043
[2022-05-01 23:23:46.577]	 70.0%, 324128/463043
[2022-05-01 23:23:48.289]	 80.0%, 370432/463043
[2022-05-01 23:23:50.041]	 90.0%, 416736/463043
[2022-05-01 23:23:51.759]	100.0%, 463040/463043
[2022-05-01 23:23:51.759]	100.0%, 463043/463043

[2022-05-01 23:23:51.775] [secedo] [[37mtrace[m] Normalizing similarity matrix...
[2022-05-01 23:23:51.779] [secedo] [[32minfo[m] Performing spectral clustering...
[2022-05-01 23:23:51.903] [secedo] [[37mtrace[m] Avg log-likelihood for GMM 1/2/3/4 9.445470426091788/9.452296627863191/9.460659303640655/9.468596586953677	aic 1/2/3/4 -14071.532816581132/-14039.731162027607/-14010.224999639138/-13980.083300908793	bic 1/2/3/4 -13979.211512878475/-13850.472489437161/-13724.028958160903/-13596.949890542768
[2022-05-01 23:23:51.903] [secedo] [[37mtrace[m] Attempting to cluster into 2 clusters
[2022-05-01 23:23:51.917] [secedo] [[37mtrace[m] Simple Gaussian Model matches data better - stopping the clustering
[2022-05-01 23:23:51.951] [secedo] [[32minfo[m] 

Performing clustering of sub-cluster ABC with 502 elements
[2022-05-01 23:23:51.951] [secedo] [[32minfo[m] Filtering significant positions...
[2022-05-01 23:23:52.896] [secedo] [[37mtrace[m] Avg coverage for cluster ABC: 21.17801989014812. Total positions: 554747
[2022-05-01 23:23:53.528] [secedo] [[32minfo[m] Computing similarity matrix...
Processed:
[2022-05-01 23:23:53.553]	  0.0%, 0/554747
[2022-05-01 23:23:54.774]	 10.0%, 55474/554747
[2022-05-01 23:23:55.992]	 20.0%, 110948/554747
[2022-05-01 23:23:57.202]	 30.0%, 166422/554747
[2022-05-01 23:23:58.433]	 40.0%, 221896/554747
[2022-05-01 23:23:59.643]	 50.0%, 277370/554747
[2022-05-01 23:24:00.853]	 60.0%, 332844/554747
[2022-05-01 23:24:02.099]	 70.0%, 388318/554747
[2022-05-01 23:24:03.302]	 80.0%, 443792/554747
[2022-05-01 23:24:04.537]	 90.0%, 499266/554747
[2022-05-01 23:24:05.781]	100.0%, 554740/554747
[2022-05-01 23:24:05.782]	100.0%, 554747/554747

[2022-05-01 23:24:05.788] [secedo] [[37mtrace[m] Normalizing similarity matrix...
[2022-05-01 23:24:05.794] [secedo] [[32minfo[m] Performing spectral clustering...
[2022-05-01 23:24:05.853] [secedo] [[37mtrace[m] Avg log-likelihood for GMM 1/2/3/4 8.451808358835128/8.471727149100017/8.488842135589588/8.514314164914989	aic 1/2/3/4 -8445.61559227047/-8423.614057696417/-8398.797504131946/-8382.37142157465	bic 1/2/3/4 -8361.243589876634/-8250.651452789056/-8137.244296711059/-8032.227611640236
[2022-05-01 23:24:05.853] [secedo] [[37mtrace[m] Attempting to cluster into 2 clusters
[2022-05-01 23:24:05.864] [secedo] [[37mtrace[m] Simple Gaussian Model matches data better - stopping the clustering
[2022-05-01 23:24:05.965] [secedo] [[32minfo[m] 

Performing clustering of sub-cluster B with 2000 elements
[2022-05-01 23:24:05.965] [secedo] [[32minfo[m] Filtering significant positions...
[2022-05-01 23:24:07.196] [secedo] [[37mtrace[m] Avg coverage for cluster B: 69.2653320952589. Total positions: 183080
[2022-05-01 23:24:07.426] [secedo] [[32minfo[m] Computing similarity matrix...
Processed:
[2022-05-01 23:24:07.467]	  0.0%, 0/183080
[2022-05-01 23:24:10.902]	 10.0%, 18308/183080
[2022-05-01 23:24:14.330]	 20.0%, 36616/183080
[2022-05-01 23:24:17.775]	 30.0%, 54924/183080
[2022-05-01 23:24:21.283]	 40.0%, 73232/183080
[2022-05-01 23:24:24.869]	 50.0%, 91540/183080
[2022-05-01 23:24:28.342]	 60.0%, 109848/183080
[2022-05-01 23:24:32.030]	 70.0%, 128156/183080
[2022-05-01 23:24:35.748]	 80.0%, 146464/183080
[2022-05-01 23:24:39.362]	 90.0%, 164772/183080
[2022-05-01 23:24:42.610]	100.0%, 183080/183080

[2022-05-01 23:24:42.630] [secedo] [[37mtrace[m] Normalizing similarity matrix...
[2022-05-01 23:24:42.642] [secedo] [[32minfo[m] Performing spectral clustering...
[2022-05-01 23:24:44.352] [secedo] [[37mtrace[m] Avg log-likelihood for GMM 1/2/3/4 11.907563683534024/11.91001275298098/11.913509060580967/11.917335669529107	aic 1/2/3/4 -47590.25473413609/-47558.051011923926/-47530.03624232387/-47503.34267811643	bic 1/2/3/4 -47478.23668494525/-47328.4140110827/-47182.78028983226/-47038.46777397444
[2022-05-01 23:24:44.352] [secedo] [[37mtrace[m] Attempting to cluster into 2 clusters
[2022-05-01 23:24:44.385] [secedo] [[37mtrace[m] Simple Gaussian Model matches data better - stopping the clustering
[2022-05-01 23:24:44.472] [secedo] [[32minfo[m] Performing variant calling against /cluster/work/grlab/projects/projects2019-secedo/datasets/varsim/genomes/healthy.fa
[2022-05-01 23:24:45.103] [secedo] [[37mtrace[m] Reading chromosome: 1_maternal (first allele)
[2022-05-01 23:24:46.007] [secedo] [[37mtrace[m] Reading chromosome: >1_paternal (second allele)
[2022-05-01 23:24:47.351] [secedo] [[37mtrace[m] Calling variants on chromosome 1
[2022-05-01 23:24:48.309] [secedo] [[37mtrace[m] Reading chromosome: 2_maternal (first allele)
[2022-05-01 23:24:49.282] [secedo] [[37mtrace[m] Reading chromosome: >2_paternal (second allele)
[2022-05-01 23:24:50.537] [secedo] [[37mtrace[m] Calling variants on chromosome 2
[2022-05-01 23:24:51.546] [secedo] [[37mtrace[m] Reading chromosome: 3_maternal (first allele)
[2022-05-01 23:24:52.399] [secedo] [[37mtrace[m] Reading chromosome: >3_paternal (second allele)
[2022-05-01 23:24:53.401] [secedo] [[37mtrace[m] Calling variants on chromosome 3
[2022-05-01 23:24:54.275] [secedo] [[37mtrace[m] Reading chromosome: 4_maternal (first allele)
[2022-05-01 23:24:54.933] [secedo] [[37mtrace[m] Reading chromosome: >4_paternal (second allele)
[2022-05-01 23:24:55.719] [secedo] [[37mtrace[m] Calling variants on chromosome 4
[2022-05-01 23:24:56.581] [secedo] [[37mtrace[m] Reading chromosome: 5_maternal (first allele)
[2022-05-01 23:24:57.257] [secedo] [[37mtrace[m] Reading chromosome: >5_paternal (second allele)
[2022-05-01 23:24:58.039] [secedo] [[37mtrace[m] Calling variants on chromosome 5
[2022-05-01 23:24:58.823] [secedo] [[37mtrace[m] Reading chromosome: 6_maternal (first allele)
[2022-05-01 23:24:59.520] [secedo] [[37mtrace[m] Reading chromosome: >6_paternal (second allele)
[2022-05-01 23:25:00.354] [secedo] [[37mtrace[m] Calling variants on chromosome 6
[2022-05-01 23:25:01.090] [secedo] [[37mtrace[m] Reading chromosome: 7_maternal (first allele)
[2022-05-01 23:25:01.728] [secedo] [[37mtrace[m] Reading chromosome: >7_paternal (second allele)
[2022-05-01 23:25:02.443] [secedo] [[37mtrace[m] Calling variants on chromosome 7
[2022-05-01 23:25:03.135] [secedo] [[37mtrace[m] Reading chromosome: 8_maternal (first allele)
[2022-05-01 23:25:03.672] [secedo] [[37mtrace[m] Reading chromosome: >8_paternal (second allele)
[2022-05-01 23:25:04.388] [secedo] [[37mtrace[m] Calling variants on chromosome 8
[2022-05-01 23:25:05.022] [secedo] [[37mtrace[m] Reading chromosome: 9_maternal (first allele)
[2022-05-01 23:25:05.570] [secedo] [[37mtrace[m] Reading chromosome: >9_paternal (second allele)
[2022-05-01 23:25:06.319] [secedo] [[37mtrace[m] Calling variants on chromosome 9
[2022-05-01 23:25:06.840] [secedo] [[37mtrace[m] Reading chromosome: 10_maternal (first allele)
[2022-05-01 23:25:07.346] [secedo] [[37mtrace[m] Reading chromosome: >10_paternal (second allele)
[2022-05-01 23:25:07.892] [secedo] [[37mtrace[m] Calling variants on chromosome 10
[2022-05-01 23:25:08.499] [secedo] [[37mtrace[m] Reading chromosome: 11_maternal (first allele)
[2022-05-01 23:25:08.922] [secedo] [[37mtrace[m] Reading chromosome: >11_paternal (second allele)
[2022-05-01 23:25:09.595] [secedo] [[37mtrace[m] Calling variants on chromosome 11
[2022-05-01 23:25:10.188] [secedo] [[37mtrace[m] Reading chromosome: 12_maternal (first allele)
[2022-05-01 23:25:10.605] [secedo] [[37mtrace[m] Reading chromosome: >12_paternal (second allele)
[2022-05-01 23:25:11.264] [secedo] [[37mtrace[m] Calling variants on chromosome 12
[2022-05-01 23:25:11.843] [secedo] [[37mtrace[m] Reading chromosome: 13_maternal (first allele)
[2022-05-01 23:25:12.222] [secedo] [[37mtrace[m] Reading chromosome: >13_paternal (second allele)
[2022-05-01 23:25:12.782] [secedo] [[37mtrace[m] Calling variants on chromosome 13
[2022-05-01 23:25:13.228] [secedo] [[37mtrace[m] Reading chromosome: 14_maternal (first allele)
[2022-05-01 23:25:13.638] [secedo] [[37mtrace[m] Reading chromosome: >14_paternal (second allele)
[2022-05-01 23:25:14.105] [secedo] [[37mtrace[m] Calling variants on chromosome 14
[2022-05-01 23:25:14.494] [secedo] [[37mtrace[m] Reading chromosome: 15_maternal (first allele)
[2022-05-01 23:25:14.817] [secedo] [[37mtrace[m] Reading chromosome: >15_paternal (second allele)
[2022-05-01 23:25:15.234] [secedo] [[37mtrace[m] Calling variants on chromosome 15
[2022-05-01 23:25:15.579] [secedo] [[37mtrace[m] Reading chromosome: 16_maternal (first allele)
[2022-05-01 23:25:15.934] [secedo] [[37mtrace[m] Reading chromosome: >16_paternal (second allele)
[2022-05-01 23:25:16.427] [secedo] [[37mtrace[m] Calling variants on chromosome 16
[2022-05-01 23:25:16.795] [secedo] [[37mtrace[m] Reading chromosome: 17_maternal (first allele)
[2022-05-01 23:25:17.110] [secedo] [[37mtrace[m] Reading chromosome: >17_paternal (second allele)
[2022-05-01 23:25:17.472] [secedo] [[37mtrace[m] Calling variants on chromosome 17
[2022-05-01 23:25:17.805] [secedo] [[37mtrace[m] Reading chromosome: 18_maternal (first allele)
[2022-05-01 23:25:18.135] [secedo] [[37mtrace[m] Reading chromosome: >18_paternal (second allele)
[2022-05-01 23:25:18.474] [secedo] [[37mtrace[m] Calling variants on chromosome 18
[2022-05-01 23:25:18.817] [secedo] [[37mtrace[m] Reading chromosome: 19_maternal (first allele)
[2022-05-01 23:25:19.000] [secedo] [[37mtrace[m] Reading chromosome: >19_paternal (second allele)
[2022-05-01 23:25:19.238] [secedo] [[37mtrace[m] Calling variants on chromosome 19
[2022-05-01 23:25:19.511] [secedo] [[37mtrace[m] Reading chromosome: 20_maternal (first allele)
[2022-05-01 23:25:19.712] [secedo] [[37mtrace[m] Reading chromosome: >20_paternal (second allele)
[2022-05-01 23:25:19.984] [secedo] [[37mtrace[m] Calling variants on chromosome 20
[2022-05-01 23:25:20.260] [secedo] [[37mtrace[m] Reading chromosome: 21_maternal (first allele)
[2022-05-01 23:25:20.408] [secedo] [[37mtrace[m] Reading chromosome: >21_paternal (second allele)
[2022-05-01 23:25:20.605] [secedo] [[37mtrace[m] Calling variants on chromosome 21
[2022-05-01 23:25:20.769] [secedo] [[37mtrace[m] Reading chromosome: 22_maternal (first allele)
[2022-05-01 23:25:20.928] [secedo] [[37mtrace[m] Reading chromosome: >22_paternal (second allele)
[2022-05-01 23:25:21.136] [secedo] [[37mtrace[m] Calling variants on chromosome 22
[2022-05-01 23:25:21.297] [secedo] [[37mtrace[m] Reading chromosome: X_maternal (first allele)
[2022-05-01 23:25:21.870] [secedo] [[32minfo[m] Male genome detected; Simulating homozygous X
[2022-05-01 23:25:21.993] [secedo] [[37mtrace[m] Calling variants on chromosome 23
[2022-05-01 23:25:22.074] [secedo] [[37mtrace[m] Reading chromosome: Y_paternal (first allele)
[2022-05-01 23:25:22.254] [secedo] [[32minfo[m] Simulating homozygous >Y_paternal
[2022-05-01 23:25:22.298] [secedo] [[37mtrace[m] Calling variants on chromosome 24
[2022-05-01 23:25:22.355] [secedo] [[32minfo[m] Done.
10115.21user 69.95system 11:41.31elapsed 1452%CPU (0avgtext+0avgdata 10261716maxresident)k
1617360inputs+211832outputs (5major+24718755minor)pagefaults 0swaps
