Sender: LSF System <lsfadmin@le-s4-057>
Subject: Job 4507809: <secedo> in cluster <ethsec> Done

Job <secedo> was submitted from host <ethsec-login-02> by user <ddanciu> in cluster <ethsec> at Sun May  1 20:45:56 2022
Job was executed on host(s) <20*le-s4-057>, in queue <normal.4h>, as user <ddanciu> in cluster <ethsec> at Sun May  1 20:46:05 2022
</cluster/home/ddanciu> was used as the home directory.
</cluster/home/ddanciu/somatic_variant_calling/secedo-evaluation/varsim> was used as the working directory.
Started at Sun May  1 20:46:05 2022
Terminated at Sun May  1 21:13:50 2022
Results reported at Sun May  1 21:13:50 2022

Your job looked like:

------------------------------------------------------------
# LSBATCH: User input
/usr/bin/time /cluster/work/grlab/projects/projects2019-secedo/code/build/secedo -i /cluster/work/grlab/projects/projects2019-secedo/datasets/varsim/big/pileups/ -o /cluster/work/grlab/projects/projects2019-secedo/datasets/varsim/big/h0.8_theta0.01_epsilon0.1/ --num_threads 20 --log_level=trace              --flagfile /cluster/work/grlab/projects/projects2019-secedo/code/flags_sim              --homozygous_filtered_rate=0.8              --seq_error_rate=0.01              --mutation_rate=0.1              --reference_genome=/cluster/work/grlab/projects/projects2019-secedo/datasets/varsim/genomes/healthy.fa              --map_file=/cluster/work/grlab/projects/projects2019-secedo/datasets/varsim/genomes/healthy.map              --clustering_type SPECTRAL6 --merge_count 1 --max_coverage 1000 | tee /cluster/work/grlab/projects/projects2019-secedo/datasets/varsim/big/h0.8_theta0.01_epsilon0.1//secedo.log
------------------------------------------------------------

Successfully completed.

Resource usage summary:

    CPU time :                                   20362.86 sec.
    Max Memory :                                 13237 MB
    Average Memory :                             9622.36 MB
    Total Requested Memory :                     100000.00 MB
    Delta Memory :                               86763.00 MB
    Max Swap :                                   41 MB
    Max Processes :                              6
    Max Threads :                                26
    Run time :                                   1675 sec.
    Turnaround time :                            1674 sec.

The output (if any) follows:

[2022-05-01 20:46:07.778] [svc] [[32minfo[m] Looking for binary pileup files in "/cluster/work/grlab/projects/projects2019-secedo/datasets/varsim/big/pileups/"
[2022-05-01 20:46:07.783] [svc] [[32minfo[m] Found 23 binary pileup files: "/cluster/work/grlab/projects/projects2019-secedo/datasets/varsim/big/pileups/chromosome_7.pileup.bin","/cluster/work/grlab/projects/projects2019-secedo/datasets/varsim/big/pileups/chromosome_20.pileup.bin","/cluster/work/grlab/projects/projects2019-secedo/datasets/varsim/big/pileups/chromosome_5.pileup.bin","/cluster/work/grlab/projects/projects2019-secedo/datasets/varsim/big/pileups/chromosome_17.pileup.bin","/cluster/work/grlab/projects/projects2019-secedo/datasets/varsim/big/pileups/chromosome_3.pileup.bin","/cluster/work/grlab/projects/projects2019-secedo/datasets/varsim/big/pileups/chromosome_10.pileup.bin","/cluster/work/grlab/projects/projects2019-secedo/datasets/varsim/big/pileups/chromosome_13.pileup.bin","/cluster/work/grlab/projects/projects2019-secedo/datasets/varsim/big/pileups/chromosome_1.pileup.bin","/cluster/work/grlab/projects/projects2019-secedo/datasets/varsim/big/pileups/chromosome_16.pileup.bin","/cluster/work/grlab/projects/projects2019-secedo/datasets/varsim/big/pileups/chromosome_15.pileup.bin","/cluster/work/grlab/projects/projects2019-secedo/datasets/varsim/big/pileups/chromosome_22.pileup.bin","/cluster/work/grlab/projects/projects2019-secedo/datasets/varsim/big/pileups/chromosome_21.pileup.bin","/cluster/work/grlab/projects/projects2019-secedo/datasets/varsim/big/pileups/chromosome_9.pileup.bin","/cluster/work/grlab/projects/projects2019-secedo/datasets/varsim/big/pileups/chromosome_18.pileup.bin","/cluster/work/grlab/projects/projects2019-secedo/datasets/varsim/big/pileups/chromosome_2.pileup.bin","/cluster/work/grlab/projects/projects2019-secedo/datasets/varsim/big/pileups/chromosome_12.pileup.bin","/cluster/work/grlab/projects/projects2019-secedo/datasets/varsim/big/pileups/chromosome_6.pileup.bin","/cluster/work/grlab/projects/projects2019-secedo/datasets/varsim/big/pileups/chromosome_14.pileup.bin","/cluster/work/grlab/projects/projects2019-secedo/datasets/varsim/big/pileups/chromosome_4.pileup.bin","/cluster/work/grlab/projects/projects2019-secedo/datasets/varsim/big/pileups/chromosome_X.pileup.bin","/cluster/work/grlab/projects/projects2019-secedo/datasets/varsim/big/pileups/chromosome_19.pileup.bin","/cluster/work/grlab/projects/projects2019-secedo/datasets/varsim/big/pileups/chromosome_8.pileup.bin","/cluster/work/grlab/projects/projects2019-secedo/datasets/varsim/big/pileups/chromosome_11.pileup.bin"

Reading progress
[2022-05-01 20:46:07.852]	  0.0%, 0/4184088592
[2022-05-01 20:46:08.046]	  1.0%, 41842074/4184088592
[2022-05-01 20:46:08.131]	  2.0%, 83683248/4184088592
[2022-05-01 20:46:08.214]	  3.0%, 125523210/4184088592
[2022-05-01 20:46:08.292]	  4.0%, 167364858/4184088592
[2022-05-01 20:46:08.362]	  5.0%, 209204904/4184088592
[2022-05-01 20:46:08.433]	  6.0%, 251046540/4184088592
[2022-05-01 20:46:08.499]	  7.0%, 292887594/4184088592
[2022-05-01 20:46:08.567]	  8.0%, 334727208/4184088592
[2022-05-01 20:46:08.634]	  9.0%, 376569594/4184088592
[2022-05-01 20:46:08.698]	 10.0%, 418409898/4184088592
[2022-05-01 20:46:08.757]	 11.0%, 460250544/4184088592
[2022-05-01 20:46:08.822]	 12.0%, 502090854/4184088592
[2022-05-01 20:46:08.887]	 13.0%, 543931932/4184088592
[2022-05-01 20:46:08.948]	 14.0%, 585773160/4184088592
[2022-05-01 20:46:09.009]	 15.0%, 627614856/4184088592
[2022-05-01 20:46:09.080]	 16.0%, 669456114/4184088592
[2022-05-01 20:46:09.148]	 17.0%, 711296496/4184088592
[2022-05-01 20:46:09.219]	 18.0%, 753137268/4184088592
[2022-05-01 20:46:09.291]	 19.0%, 794978250/4184088592
[2022-05-01 20:46:09.360]	 20.0%, 836818362/4184088592
[2022-05-01 20:46:09.367] [svc] [[37mtrace[m] /cluster/work/grlab/projects/projects2019-secedo/datasets/varsim/big/pileups/chromosome_X.pileup.bin: found 7250 cell ids, 7250 after grouping
[2022-05-01 20:46:09.428]	 21.0%, 878659440/4184088592
[2022-05-01 20:46:09.498]	 22.0%, 920500692/4184088592
[2022-05-01 20:46:09.570]	 23.0%, 962341212/4184088592
[2022-05-01 20:46:09.650]	 24.0%, 1004181954/4184088592
[2022-05-01 20:46:09.723]	 25.0%, 1046023344/4184088592
[2022-05-01 20:46:09.787]	 26.0%, 1087863270/4184088592
[2022-05-01 20:46:09.845]	 27.0%, 1129705380/4184088592
[2022-05-01 20:46:09.918]	 28.0%, 1171545642/4184088592
[2022-05-01 20:46:09.982]	 29.0%, 1213387518/4184088592
[2022-05-01 20:46:10.032] [svc] [[37mtrace[m] /cluster/work/grlab/projects/projects2019-secedo/datasets/varsim/big/pileups/chromosome_20.pileup.bin: found 7250 cell ids, 7250 after grouping
[2022-05-01 20:46:10.045]	 30.0%, 1255227228/4184088592
[2022-05-01 20:46:10.118]	 31.0%, 1297068804/4184088592
[2022-05-01 20:46:10.198]	 32.0%, 1338909780/4184088592
[2022-05-01 20:46:10.269]	 33.0%, 1380750660/4184088592
[2022-05-01 20:46:10.341]	 34.0%, 1422590610/4184088592
[2022-05-01 20:46:10.417]	 35.0%, 1464431850/4184088592
[2022-05-01 20:46:10.486]	 36.0%, 1506273480/4184088592
[2022-05-01 20:46:10.559]	 37.0%, 1548113364/4184088592
[2022-05-01 20:46:10.603] [svc] [[37mtrace[m] /cluster/work/grlab/projects/projects2019-secedo/datasets/varsim/big/pileups/chromosome_19.pileup.bin: found 7250 cell ids, 7250 after grouping
[2022-05-01 20:46:10.633]	 38.0%, 1589953944/4184088592
[2022-05-01 20:46:10.718]	 39.0%, 1631795292/4184088592
[2022-05-01 20:46:10.803]	 40.0%, 1673636592/4184088592
[2022-05-01 20:46:10.890]	 41.0%, 1715476734/4184088592
[2022-05-01 20:46:10.981]	 42.0%, 1757318874/4184088592
[2022-05-01 20:46:11.009] [svc] [[37mtrace[m] /cluster/work/grlab/projects/projects2019-secedo/datasets/varsim/big/pileups/chromosome_15.pileup.bin: found 7250 cell ids, 7250 after grouping
[2022-05-01 20:46:11.071]	 43.0%, 1799158104/4184088592
[2022-05-01 20:46:11.163]	 44.0%, 1840999914/4184088592
[2022-05-01 20:46:11.266]	 45.0%, 1882840032/4184088592
[2022-05-01 20:46:11.365]	 46.0%, 1924680738/4184088592
[2022-05-01 20:46:11.462]	 47.0%, 1966522860/4184088592
[2022-05-01 20:46:11.555]	 48.0%, 2008362948/4184088592
[2022-05-01 20:46:11.566] [svc] [[37mtrace[m] /cluster/work/grlab/projects/projects2019-secedo/datasets/varsim/big/pileups/chromosome_18.pileup.bin: found 7250 cell ids, 7250 after grouping
[2022-05-01 20:46:11.656]	 49.0%, 2050204710/4184088592
[2022-05-01 20:46:11.748]	 50.0%, 2092045938/4184088592
[2022-05-01 20:46:11.855]	 51.0%, 2133885498/4184088592
[2022-05-01 20:46:11.946]	 52.0%, 2175727044/4184088592
[2022-05-01 20:46:12.046]	 53.0%, 2217568434/4184088592
[2022-05-01 20:46:12.141]	 54.0%, 2259409572/4184088592
[2022-05-01 20:46:12.239]	 55.0%, 2301249252/4184088592
[2022-05-01 20:46:12.291] [svc] [[37mtrace[m] /cluster/work/grlab/projects/projects2019-secedo/datasets/varsim/big/pileups/chromosome_16.pileup.bin: found 7250 cell ids, 7250 after grouping
[2022-05-01 20:46:12.353]	 56.0%, 2343090870/4184088592
[2022-05-01 20:46:12.467]	 57.0%, 2384930826/4184088592
[2022-05-01 20:46:12.522] [svc] [[37mtrace[m] /cluster/work/grlab/projects/projects2019-secedo/datasets/varsim/big/pileups/chromosome_17.pileup.bin: found 7250 cell ids, 7250 after grouping
[2022-05-01 20:46:12.578]	 58.0%, 2426772342/4184088592
[2022-05-01 20:46:12.685]	 59.0%, 2468613528/4184088592
[2022-05-01 20:46:12.796]	 60.0%, 2510454504/4184088592
[2022-05-01 20:46:12.905]	 61.0%, 2552294172/4184088592
[2022-05-01 20:46:13.009]	 62.0%, 2594135256/4184088592
[2022-05-01 20:46:13.115]	 63.0%, 2635976688/4184088592
[2022-05-01 20:46:13.219]	 64.0%, 2677816674/4184088592
[2022-05-01 20:46:13.323]	 65.0%, 2719658730/4184088592
[2022-05-01 20:46:13.421]	 66.0%, 2761498902/4184088592
[2022-05-01 20:46:13.520]	 67.0%, 2803339632/4184088592
[2022-05-01 20:46:13.606] [svc] [[37mtrace[m] /cluster/work/grlab/projects/projects2019-secedo/datasets/varsim/big/pileups/chromosome_13.pileup.bin: found 7250 cell ids, 7250 after grouping
[2022-05-01 20:46:13.622]	 68.0%, 2845180926/4184088592
[2022-05-01 20:46:13.718] [svc] [[37mtrace[m] /cluster/work/grlab/projects/projects2019-secedo/datasets/varsim/big/pileups/chromosome_11.pileup.bin: found 7250 cell ids, 7250 after grouping
[2022-05-01 20:46:13.741]	 69.0%, 2887021404/4184088592
[2022-05-01 20:46:13.866]	 70.0%, 2928862476/4184088592
[2022-05-01 20:46:13.992]	 71.0%, 2970703338/4184088592
[2022-05-01 20:46:14.117]	 72.0%, 3012543942/4184088592
[2022-05-01 20:46:14.262]	 73.0%, 3054385140/4184088592
[2022-05-01 20:46:14.409]	 74.0%, 3096227220/4184088592
[2022-05-01 20:46:14.575]	 75.0%, 3138067686/4184088592
[2022-05-01 20:46:14.667] [svc] [[37mtrace[m] /cluster/work/grlab/projects/projects2019-secedo/datasets/varsim/big/pileups/chromosome_9.pileup.bin: found 7250 cell ids, 7250 after grouping
[2022-05-01 20:46:14.706] [svc] [[37mtrace[m] /cluster/work/grlab/projects/projects2019-secedo/datasets/varsim/big/pileups/chromosome_1.pileup.bin: found 7250 cell ids, 7250 after grouping
[2022-05-01 20:46:14.713] [svc] [[37mtrace[m] /cluster/work/grlab/projects/projects2019-secedo/datasets/varsim/big/pileups/chromosome_8.pileup.bin: found 7250 cell ids, 7250 after grouping
[2022-05-01 20:46:14.721]	 76.0%, 3179907348/4184088592
[2022-05-01 20:46:14.999]	 77.0%, 3221748318/4184088592
[2022-05-01 20:46:15.134] [svc] [[37mtrace[m] /cluster/work/grlab/projects/projects2019-secedo/datasets/varsim/big/pileups/chromosome_7.pileup.bin: found 7250 cell ids, 7250 after grouping
[2022-05-01 20:46:15.266]	 78.0%, 3263590602/4184088592
[2022-05-01 20:46:15.516]	 79.0%, 3305431014/4184088592
[2022-05-01 20:46:15.753]	 80.0%, 3347272836/4184088592
[2022-05-01 20:46:15.985]	 81.0%, 3389112282/4184088592
[2022-05-01 20:46:16.222]	 82.0%, 3430953516/4184088592
[2022-05-01 20:46:16.270] [svc] [[37mtrace[m] /cluster/work/grlab/projects/projects2019-secedo/datasets/varsim/big/pileups/chromosome_6.pileup.bin: found 7250 cell ids, 7250 after grouping
[2022-05-01 20:46:16.469] [svc] [[37mtrace[m] /cluster/work/grlab/projects/projects2019-secedo/datasets/varsim/big/pileups/chromosome_5.pileup.bin: found 7250 cell ids, 7250 after grouping
[2022-05-01 20:46:16.521]	 83.0%, 3472795020/4184088592
[2022-05-01 20:46:16.653] [svc] [[37mtrace[m] /cluster/work/grlab/projects/projects2019-secedo/datasets/varsim/big/pileups/chromosome_4.pileup.bin: found 7250 cell ids, 7250 after grouping
[2022-05-01 20:46:16.991]	 84.0%, 3514634550/4184088592
[2022-05-01 20:46:17.030] [svc] [[37mtrace[m] /cluster/work/grlab/projects/projects2019-secedo/datasets/varsim/big/pileups/chromosome_3.pileup.bin: found 7250 cell ids, 7250 after grouping
[2022-05-01 20:46:17.838]	 85.0%, 3556476510/4184088592
[2022-05-01 20:46:18.617]	 86.0%, 3598316592/4184088592
[2022-05-01 20:46:18.621] [svc] [[37mtrace[m] /cluster/work/grlab/projects/projects2019-secedo/datasets/varsim/big/pileups/chromosome_2.pileup.bin: found 7250 cell ids, 7250 after grouping
[2022-05-01 20:46:19.885] [svc] [[37mtrace[m] /cluster/work/grlab/projects/projects2019-secedo/datasets/varsim/big/pileups/chromosome_21.pileup.bin: found 7250 cell ids, 7250 after grouping
[2022-05-01 20:46:19.909]	 87.0%, 3640157080/4184088592
[2022-05-01 20:46:20.104] [svc] [[37mtrace[m] /cluster/work/grlab/projects/projects2019-secedo/datasets/varsim/big/pileups/chromosome_22.pileup.bin: found 7250 cell ids, 7250 after grouping
[2022-05-01 20:46:20.403]	 88.0%, 3681999130/4184088592
[2022-05-01 20:46:21.062]	 89.0%, 3723840148/4184088592
[2022-05-01 20:46:21.649]	 90.0%, 3765680380/4184088592
[2022-05-01 20:46:21.705] [svc] [[37mtrace[m] /cluster/work/grlab/projects/projects2019-secedo/datasets/varsim/big/pileups/chromosome_14.pileup.bin: found 7250 cell ids, 7250 after grouping
[2022-05-01 20:46:22.997]	 91.0%, 3807521716/4184088592
[2022-05-01 20:46:23.076]	 92.0%, 3849361900/4184088592
[2022-05-01 20:46:23.155]	 93.0%, 3891203326/4184088592
[2022-05-01 20:46:23.231]	 94.0%, 3933043348/4184088592
[2022-05-01 20:46:23.350] [svc] [[37mtrace[m] /cluster/work/grlab/projects/projects2019-secedo/datasets/varsim/big/pileups/chromosome_12.pileup.bin: found 7250 cell ids, 7250 after grouping
[2022-05-01 20:46:24.491]	 95.0%, 3974885308/4184088592
[2022-05-01 20:46:24.710]	 96.0%, 4016726098/4184088592
[2022-05-01 20:46:24.789]	 97.0%, 4058566486/4184088592
[2022-05-01 20:46:24.864]	 98.0%, 4100406772/4184088592
[2022-05-01 20:46:24.934]	 99.0%, 4142247832/4184088592
[2022-05-01 20:46:25.005]	100.0%, 4184088592/4184088592

[2022-05-01 20:46:25.005] [svc] [[37mtrace[m] /cluster/work/grlab/projects/projects2019-secedo/datasets/varsim/big/pileups/chromosome_10.pileup.bin: found 7250 cell ids, 7250 after grouping
[2022-05-01 20:46:25.140] [svc] [[32minfo[m] Filtering significant positions...
[2022-05-01 20:46:28.230] [svc] [[37mtrace[m] Avg coverage for cluster : 142.29502444107325. Total positions: 130518
[2022-05-01 20:46:28.504] [svc] [[32minfo[m] Computing similarity matrix...
Processed:
[2022-05-01 20:46:28.945]	  0.0%, 0/130518
[2022-05-01 20:47:26.708]	 10.0%, 13051/130518
[2022-05-01 20:48:16.117]	 20.0%, 26102/130518
[2022-05-01 20:49:09.822]	 30.0%, 39153/130518
[2022-05-01 20:50:02.388]	 40.0%, 52204/130518
[2022-05-01 20:50:50.761]	 50.0%, 65255/130518
[2022-05-01 20:51:44.345]	 60.0%, 78306/130518
[2022-05-01 20:52:33.631]	 70.0%, 91357/130518
[2022-05-01 20:53:22.238]	 80.0%, 104408/130518
[2022-05-01 20:54:01.819]	 90.0%, 117459/130518
[2022-05-01 20:54:40.600]	100.0%, 130510/130518
[2022-05-01 20:54:40.604]	100.0%, 130518/130518

[2022-05-01 20:54:40.718] [svc] [[37mtrace[m] Normalizing similarity matrix...
[2022-05-01 20:54:40.906] [svc] [[32minfo[m] Performing spectral clustering...
[2022-05-01 20:56:26.419] [svc] [[37mtrace[m] Avg log-likelihood for GMM 1/2/3/4 15.129236323548223/18.322833408852496/18.828422117155963/19.794200525015253	aic 1/2/3/4 -219333.92669144925/-265599.0844283612/-272888.1206987615/-286849.90761272114	bic 1/2/3/4 -219196.15155649226/-265316.6454016994/-272461.0177803949/-286278.1408026497
[2022-05-01 20:56:26.421] [svc] [[37mtrace[m] Attempting to cluster into 2 clusters
[2022-05-01 20:56:26.520] [svc] [[37mtrace[m] Cluster 1 has 5250 cells
[2022-05-01 20:56:26.520] [svc] [[37mtrace[m] Cluster 2 has 2000 cells
[2022-05-01 20:56:26.520] [svc] [[37mtrace[m] Cluster 3 has 0 cells
[2022-05-01 20:56:26.520] [svc] [[37mtrace[m] Cluster 4 has 0 cells
[2022-05-01 20:56:26.651] [svc] [[32minfo[m] Skipping clustering refinement via expectation maximization...
[2022-05-01 20:56:26.658] [svc] [[32minfo[m] 

Performing clustering of sub-cluster A with 5250 elements
[2022-05-01 20:56:26.658] [svc] [[32minfo[m] Filtering significant positions...
[2022-05-01 20:56:29.226] [svc] [[37mtrace[m] Avg coverage for cluster A: 98.62459663933907. Total positions: 110633
[2022-05-01 20:56:29.433] [svc] [[32minfo[m] Computing similarity matrix...
Processed:
[2022-05-01 20:56:29.701]	  0.0%, 0/110633
[2022-05-01 20:56:50.154]	 10.0%, 11063/110633
[2022-05-01 20:57:12.426]	 20.0%, 22126/110633
[2022-05-01 20:57:32.525]	 30.0%, 33189/110633
[2022-05-01 20:57:51.268]	 40.0%, 44252/110633
[2022-05-01 20:58:09.622]	 50.0%, 55315/110633
[2022-05-01 20:58:28.165]	 60.0%, 66378/110633
[2022-05-01 20:58:49.730]	 70.0%, 77441/110633
[2022-05-01 20:59:10.091]	 80.0%, 88504/110633
[2022-05-01 20:59:26.993]	 90.0%, 99567/110633
[2022-05-01 20:59:41.841]	100.0%, 110630/110633
[2022-05-01 20:59:41.846]	100.0%, 110633/110633

[2022-05-01 20:59:41.923] [svc] [[37mtrace[m] Normalizing similarity matrix...
[2022-05-01 20:59:42.032] [svc] [[32minfo[m] Performing spectral clustering...
[2022-05-01 21:00:24.619] [svc] [[37mtrace[m] Avg log-likelihood for GMM 1/2/3/4 14.321161493997751/16.48829283396821/16.184013501122788/17.239502759484548	aic 1/2/3/4 -150332.1956869764/-173045.0747566662/-169808.14176178927/-180848.77897458777	bic 1/2/3/4 -150200.8760198647/-172775.8694390872/-169401.05079374296/-180303.80235607416
[2022-05-01 21:00:24.619] [svc] [[37mtrace[m] Attempting to cluster into 2 clusters
[2022-05-01 21:00:24.661] [svc] [[37mtrace[m] Cluster 1 has 3500 cells
[2022-05-01 21:00:24.661] [svc] [[37mtrace[m] Cluster 2 has 1750 cells
[2022-05-01 21:00:24.661] [svc] [[37mtrace[m] Cluster 3 has 0 cells
[2022-05-01 21:00:24.661] [svc] [[37mtrace[m] Cluster 4 has 0 cells
[2022-05-01 21:00:24.722] [svc] [[32minfo[m] Skipping clustering refinement via expectation maximization...
[2022-05-01 21:00:24.727] [svc] [[32minfo[m] 

Performing clustering of sub-cluster AA with 3500 elements
[2022-05-01 21:00:24.727] [svc] [[32minfo[m] Filtering significant positions...
[2022-05-01 21:00:27.770] [svc] [[37mtrace[m] Avg coverage for cluster AA: 83.7233060912275. Total positions: 124195
[2022-05-01 21:00:28.004] [svc] [[32minfo[m] Computing similarity matrix...
Processed:
[2022-05-01 21:00:28.151]	  0.0%, 0/124195
[2022-05-01 21:00:42.324]	 10.0%, 12419/124195
[2022-05-01 21:00:54.731]	 20.0%, 24838/124195
[2022-05-01 21:01:07.026]	 30.0%, 37257/124195
[2022-05-01 21:01:19.258]	 40.0%, 49676/124195
[2022-05-01 21:01:31.372]	 50.0%, 62095/124195
[2022-05-01 21:01:43.459]	 60.0%, 74514/124195
[2022-05-01 21:01:55.820]	 70.0%, 86933/124195
[2022-05-01 21:02:08.166]	 80.0%, 99352/124195
[2022-05-01 21:02:20.060]	 90.0%, 111771/124195
[2022-05-01 21:02:29.937]	100.0%, 124190/124195
[2022-05-01 21:02:29.939]	100.0%, 124195/124195

[2022-05-01 21:02:29.992] [svc] [[37mtrace[m] Normalizing similarity matrix...
[2022-05-01 21:02:30.047] [svc] [[32minfo[m] Performing spectral clustering...
[2022-05-01 21:02:41.746] [svc] [[37mtrace[m] Avg log-likelihood for GMM 1/2/3/4 13.306738447246413/14.580139923287318/14.777079524314642/14.777010978877364	aic 1/2/3/4 -93107.1691307249/-101978.97946301123/-103315.5566702025/-103273.07685214154	bic 1/2/3/4 -92983.95876577534/-101726.39821486465/-102933.6045388589/-102761.75383760092
[2022-05-01 21:02:41.746] [svc] [[37mtrace[m] Attempting to cluster into 2 clusters
[2022-05-01 21:02:41.780] [svc] [[37mtrace[m] Cluster 1 has 1500 cells
[2022-05-01 21:02:41.780] [svc] [[37mtrace[m] Cluster 2 has 2000 cells
[2022-05-01 21:02:41.780] [svc] [[37mtrace[m] Cluster 3 has 0 cells
[2022-05-01 21:02:41.780] [svc] [[37mtrace[m] Cluster 4 has 0 cells
[2022-05-01 21:02:41.814] [svc] [[32minfo[m] Skipping clustering refinement via expectation maximization...
[2022-05-01 21:02:41.818] [svc] [[32minfo[m] 

Performing clustering of sub-cluster AAA with 1500 elements
[2022-05-01 21:02:41.818] [svc] [[32minfo[m] Filtering significant positions...
[2022-05-01 21:02:43.870] [svc] [[37mtrace[m] Avg coverage for cluster AAA: 57.488428954904705. Total positions: 267478
[2022-05-01 21:02:44.344] [svc] [[32minfo[m] Computing similarity matrix...
Processed:
[2022-05-01 21:02:44.411]	  0.0%, 0/267478
[2022-05-01 21:02:52.595]	 10.0%, 26747/267478
[2022-05-01 21:03:00.479]	 20.0%, 53494/267478
[2022-05-01 21:03:07.718]	 30.0%, 80241/267478
[2022-05-01 21:03:14.843]	 40.0%, 106988/267478
[2022-05-01 21:03:21.983]	 50.0%, 133735/267478
[2022-05-01 21:03:29.123]	 60.0%, 160482/267478
[2022-05-01 21:03:36.101]	 70.0%, 187229/267478
[2022-05-01 21:03:43.303]	 80.0%, 213976/267478
[2022-05-01 21:03:50.344]	 90.0%, 240723/267478
[2022-05-01 21:03:57.072]	100.0%, 267470/267478
[2022-05-01 21:03:57.074]	100.0%, 267478/267478

[2022-05-01 21:03:57.109] [svc] [[37mtrace[m] Normalizing similarity matrix...
[2022-05-01 21:03:57.126] [svc] [[32minfo[m] Performing spectral clustering...
[2022-05-01 21:03:57.998] [svc] [[37mtrace[m] Avg log-likelihood for GMM 1/2/3/4 11.188446984425639/12.240374252546035/12.721752800324403/12.724781518142061	aic 1/2/3/4 -33525.340953276915/-36639.122757638106/-38041.25840097321/-38008.344554426185	bic 1/2/3/4 -33419.07654553511/-36421.280721767405/-37711.83873697361/-37567.34726229769
[2022-05-01 21:03:57.998] [svc] [[37mtrace[m] Attempting to cluster into 3 clusters
[2022-05-01 21:03:58.021] [svc] [[37mtrace[m] Cluster 1 has 500 cells
[2022-05-01 21:03:58.021] [svc] [[37mtrace[m] Cluster 2 has 502 cells
[2022-05-01 21:03:58.021] [svc] [[37mtrace[m] Cluster 3 has 498 cells
[2022-05-01 21:03:58.021] [svc] [[37mtrace[m] Cluster 4 has 0 cells
[2022-05-01 21:03:58.029] [svc] [[32minfo[m] Skipping clustering refinement via expectation maximization...
[2022-05-01 21:03:58.034] [svc] [[32minfo[m] 

Performing clustering of sub-cluster AAAA with 500 elements
[2022-05-01 21:03:58.034] [svc] [[32minfo[m] Filtering significant positions...
[2022-05-01 21:03:59.588] [svc] [[37mtrace[m] Avg coverage for cluster AAAA: 21.123015484080213. Total positions: 561157
[2022-05-01 21:04:00.462] [svc] [[32minfo[m] Computing similarity matrix...
Processed:
[2022-05-01 21:04:00.511]	  0.0%, 0/561157
[2022-05-01 21:04:02.647]	 10.0%, 56115/561157
[2022-05-01 21:04:04.680]	 20.0%, 112230/561157
[2022-05-01 21:04:06.711]	 30.0%, 168345/561157
[2022-05-01 21:04:08.728]	 40.0%, 224460/561157
[2022-05-01 21:04:10.807]	 50.0%, 280575/561157
[2022-05-01 21:04:12.932]	 60.0%, 336690/561157
[2022-05-01 21:04:15.093]	 70.0%, 392805/561157
[2022-05-01 21:04:17.195]	 80.0%, 448920/561157
[2022-05-01 21:04:19.295]	 90.0%, 505035/561157
[2022-05-01 21:04:21.372]	100.0%, 561150/561157
[2022-05-01 21:04:21.372]	100.0%, 561157/561157

[2022-05-01 21:04:21.401] [svc] [[37mtrace[m] Normalizing similarity matrix...
[2022-05-01 21:04:21.411] [svc] [[32minfo[m] Performing spectral clustering...
[2022-05-01 21:04:21.475] [svc] [[37mtrace[m] Avg log-likelihood for GMM 1/2/3/4 8.44182843947929/8.45497237062542/8.474661794497685/8.50610869242085	aic 1/2/3/4 -8401.82843947929/-8372.972370625419/-8350.661794497684/-8340.10869242085	bic 1/2/3/4 -8317.536277510846/-8200.173438590109/-8089.356092395508/-7990.296220251808
[2022-05-01 21:04:21.475] [svc] [[37mtrace[m] Attempting to cluster into 2 clusters
[2022-05-01 21:04:21.482] [svc] [[37mtrace[m] Simple Gaussian Model matches data better - stopping the clustering
[2022-05-01 21:04:21.563] [svc] [[32minfo[m] 

Performing clustering of sub-cluster AAAB with 502 elements
[2022-05-01 21:04:21.563] [svc] [[32minfo[m] Filtering significant positions...
[2022-05-01 21:04:23.222] [svc] [[37mtrace[m] Avg coverage for cluster AAAB: 21.179590267283086. Total positions: 559145
[2022-05-01 21:04:24.182] [svc] [[32minfo[m] Computing similarity matrix...
Processed:
[2022-05-01 21:04:24.231]	  0.0%, 0/559145
[2022-05-01 21:04:26.400]	 10.0%, 55914/559145
[2022-05-01 21:04:28.507]	 20.0%, 111828/559145
[2022-05-01 21:04:30.588]	 30.0%, 167742/559145
[2022-05-01 21:04:32.676]	 40.0%, 223656/559145
[2022-05-01 21:04:34.783]	 50.0%, 279570/559145
[2022-05-01 21:04:36.859]	 60.0%, 335484/559145
[2022-05-01 21:04:39.053]	 70.0%, 391398/559145
[2022-05-01 21:04:41.275]	 80.0%, 447312/559145
[2022-05-01 21:04:43.376]	 90.0%, 503226/559145
[2022-05-01 21:04:45.463]	100.0%, 559140/559145
[2022-05-01 21:04:45.463]	100.0%, 559145/559145

[2022-05-01 21:04:45.490] [svc] [[37mtrace[m] Normalizing similarity matrix...
[2022-05-01 21:04:45.500] [svc] [[32minfo[m] Performing spectral clustering...
[2022-05-01 21:04:45.573] [svc] [[37mtrace[m] Avg log-likelihood for GMM 1/2/3/4 8.451808763711467/8.4723797344481/8.486101793035616/8.509312288194467	aic 1/2/3/4 -8445.615998766312/-8424.269253385894/-8396.046200207758/-8377.349537347245	bic 1/2/3/4 -8361.243996372477/-8251.306648478532/-8134.492992786872/-8027.205727412832
[2022-05-01 21:04:45.573] [svc] [[37mtrace[m] Attempting to cluster into 2 clusters
[2022-05-01 21:04:45.587] [svc] [[37mtrace[m] Simple Gaussian Model matches data better - stopping the clustering
[2022-05-01 21:04:45.723] [svc] [[32minfo[m] 

Performing clustering of sub-cluster AAAC with 498 elements
[2022-05-01 21:04:45.723] [svc] [[32minfo[m] Filtering significant positions...
[2022-05-01 21:04:47.330] [svc] [[37mtrace[m] Avg coverage for cluster AAAC: 21.044561512020163. Total positions: 562638
[2022-05-01 21:04:48.229] [svc] [[32minfo[m] Computing similarity matrix...
Processed:
[2022-05-01 21:04:48.281]	  0.0%, 0/562638
[2022-05-01 21:04:50.392]	 10.0%, 56263/562638
[2022-05-01 21:04:52.460]	 20.0%, 112526/562638
[2022-05-01 21:04:54.548]	 30.0%, 168789/562638
[2022-05-01 21:04:56.621]	 40.0%, 225052/562638
[2022-05-01 21:04:58.689]	 50.0%, 281315/562638
[2022-05-01 21:05:00.720]	 60.0%, 337578/562638
[2022-05-01 21:05:02.757]	 70.0%, 393841/562638
[2022-05-01 21:05:04.842]	 80.0%, 450104/562638
[2022-05-01 21:05:06.981]	 90.0%, 506367/562638
[2022-05-01 21:05:09.105]	100.0%, 562630/562638
[2022-05-01 21:05:09.105]	100.0%, 562638/562638

[2022-05-01 21:05:09.133] [svc] [[37mtrace[m] Normalizing similarity matrix...
[2022-05-01 21:05:09.143] [svc] [[32minfo[m] Performing spectral clustering...
[2022-05-01 21:05:09.210] [svc] [[37mtrace[m] Avg log-likelihood for GMM 1/2/3/4 8.431809315782147/8.452979819116281/8.479531876593425/8.490719564558214	aic 1/2/3/4 -8358.082078519017/-8337.167899839817/-8321.613749087051/-8290.756686299981	bic 1/2/3/4 -8273.870076978525/-8164.533296681806/-8060.556544311523/-7941.2768799069345
[2022-05-01 21:05:09.210] [svc] [[37mtrace[m] Attempting to cluster into 2 clusters
[2022-05-01 21:05:09.220] [svc] [[37mtrace[m] Simple Gaussian Model matches data better - stopping the clustering
[2022-05-01 21:05:09.361] [svc] [[32minfo[m] 

Performing clustering of sub-cluster AAB with 2000 elements
[2022-05-01 21:05:09.361] [svc] [[32minfo[m] Filtering significant positions...
[2022-05-01 21:05:11.432] [svc] [[37mtrace[m] Avg coverage for cluster AAB: 70.14318949533944. Total positions: 196865
[2022-05-01 21:05:11.798] [svc] [[32minfo[m] Computing similarity matrix...
Processed:
[2022-05-01 21:05:11.879]	  0.0%, 0/196865
[2022-05-01 21:05:21.766]	 10.0%, 19686/196865
[2022-05-01 21:05:31.789]	 20.0%, 39372/196865
[2022-05-01 21:05:41.551]	 30.0%, 59058/196865
[2022-05-01 21:05:51.467]	 40.0%, 78744/196865
[2022-05-01 21:06:01.289]	 50.0%, 98430/196865
[2022-05-01 21:06:11.493]	 60.0%, 118116/196865
[2022-05-01 21:06:21.293]	 70.0%, 137802/196865
[2022-05-01 21:06:31.310]	 80.0%, 157488/196865
[2022-05-01 21:06:41.195]	 90.0%, 177174/196865
[2022-05-01 21:06:50.600]	100.0%, 196860/196865
[2022-05-01 21:06:50.601]	100.0%, 196865/196865

[2022-05-01 21:06:50.644] [svc] [[37mtrace[m] Normalizing similarity matrix...
[2022-05-01 21:06:50.673] [svc] [[32minfo[m] Performing spectral clustering...
[2022-05-01 21:06:52.657] [svc] [[37mtrace[m] Avg log-likelihood for GMM 1/2/3/4 11.907570190524428/11.909355523087726/11.916384085429906/12.12916292989193	aic 1/2/3/4 -47590.28076209771/-47555.422092350906/-47541.53634171962/-48350.651719567715	bic 1/2/3/4 -47478.26271290687/-47325.78509150968/-47194.28038922801/-47885.77681542572
[2022-05-01 21:06:52.657] [svc] [[37mtrace[m] Attempting to cluster into 2 clusters
[2022-05-01 21:06:52.710] [svc] [[37mtrace[m] Cluster 1 has 1000 cells
[2022-05-01 21:06:52.710] [svc] [[37mtrace[m] Cluster 2 has 1000 cells
[2022-05-01 21:06:52.710] [svc] [[37mtrace[m] Cluster 3 has 0 cells
[2022-05-01 21:06:52.710] [svc] [[37mtrace[m] Cluster 4 has 0 cells
[2022-05-01 21:06:52.728] [svc] [[32minfo[m] Skipping clustering refinement via expectation maximization...
[2022-05-01 21:06:52.736] [svc] [[32minfo[m] 

Performing clustering of sub-cluster AABA with 1000 elements
[2022-05-01 21:06:52.736] [svc] [[32minfo[m] Filtering significant positions...
[2022-05-01 21:06:54.588] [svc] [[37mtrace[m] Avg coverage for cluster AABA: 39.82879875050679. Total positions: 367509
[2022-05-01 21:06:55.189] [svc] [[32minfo[m] Computing similarity matrix...
Processed:
[2022-05-01 21:06:55.244]	  0.0%, 0/367509
[2022-05-01 21:06:59.131]	 10.0%, 36750/367509
[2022-05-01 21:07:03.042]	 20.0%, 73500/367509
[2022-05-01 21:07:06.896]	 30.0%, 110250/367509
[2022-05-01 21:07:10.707]	 40.0%, 147000/367509
[2022-05-01 21:07:14.501]	 50.0%, 183750/367509
[2022-05-01 21:07:18.355]	 60.0%, 220500/367509
[2022-05-01 21:07:22.233]	 70.0%, 257250/367509
[2022-05-01 21:07:26.110]	 80.0%, 294000/367509
[2022-05-01 21:07:30.050]	 90.0%, 330750/367509
[2022-05-01 21:07:33.928]	100.0%, 367500/367509
[2022-05-01 21:07:33.928]	100.0%, 367509/367509

[2022-05-01 21:07:33.959] [svc] [[37mtrace[m] Normalizing similarity matrix...
[2022-05-01 21:07:33.969] [svc] [[32minfo[m] Performing spectral clustering...
[2022-05-01 21:07:34.274] [svc] [[37mtrace[m] Avg log-likelihood for GMM 1/2/3/4 10.174695616962982/10.189358214488083/10.192210572415966/10.209540840655164	aic 1/2/3/4 -20309.391233925962/-20296.716428976164/-20260.421144831933/-20253.081681310327	bic 1/2/3/4 -20211.236128346318/-20095.498462537897/-19956.14031753504/-19845.73799315481
[2022-05-01 21:07:34.274] [svc] [[37mtrace[m] Attempting to cluster into 2 clusters
[2022-05-01 21:07:34.294] [svc] [[37mtrace[m] Simple Gaussian Model matches data better - stopping the clustering
[2022-05-01 21:07:34.364] [svc] [[32minfo[m] 

Performing clustering of sub-cluster AABB with 1000 elements
[2022-05-01 21:07:34.364] [svc] [[32minfo[m] Filtering significant positions...
[2022-05-01 21:07:36.170] [svc] [[37mtrace[m] Avg coverage for cluster AABB: 39.92360308995437. Total positions: 366219
[2022-05-01 21:07:36.782] [svc] [[32minfo[m] Computing similarity matrix...
Processed:
[2022-05-01 21:07:36.838]	  0.0%, 0/366219
[2022-05-01 21:07:40.642]	 10.0%, 36621/366219
[2022-05-01 21:07:44.495]	 20.0%, 73242/366219
[2022-05-01 21:07:48.344]	 30.0%, 109863/366219
[2022-05-01 21:07:52.178]	 40.0%, 146484/366219
[2022-05-01 21:07:56.007]	 50.0%, 183105/366219
[2022-05-01 21:07:59.862]	 60.0%, 219726/366219
[2022-05-01 21:08:03.682]	 70.0%, 256347/366219
[2022-05-01 21:08:07.498]	 80.0%, 292968/366219
[2022-05-01 21:08:11.372]	 90.0%, 329589/366219
[2022-05-01 21:08:15.137]	100.0%, 366210/366219
[2022-05-01 21:08:15.138]	100.0%, 366219/366219

[2022-05-01 21:08:15.167] [svc] [[37mtrace[m] Normalizing similarity matrix...
[2022-05-01 21:08:15.177] [svc] [[32minfo[m] Performing spectral clustering...
[2022-05-01 21:08:15.490] [svc] [[37mtrace[m] Avg log-likelihood for GMM 1/2/3/4 10.174696314984839/10.18180179505669/10.19485701970056/10.198683219080365	aic 1/2/3/4 -20309.39262996968/-20281.60359011338/-20265.71403940112/-20231.36643816073	bic 1/2/3/4 -20211.237524390035/-20080.385623675113/-19961.433212104224/-19824.022750005213
[2022-05-01 21:08:15.490] [svc] [[37mtrace[m] Attempting to cluster into 2 clusters
[2022-05-01 21:08:15.513] [svc] [[37mtrace[m] Simple Gaussian Model matches data better - stopping the clustering
[2022-05-01 21:08:15.684] [svc] [[32minfo[m] 

Performing clustering of sub-cluster AB with 1750 elements
[2022-05-01 21:08:15.684] [svc] [[32minfo[m] Filtering significant positions...
[2022-05-01 21:08:17.720] [svc] [[37mtrace[m] Avg coverage for cluster AB: 64.79095102054865. Total positions: 232424
[2022-05-01 21:08:18.152] [svc] [[32minfo[m] Computing similarity matrix...
Processed:
[2022-05-01 21:08:18.224]	  0.0%, 0/232424
[2022-05-01 21:08:27.402]	 10.0%, 23242/232424
[2022-05-01 21:08:36.684]	 20.0%, 46484/232424
[2022-05-01 21:08:45.840]	 30.0%, 69726/232424
[2022-05-01 21:08:55.046]	 40.0%, 92968/232424
[2022-05-01 21:09:04.118]	 50.0%, 116210/232424
[2022-05-01 21:09:13.482]	 60.0%, 139452/232424
[2022-05-01 21:09:22.509]	 70.0%, 162694/232424
[2022-05-01 21:09:31.734]	 80.0%, 185936/232424
[2022-05-01 21:09:40.944]	 90.0%, 209178/232424
[2022-05-01 21:09:49.606]	100.0%, 232420/232424
[2022-05-01 21:09:49.607]	100.0%, 232424/232424

[2022-05-01 21:09:49.644] [svc] [[37mtrace[m] Normalizing similarity matrix...
[2022-05-01 21:09:49.660] [svc] [[32minfo[m] Performing spectral clustering...
[2022-05-01 21:09:50.998] [svc] [[37mtrace[m] Avg log-likelihood for GMM 1/2/3/4 11.573868850037579/12.465552643460901/13.054937875756599/13.060971485419396	aic 1/2/3/4 -40468.540975131524/-43547.434252113155/-45568.282565148096/-45547.40019896789	bic 1/2/3/4 -40359.19355379317/-43323.272038369534/-45229.30555899921/-45093.60840041373
[2022-05-01 21:09:50.998] [svc] [[37mtrace[m] Attempting to cluster into 3 clusters
[2022-05-01 21:09:51.025] [svc] [[37mtrace[m] Cluster 1 has 500 cells
[2022-05-01 21:09:51.025] [svc] [[37mtrace[m] Cluster 2 has 749 cells
[2022-05-01 21:09:51.025] [svc] [[37mtrace[m] Cluster 3 has 501 cells
[2022-05-01 21:09:51.025] [svc] [[37mtrace[m] Cluster 4 has 0 cells
[2022-05-01 21:09:51.030] [svc] [[32minfo[m] Skipping clustering refinement via expectation maximization...
[2022-05-01 21:09:51.034] [svc] [[32minfo[m] 

Performing clustering of sub-cluster ABA with 500 elements
[2022-05-01 21:09:51.034] [svc] [[32minfo[m] Filtering significant positions...
[2022-05-01 21:09:52.613] [svc] [[37mtrace[m] Avg coverage for cluster ABA: 21.12239813030052. Total positions: 556667
[2022-05-01 21:09:53.512] [svc] [[32minfo[m] Computing similarity matrix...
Processed:
[2022-05-01 21:09:53.561]	  0.0%, 0/556667
[2022-05-01 21:09:55.621]	 10.0%, 55666/556667
[2022-05-01 21:09:57.651]	 20.0%, 111332/556667
[2022-05-01 21:09:59.656]	 30.0%, 166998/556667
[2022-05-01 21:10:01.715]	 40.0%, 222664/556667
[2022-05-01 21:10:03.726]	 50.0%, 278330/556667
[2022-05-01 21:10:05.747]	 60.0%, 333996/556667
[2022-05-01 21:10:07.755]	 70.0%, 389662/556667
[2022-05-01 21:10:09.791]	 80.0%, 445328/556667
[2022-05-01 21:10:11.790]	 90.0%, 500994/556667
[2022-05-01 21:10:13.803]	100.0%, 556660/556667
[2022-05-01 21:10:13.804]	100.0%, 556667/556667

[2022-05-01 21:10:13.816] [svc] [[37mtrace[m] Normalizing similarity matrix...
[2022-05-01 21:10:13.824] [svc] [[32minfo[m] Performing spectral clustering...
[2022-05-01 21:10:13.890] [svc] [[37mtrace[m] Avg log-likelihood for GMM 1/2/3/4 8.441829209948894/8.453099662654635/8.476024461208132/8.497655225156457	aic 1/2/3/4 -8401.829209948894/-8371.099662654635/-8352.024461208131/-8331.655225156457	bic 1/2/3/4 -8317.53704798045/-8198.300730619325/-8090.7187591059555/-7981.842752987415
[2022-05-01 21:10:13.890] [svc] [[37mtrace[m] Attempting to cluster into 2 clusters
[2022-05-01 21:10:13.900] [svc] [[37mtrace[m] Simple Gaussian Model matches data better - stopping the clustering
[2022-05-01 21:10:13.953] [svc] [[32minfo[m] 

Performing clustering of sub-cluster ABB with 749 elements
[2022-05-01 21:10:13.953] [svc] [[32minfo[m] Filtering significant positions...
[2022-05-01 21:10:15.562] [svc] [[37mtrace[m] Avg coverage for cluster ABB: 30.391933142522127. Total positions: 462237
[2022-05-01 21:10:16.288] [svc] [[32minfo[m] Computing similarity matrix...
Processed:
[2022-05-01 21:10:16.339]	  0.0%, 0/462237
[2022-05-01 21:10:19.353]	 10.0%, 46223/462237
[2022-05-01 21:10:22.367]	 20.0%, 92446/462237
[2022-05-01 21:10:25.400]	 30.0%, 138669/462237
[2022-05-01 21:10:28.493]	 40.0%, 184892/462237
[2022-05-01 21:10:31.483]	 50.0%, 231115/462237
[2022-05-01 21:10:34.508]	 60.0%, 277338/462237
[2022-05-01 21:10:37.503]	 70.0%, 323561/462237
[2022-05-01 21:10:40.513]	 80.0%, 369784/462237
[2022-05-01 21:10:43.544]	 90.0%, 416007/462237
[2022-05-01 21:10:46.522]	100.0%, 462230/462237
[2022-05-01 21:10:46.522]	100.0%, 462237/462237

[2022-05-01 21:10:46.552] [svc] [[37mtrace[m] Normalizing similarity matrix...
[2022-05-01 21:10:46.562] [svc] [[32minfo[m] Performing spectral clustering...
[2022-05-01 21:10:46.719] [svc] [[37mtrace[m] Avg log-likelihood for GMM 1/2/3/4 9.45215526588559/9.459095059811194/9.480220584696108/9.481999951176048	aic 1/2/3/4 -14119.328588296614/-14087.724399597168/-14077.37043587477/-14038.03592686172	bic 1/2/3/4 -14026.95380862627/-13898.356101272962/-13791.008618896702/-13654.68059122979
[2022-05-01 21:10:46.719] [svc] [[37mtrace[m] Attempting to cluster into 2 clusters
[2022-05-01 21:10:46.735] [svc] [[37mtrace[m] Simple Gaussian Model matches data better - stopping the clustering
[2022-05-01 21:10:46.806] [svc] [[32minfo[m] 

Performing clustering of sub-cluster ABC with 501 elements
[2022-05-01 21:10:46.806] [svc] [[32minfo[m] Filtering significant positions...
[2022-05-01 21:10:48.325] [svc] [[37mtrace[m] Avg coverage for cluster ABC: 21.143340957468858. Total positions: 554817
[2022-05-01 21:10:49.169] [svc] [[32minfo[m] Computing similarity matrix...
Processed:
[2022-05-01 21:10:49.218]	  0.0%, 0/554817
[2022-05-01 21:10:51.299]	 10.0%, 55481/554817
[2022-05-01 21:10:53.357]	 20.0%, 110962/554817
[2022-05-01 21:10:55.384]	 30.0%, 166443/554817
[2022-05-01 21:10:57.413]	 40.0%, 221924/554817
[2022-05-01 21:10:59.402]	 50.0%, 277405/554817
[2022-05-01 21:11:01.437]	 60.0%, 332886/554817
[2022-05-01 21:11:03.479]	 70.0%, 388367/554817
[2022-05-01 21:11:05.534]	 80.0%, 443848/554817
[2022-05-01 21:11:07.540]	 90.0%, 499329/554817
[2022-05-01 21:11:09.565]	100.0%, 554810/554817
[2022-05-01 21:11:09.565]	100.0%, 554817/554817

[2022-05-01 21:11:09.597] [svc] [[37mtrace[m] Normalizing similarity matrix...
[2022-05-01 21:11:09.606] [svc] [[32minfo[m] Performing spectral clustering...
[2022-05-01 21:11:09.676] [svc] [[37mtrace[m] Avg log-likelihood for GMM 1/2/3/4 8.446823789873646/8.47498842158735/8.497831186651728/8.50247734030313	aic 1/2/3/4 -8423.717437453393/-8409.938398430524/-8390.826849025032/-8353.482294983736	bic 1/2/3/4 -8339.385315431697/-8237.057548286044/-8129.3972707577705/-8003.503988593692
[2022-05-01 21:11:09.676] [svc] [[37mtrace[m] Attempting to cluster into 2 clusters
[2022-05-01 21:11:09.688] [svc] [[37mtrace[m] Simple Gaussian Model matches data better - stopping the clustering
[2022-05-01 21:11:09.889] [svc] [[32minfo[m] 

Performing clustering of sub-cluster B with 2000 elements
[2022-05-01 21:11:09.889] [svc] [[32minfo[m] Filtering significant positions...
[2022-05-01 21:11:11.821] [svc] [[37mtrace[m] Avg coverage for cluster B: 69.77695163365605. Total positions: 189636
[2022-05-01 21:11:12.155] [svc] [[32minfo[m] Computing similarity matrix...
Processed:
[2022-05-01 21:11:12.236]	  0.0%, 0/189636
[2022-05-01 21:11:22.138]	 10.0%, 18963/189636
[2022-05-01 21:11:32.086]	 20.0%, 37926/189636
[2022-05-01 21:11:42.036]	 30.0%, 56889/189636
[2022-05-01 21:11:51.919]	 40.0%, 75852/189636
[2022-05-01 21:12:01.862]	 50.0%, 94815/189636
[2022-05-01 21:12:11.860]	 60.0%, 113778/189636
[2022-05-01 21:12:21.734]	 70.0%, 132741/189636
[2022-05-01 21:12:31.724]	 80.0%, 151704/189636
[2022-05-01 21:12:41.633]	 90.0%, 170667/189636
[2022-05-01 21:12:50.944]	100.0%, 189630/189636
[2022-05-01 21:12:50.944]	100.0%, 189636/189636

[2022-05-01 21:12:50.977] [svc] [[37mtrace[m] Normalizing similarity matrix...
[2022-05-01 21:12:50.996] [svc] [[32minfo[m] Performing spectral clustering...
[2022-05-01 21:12:53.069] [svc] [[37mtrace[m] Avg log-likelihood for GMM 1/2/3/4 11.907563730387698/11.909438035771599/11.92012836315403/11.919020122289066	aic 1/2/3/4 -47590.2549215508/-47555.75214308639/-47556.51345261612/-47510.080489156266	bic 1/2/3/4 -47478.23687235996/-47326.115142245166/-47209.25750012451/-47045.20558501427
[2022-05-01 21:12:53.069] [svc] [[37mtrace[m] Attempting to cluster into 2 clusters
[2022-05-01 21:12:53.116] [svc] [[37mtrace[m] Simple Gaussian Model matches data better - stopping the clustering
[2022-05-01 21:12:53.341] [svc] [[32minfo[m] Performing variant calling against /cluster/work/grlab/projects/projects2019-secedo/datasets/varsim/genomes/healthy.fa
[2022-05-01 21:12:56.008] [svc] [[37mtrace[m] Reading chromosome: 1_maternal (first allele)
[2022-05-01 21:12:57.685] [svc] [[37mtrace[m] Reading chromosome: >1_paternal (second allele)
[2022-05-01 21:12:59.475] [svc] [[37mtrace[m] Calling variants on chromosome 1
[2022-05-01 21:13:00.590] [svc] [[37mtrace[m] Reading chromosome: 2_maternal (first allele)
[2022-05-01 21:13:01.902] [svc] [[37mtrace[m] Reading chromosome: >2_paternal (second allele)
[2022-05-01 21:13:03.622] [svc] [[37mtrace[m] Calling variants on chromosome 2
[2022-05-01 21:13:04.798] [svc] [[37mtrace[m] Reading chromosome: 3_maternal (first allele)
[2022-05-01 21:13:05.843] [svc] [[37mtrace[m] Reading chromosome: >3_paternal (second allele)
[2022-05-01 21:13:07.130] [svc] [[37mtrace[m] Calling variants on chromosome 3
[2022-05-01 21:13:08.187] [svc] [[37mtrace[m] Reading chromosome: 4_maternal (first allele)
[2022-05-01 21:13:09.210] [svc] [[37mtrace[m] Reading chromosome: >4_paternal (second allele)
[2022-05-01 21:13:10.476] [svc] [[37mtrace[m] Calling variants on chromosome 4
[2022-05-01 21:13:11.667] [svc] [[37mtrace[m] Reading chromosome: 5_maternal (first allele)
[2022-05-01 21:13:12.610] [svc] [[37mtrace[m] Reading chromosome: >5_paternal (second allele)
[2022-05-01 21:13:13.852] [svc] [[37mtrace[m] Calling variants on chromosome 5
[2022-05-01 21:13:14.764] [svc] [[37mtrace[m] Reading chromosome: 6_maternal (first allele)
[2022-05-01 21:13:15.660] [svc] [[37mtrace[m] Reading chromosome: >6_paternal (second allele)
[2022-05-01 21:13:16.785] [svc] [[37mtrace[m] Calling variants on chromosome 6
[2022-05-01 21:13:17.655] [svc] [[37mtrace[m] Reading chromosome: 7_maternal (first allele)
[2022-05-01 21:13:18.480] [svc] [[37mtrace[m] Reading chromosome: >7_paternal (second allele)
[2022-05-01 21:13:19.536] [svc] [[37mtrace[m] Calling variants on chromosome 7
[2022-05-01 21:13:20.341] [svc] [[37mtrace[m] Reading chromosome: 8_maternal (first allele)
[2022-05-01 21:13:21.110] [svc] [[37mtrace[m] Reading chromosome: >8_paternal (second allele)
[2022-05-01 21:13:22.064] [svc] [[37mtrace[m] Calling variants on chromosome 8
[2022-05-01 21:13:22.814] [svc] [[37mtrace[m] Reading chromosome: 9_maternal (first allele)
[2022-05-01 21:13:23.518] [svc] [[37mtrace[m] Reading chromosome: >9_paternal (second allele)
[2022-05-01 21:13:24.422] [svc] [[37mtrace[m] Calling variants on chromosome 9
[2022-05-01 21:13:25.028] [svc] [[37mtrace[m] Reading chromosome: 10_maternal (first allele)
[2022-05-01 21:13:25.709] [svc] [[37mtrace[m] Reading chromosome: >10_paternal (second allele)
[2022-05-01 21:13:26.581] [svc] [[37mtrace[m] Calling variants on chromosome 10
[2022-05-01 21:13:27.319] [svc] [[37mtrace[m] Reading chromosome: 11_maternal (first allele)
[2022-05-01 21:13:28.043] [svc] [[37mtrace[m] Reading chromosome: >11_paternal (second allele)
[2022-05-01 21:13:28.932] [svc] [[37mtrace[m] Calling variants on chromosome 11
[2022-05-01 21:13:29.606] [svc] [[37mtrace[m] Reading chromosome: 12_maternal (first allele)
[2022-05-01 21:13:30.287] [svc] [[37mtrace[m] Reading chromosome: >12_paternal (second allele)
[2022-05-01 21:13:31.150] [svc] [[37mtrace[m] Calling variants on chromosome 12
[2022-05-01 21:13:31.820] [svc] [[37mtrace[m] Reading chromosome: 13_maternal (first allele)
[2022-05-01 21:13:32.403] [svc] [[37mtrace[m] Reading chromosome: >13_paternal (second allele)
[2022-05-01 21:13:33.152] [svc] [[37mtrace[m] Calling variants on chromosome 13
[2022-05-01 21:13:33.664] [svc] [[37mtrace[m] Reading chromosome: 14_maternal (first allele)
[2022-05-01 21:13:34.226] [svc] [[37mtrace[m] Reading chromosome: >14_paternal (second allele)
[2022-05-01 21:13:34.915] [svc] [[37mtrace[m] Calling variants on chromosome 14
[2022-05-01 21:13:35.381] [svc] [[37mtrace[m] Reading chromosome: 15_maternal (first allele)
[2022-05-01 21:13:35.900] [svc] [[37mtrace[m] Reading chromosome: >15_paternal (second allele)
[2022-05-01 21:13:36.568] [svc] [[37mtrace[m] Calling variants on chromosome 15
[2022-05-01 21:13:36.965] [svc] [[37mtrace[m] Reading chromosome: 16_maternal (first allele)
[2022-05-01 21:13:37.426] [svc] [[37mtrace[m] Reading chromosome: >16_paternal (second allele)
[2022-05-01 21:13:38.025] [svc] [[37mtrace[m] Calling variants on chromosome 16
[2022-05-01 21:13:38.447] [svc] [[37mtrace[m] Reading chromosome: 17_maternal (first allele)
[2022-05-01 21:13:38.886] [svc] [[37mtrace[m] Reading chromosome: >17_paternal (second allele)
[2022-05-01 21:13:39.434] [svc] [[37mtrace[m] Calling variants on chromosome 17
[2022-05-01 21:13:39.815] [svc] [[37mtrace[m] Reading chromosome: 18_maternal (first allele)
[2022-05-01 21:13:40.223] [svc] [[37mtrace[m] Reading chromosome: >18_paternal (second allele)
[2022-05-01 21:13:40.742] [svc] [[37mtrace[m] Calling variants on chromosome 18
[2022-05-01 21:13:41.140] [svc] [[37mtrace[m] Reading chromosome: 19_maternal (first allele)
[2022-05-01 21:13:41.456] [svc] [[37mtrace[m] Reading chromosome: >19_paternal (second allele)
[2022-05-01 21:13:41.833] [svc] [[37mtrace[m] Calling variants on chromosome 19
[2022-05-01 21:13:42.150] [svc] [[37mtrace[m] Reading chromosome: 20_maternal (first allele)
[2022-05-01 21:13:42.482] [svc] [[37mtrace[m] Reading chromosome: >20_paternal (second allele)
[2022-05-01 21:13:42.896] [svc] [[37mtrace[m] Calling variants on chromosome 20
[2022-05-01 21:13:43.217] [svc] [[37mtrace[m] Reading chromosome: 21_maternal (first allele)
[2022-05-01 21:13:43.456] [svc] [[37mtrace[m] Reading chromosome: >21_paternal (second allele)
[2022-05-01 21:13:43.757] [svc] [[37mtrace[m] Calling variants on chromosome 21
[2022-05-01 21:13:43.943] [svc] [[37mtrace[m] Reading chromosome: 22_maternal (first allele)
[2022-05-01 21:13:44.208] [svc] [[37mtrace[m] Reading chromosome: >22_paternal (second allele)
[2022-05-01 21:13:44.533] [svc] [[37mtrace[m] Calling variants on chromosome 22
[2022-05-01 21:13:44.718] [svc] [[37mtrace[m] Reading chromosome: X_maternal (first allele)
[2022-05-01 21:13:45.544] [svc] [[32minfo[m] Male genome detected; Simulating homozygous X
[2022-05-01 21:13:45.700] [svc] [[37mtrace[m] Calling variants on chromosome 23
[2022-05-01 21:13:45.794] [svc] [[37mtrace[m] Reading chromosome: Y_paternal (first allele)
[2022-05-01 21:13:46.079] [svc] [[32minfo[m] Simulating homozygous >Y_paternal
[2022-05-01 21:13:46.136] [svc] [[37mtrace[m] Calling variants on chromosome 24
[2022-05-01 21:13:46.215] [svc] [[32minfo[m] Done.
20185.03user 175.46system 27:42.94elapsed 1224%CPU (0avgtext+0avgdata 10244056maxresident)k
7160632inputs+209976outputs (14major+47434936minor)pagefaults 0swaps
