Sender: LSF System <lsfadmin@le-amd-fp-004>
Subject: Job 4508302: <secedo> in cluster <ethsec> Done

Job <secedo> was submitted from host <ethsec-login-02> by user <ddanciu> in cluster <ethsec> at Sun May  1 23:13:34 2022
Job was executed on host(s) <20*le-amd-fp-004>, in queue <normal.4h>, as user <ddanciu> in cluster <ethsec> at Sun May  1 23:13:40 2022
</cluster/home/ddanciu> was used as the home directory.
</cluster/home/ddanciu/somatic_variant_calling/secedo-evaluation/varsim> was used as the working directory.
Started at Sun May  1 23:13:40 2022
Terminated at Sun May  1 23:25:14 2022
Results reported at Sun May  1 23:25:14 2022

Your job looked like:

------------------------------------------------------------
# LSBATCH: User input
/usr/bin/time /cluster/work/grlab/projects/projects2019-secedo/code/build/secedo -i /cluster/work/grlab/projects/projects2019-secedo/datasets/varsim/big/pileups/ -o /cluster/work/grlab/projects/projects2019-secedo/datasets/varsim/big/h0.3_theta0.01_epsilon0.1/ --num_threads 20 --log_level=trace              --flagfile /cluster/work/grlab/projects/projects2019-secedo/code/flags_sim              --homozygous_filtered_rate=0.3              --seq_error_rate=0.01              --mutation_rate=0.1              --reference_genome=/cluster/work/grlab/projects/projects2019-secedo/datasets/varsim/genomes/healthy.fa              --map_file=/cluster/work/grlab/projects/projects2019-secedo/datasets/varsim/genomes/healthy.map              --clustering_type SPECTRAL6 --merge_count 1 --max_coverage 1000 | tee /cluster/work/grlab/projects/projects2019-secedo/datasets/varsim/big/h0.3_theta0.01_epsilon0.1//secedo.log
------------------------------------------------------------

Successfully completed.

Resource usage summary:

    CPU time :                                   9873.60 sec.
    Max Memory :                                 10450 MB
    Average Memory :                             8764.08 MB
    Total Requested Memory :                     100000.00 MB
    Delta Memory :                               89550.00 MB
    Max Swap :                                   -
    Max Processes :                              6
    Max Threads :                                26
    Run time :                                   693 sec.
    Turnaround time :                            700 sec.

The output (if any) follows:

[2022-05-01 23:13:42.091] [secedo] [[32minfo[m] Looking for binary pileup files in "/cluster/work/grlab/projects/projects2019-secedo/datasets/varsim/big/pileups/"
[2022-05-01 23:13:42.096] [secedo] [[32minfo[m] Found 23 binary pileup files: "/cluster/work/grlab/projects/projects2019-secedo/datasets/varsim/big/pileups/chromosome_7.pileup.bin","/cluster/work/grlab/projects/projects2019-secedo/datasets/varsim/big/pileups/chromosome_20.pileup.bin","/cluster/work/grlab/projects/projects2019-secedo/datasets/varsim/big/pileups/chromosome_5.pileup.bin","/cluster/work/grlab/projects/projects2019-secedo/datasets/varsim/big/pileups/chromosome_17.pileup.bin","/cluster/work/grlab/projects/projects2019-secedo/datasets/varsim/big/pileups/chromosome_3.pileup.bin","/cluster/work/grlab/projects/projects2019-secedo/datasets/varsim/big/pileups/chromosome_10.pileup.bin","/cluster/work/grlab/projects/projects2019-secedo/datasets/varsim/big/pileups/chromosome_13.pileup.bin","/cluster/work/grlab/projects/projects2019-secedo/datasets/varsim/big/pileups/chromosome_1.pileup.bin","/cluster/work/grlab/projects/projects2019-secedo/datasets/varsim/big/pileups/chromosome_16.pileup.bin","/cluster/work/grlab/projects/projects2019-secedo/datasets/varsim/big/pileups/chromosome_15.pileup.bin","/cluster/work/grlab/projects/projects2019-secedo/datasets/varsim/big/pileups/chromosome_22.pileup.bin","/cluster/work/grlab/projects/projects2019-secedo/datasets/varsim/big/pileups/chromosome_21.pileup.bin","/cluster/work/grlab/projects/projects2019-secedo/datasets/varsim/big/pileups/chromosome_9.pileup.bin","/cluster/work/grlab/projects/projects2019-secedo/datasets/varsim/big/pileups/chromosome_18.pileup.bin","/cluster/work/grlab/projects/projects2019-secedo/datasets/varsim/big/pileups/chromosome_2.pileup.bin","/cluster/work/grlab/projects/projects2019-secedo/datasets/varsim/big/pileups/chromosome_12.pileup.bin","/cluster/work/grlab/projects/projects2019-secedo/datasets/varsim/big/pileups/chromosome_6.pileup.bin","/cluster/work/grlab/projects/projects2019-secedo/datasets/varsim/big/pileups/chromosome_14.pileup.bin","/cluster/work/grlab/projects/projects2019-secedo/datasets/varsim/big/pileups/chromosome_4.pileup.bin","/cluster/work/grlab/projects/projects2019-secedo/datasets/varsim/big/pileups/chromosome_X.pileup.bin","/cluster/work/grlab/projects/projects2019-secedo/datasets/varsim/big/pileups/chromosome_19.pileup.bin","/cluster/work/grlab/projects/projects2019-secedo/datasets/varsim/big/pileups/chromosome_8.pileup.bin","/cluster/work/grlab/projects/projects2019-secedo/datasets/varsim/big/pileups/chromosome_11.pileup.bin"

Reading progress
[2022-05-01 23:13:42.334]	  0.0%, 0/4184088592
[2022-05-01 23:13:42.468]	  1.0%, 41842272/4184088592
[2022-05-01 23:13:42.525]	  2.0%, 83683014/4184088592
[2022-05-01 23:13:42.742]	  3.0%, 125523282/4184088592
[2022-05-01 23:13:42.815]	  4.0%, 167363862/4184088592
[2022-05-01 23:13:42.862] [secedo] [[37mtrace[m] /cluster/work/grlab/projects/projects2019-secedo/datasets/varsim/big/pileups/chromosome_X.pileup.bin: found 7250 cell ids, 7250 after grouping
[2022-05-01 23:13:42.879]	  5.0%, 209204484/4184088592
[2022-05-01 23:13:42.930]	  6.0%, 251045916/4184088592
[2022-05-01 23:13:43.001]	  7.0%, 292886352/4184088592
[2022-05-01 23:13:43.066]	  8.0%, 334728948/4184088592
[2022-05-01 23:13:43.134]	  9.0%, 376569228/4184088592
[2022-05-01 23:13:43.202]	 10.0%, 418409022/4184088592
[2022-05-01 23:13:43.268]	 11.0%, 460250040/4184088592
[2022-05-01 23:13:43.337]	 12.0%, 502091844/4184088592
[2022-05-01 23:13:43.399]	 13.0%, 543931752/4184088592
[2022-05-01 23:13:43.458]	 14.0%, 585773574/4184088592
[2022-05-01 23:13:43.526]	 15.0%, 627614976/4184088592
[2022-05-01 23:13:43.595]	 16.0%, 669454710/4184088592
[2022-05-01 23:13:43.629] [secedo] [[37mtrace[m] /cluster/work/grlab/projects/projects2019-secedo/datasets/varsim/big/pileups/chromosome_21.pileup.bin: found 7250 cell ids, 7250 after grouping
[2022-05-01 23:13:43.660]	 17.0%, 711296310/4184088592
[2022-05-01 23:13:43.726]	 18.0%, 753136566/4184088592
[2022-05-01 23:13:43.797]	 19.0%, 794977086/4184088592
[2022-05-01 23:13:43.869]	 20.0%, 836819184/4184088592
[2022-05-01 23:13:43.943]	 21.0%, 878660130/4184088592
[2022-05-01 23:13:44.014]	 22.0%, 920499474/4184088592
[2022-05-01 23:13:44.085]	 23.0%, 962340660/4184088592
[2022-05-01 23:13:44.164]	 24.0%, 1004181426/4184088592
[2022-05-01 23:13:44.234]	 25.0%, 1046022864/4184088592
[2022-05-01 23:13:44.308]	 26.0%, 1087864686/4184088592
[2022-05-01 23:13:44.380] [secedo] [[37mtrace[m] /cluster/work/grlab/projects/projects2019-secedo/datasets/varsim/big/pileups/chromosome_18.pileup.bin: found 7250 cell ids, 7250 after grouping
[2022-05-01 23:13:44.397]	 27.0%, 1129703904/4184088592
[2022-05-01 23:13:44.484]	 28.0%, 1171545642/4184088592
[2022-05-01 23:13:44.525] [secedo] [[37mtrace[m] /cluster/work/grlab/projects/projects2019-secedo/datasets/varsim/big/pileups/chromosome_22.pileup.bin: found 7250 cell ids, 7250 after grouping
[2022-05-01 23:13:44.568]	 29.0%, 1213386222/4184088592
[2022-05-01 23:13:44.648]	 30.0%, 1255227294/4184088592
[2022-05-01 23:13:44.734]	 31.0%, 1297068936/4184088592
[2022-05-01 23:13:44.820]	 32.0%, 1338909984/4184088592
[2022-05-01 23:13:44.913]	 33.0%, 1380749460/4184088592
[2022-05-01 23:13:45.009]	 34.0%, 1422590334/4184088592
[2022-05-01 23:13:45.103]	 35.0%, 1464432552/4184088592
[2022-05-01 23:13:45.199]	 36.0%, 1506272346/4184088592
[2022-05-01 23:13:45.300]	 37.0%, 1548114258/4184088592
[2022-05-01 23:13:45.388]	 38.0%, 1589953920/4184088592
[2022-05-01 23:13:45.489]	 39.0%, 1631795286/4184088592
[2022-05-01 23:13:45.583]	 40.0%, 1673636622/4184088592
[2022-05-01 23:13:45.610] [secedo] [[37mtrace[m] /cluster/work/grlab/projects/projects2019-secedo/datasets/varsim/big/pileups/chromosome_19.pileup.bin: found 7250 cell ids, 7250 after grouping
[2022-05-01 23:13:45.688]	 41.0%, 1715477130/4184088592
[2022-05-01 23:13:45.795]	 42.0%, 1757317860/4184088592
[2022-05-01 23:13:45.903]	 43.0%, 1799158920/4184088592
[2022-05-01 23:13:45.999]	 44.0%, 1841000202/4184088592
[2022-05-01 23:13:46.101]	 45.0%, 1882841694/4184088592
[2022-05-01 23:13:46.208]	 46.0%, 1924680966/4184088592
[2022-05-01 23:13:46.322]	 47.0%, 1966522884/4184088592
[2022-05-01 23:13:46.409]	 48.0%, 2008362834/4184088592
[2022-05-01 23:13:46.505]	 49.0%, 2050204674/4184088592
[2022-05-01 23:13:46.598]	 50.0%, 2092045080/4184088592
[2022-05-01 23:13:46.696]	 51.0%, 2133886278/4184088592
[2022-05-01 23:13:46.801]	 52.0%, 2175726510/4184088592
[2022-05-01 23:13:46.902]	 53.0%, 2217568728/4184088592
[2022-05-01 23:13:47.013]	 54.0%, 2259408030/4184088592
[2022-05-01 23:13:47.124]	 55.0%, 2301249558/4184088592
[2022-05-01 23:13:47.222]	 56.0%, 2343091074/4184088592
[2022-05-01 23:13:47.322]	 57.0%, 2384932230/4184088592
[2022-05-01 23:13:47.345] [secedo] [[37mtrace[m] /cluster/work/grlab/projects/projects2019-secedo/datasets/varsim/big/pileups/chromosome_20.pileup.bin: found 7250 cell ids, 7250 after grouping
[2022-05-01 23:13:47.435]	 58.0%, 2426772492/4184088592
[2022-05-01 23:13:47.518]	 59.0%, 2468612922/4184088592
[2022-05-01 23:13:47.578] [secedo] [[37mtrace[m] /cluster/work/grlab/projects/projects2019-secedo/datasets/varsim/big/pileups/chromosome_17.pileup.bin: found 7250 cell ids, 7250 after grouping
[2022-05-01 23:13:47.584] [secedo] [[37mtrace[m] /cluster/work/grlab/projects/projects2019-secedo/datasets/varsim/big/pileups/chromosome_15.pileup.bin: found 7250 cell ids, 7250 after grouping
[2022-05-01 23:13:47.633]	 60.0%, 2510453850/4184088592
[2022-05-01 23:13:47.757]	 61.0%, 2552294490/4184088592
[2022-05-01 23:13:47.883]	 62.0%, 2594136048/4184088592
[2022-05-01 23:13:48.008]	 63.0%, 2635976142/4184088592
[2022-05-01 23:13:48.133]	 64.0%, 2677817706/4184088592
[2022-05-01 23:13:48.253]	 65.0%, 2719657884/4184088592
[2022-05-01 23:13:48.410]	 66.0%, 2761499814/4184088592
[2022-05-01 23:13:48.514]	 67.0%, 2803339506/4184088592
[2022-05-01 23:13:48.638]	 68.0%, 2845180914/4184088592
[2022-05-01 23:13:48.762]	 69.0%, 2887022142/4184088592
[2022-05-01 23:13:48.887]	 70.0%, 2928862026/4184088592
[2022-05-01 23:13:48.904] [secedo] [[37mtrace[m] /cluster/work/grlab/projects/projects2019-secedo/datasets/varsim/big/pileups/chromosome_16.pileup.bin: found 7250 cell ids, 7250 after grouping
[2022-05-01 23:13:49.016]	 71.0%, 2970703434/4184088592
[2022-05-01 23:13:49.152]	 72.0%, 3012545382/4184088592
[2022-05-01 23:13:49.284]	 73.0%, 3054386178/4184088592
[2022-05-01 23:13:49.418]	 74.0%, 3096227148/4184088592
[2022-05-01 23:13:49.534] [secedo] [[37mtrace[m] /cluster/work/grlab/projects/projects2019-secedo/datasets/varsim/big/pileups/chromosome_13.pileup.bin: found 7250 cell ids, 7250 after grouping
[2022-05-01 23:13:49.554]	 75.0%, 3138067806/4184088592
[2022-05-01 23:13:49.672] [secedo] [[37mtrace[m] /cluster/work/grlab/projects/projects2019-secedo/datasets/varsim/big/pileups/chromosome_6.pileup.bin: found 7250 cell ids, 7250 after grouping
[2022-05-01 23:13:49.680] [secedo] [[37mtrace[m] /cluster/work/grlab/projects/projects2019-secedo/datasets/varsim/big/pileups/chromosome_11.pileup.bin: found 7250 cell ids, 7250 after grouping
[2022-05-01 23:13:49.690] [secedo] [[37mtrace[m] /cluster/work/grlab/projects/projects2019-secedo/datasets/varsim/big/pileups/chromosome_3.pileup.bin: found 7250 cell ids, 7250 after grouping
[2022-05-01 23:13:49.709]	 76.0%, 3179908212/4184088592
[2022-05-01 23:13:49.887] [secedo] [[37mtrace[m] /cluster/work/grlab/projects/projects2019-secedo/datasets/varsim/big/pileups/chromosome_8.pileup.bin: found 7250 cell ids, 7250 after grouping
[2022-05-01 23:13:49.924]	 77.0%, 3221748714/4184088592
[2022-05-01 23:13:49.975] [secedo] [[37mtrace[m] /cluster/work/grlab/projects/projects2019-secedo/datasets/varsim/big/pileups/chromosome_1.pileup.bin: found 7250 cell ids, 7250 after grouping
[2022-05-01 23:13:50.210]	 78.0%, 3263589846/4184088592
[2022-05-01 23:13:50.515]	 79.0%, 3305431572/4184088592
[2022-05-01 23:13:50.819]	 80.0%, 3347271156/4184088592
[2022-05-01 23:13:50.870] [secedo] [[37mtrace[m] /cluster/work/grlab/projects/projects2019-secedo/datasets/varsim/big/pileups/chromosome_9.pileup.bin: found 7250 cell ids, 7250 after grouping
[2022-05-01 23:13:51.177]	 81.0%, 3389112036/4184088592
[2022-05-01 23:13:51.298] [secedo] [[37mtrace[m] /cluster/work/grlab/projects/projects2019-secedo/datasets/varsim/big/pileups/chromosome_4.pileup.bin: found 7250 cell ids, 7250 after grouping
[2022-05-01 23:13:51.667]	 82.0%, 3430953768/4184088592
[2022-05-01 23:13:51.925] [secedo] [[37mtrace[m] /cluster/work/grlab/projects/projects2019-secedo/datasets/varsim/big/pileups/chromosome_7.pileup.bin: found 7250 cell ids, 7250 after grouping
[2022-05-01 23:13:52.185]	 83.0%, 3472794900/4184088592
[2022-05-01 23:13:52.828]	 84.0%, 3514635780/4184088592
[2022-05-01 23:13:53.029] [secedo] [[37mtrace[m] /cluster/work/grlab/projects/projects2019-secedo/datasets/varsim/big/pileups/chromosome_5.pileup.bin: found 7250 cell ids, 7250 after grouping
[2022-05-01 23:13:53.923]	 85.0%, 3556475298/4184088592
[2022-05-01 23:13:54.946]	 86.0%, 3598316616/4184088592
[2022-05-01 23:13:55.725] [secedo] [[37mtrace[m] /cluster/work/grlab/projects/projects2019-secedo/datasets/varsim/big/pileups/chromosome_2.pileup.bin: found 7250 cell ids, 7250 after grouping
[2022-05-01 23:13:56.965]	 87.0%, 3640157536/4184088592
[2022-05-01 23:13:57.022]	 88.0%, 3681999130/4184088592
[2022-05-01 23:13:57.076]	 89.0%, 3723840148/4184088592
[2022-05-01 23:13:57.136]	 90.0%, 3765680380/4184088592
[2022-05-01 23:13:57.142] [secedo] [[37mtrace[m] /cluster/work/grlab/projects/projects2019-secedo/datasets/varsim/big/pileups/chromosome_14.pileup.bin: found 7250 cell ids, 7250 after grouping
[2022-05-01 23:13:59.825]	 91.0%, 3807520864/4184088592
[2022-05-01 23:13:59.858]	 92.0%, 3849362170/4184088592
[2022-05-01 23:13:59.889]	 93.0%, 3891204232/4184088592
[2022-05-01 23:13:59.920]	 94.0%, 3933043582/4184088592
[2022-05-01 23:13:59.953]	 95.0%, 3974884978/4184088592
[2022-05-01 23:13:59.985]	 96.0%, 4016725360/4184088592
[2022-05-01 23:14:00.018]	 97.0%, 4058566204/4184088592
[2022-05-01 23:14:00.058]	 98.0%, 4100406952/4184088592
[2022-05-01 23:14:00.096] [secedo] [[37mtrace[m] /cluster/work/grlab/projects/projects2019-secedo/datasets/varsim/big/pileups/chromosome_12.pileup.bin: found 7250 cell ids, 7250 after grouping
[2022-05-01 23:14:00.120]	 99.0%, 4142247832/4184088592
[2022-05-01 23:14:00.188]	100.0%, 4184088592/4184088592

[2022-05-01 23:14:00.188] [secedo] [[37mtrace[m] /cluster/work/grlab/projects/projects2019-secedo/datasets/varsim/big/pileups/chromosome_10.pileup.bin: found 7250 cell ids, 7250 after grouping
[2022-05-01 23:14:01.220] [secedo] [[32minfo[m] Filtering significant positions...
[2022-05-01 23:14:03.060] [secedo] [[37mtrace[m] Avg coverage for cluster : 142.07057096377414. Total positions: 126015
[2022-05-01 23:14:03.237] [secedo] [[32minfo[m] Computing similarity matrix...
Processed:
[2022-05-01 23:14:03.455]	  0.0%, 0/126015
[2022-05-01 23:14:17.078]	 10.0%, 12601/126015
[2022-05-01 23:14:29.884]	 20.0%, 25202/126015
[2022-05-01 23:14:42.523]	 30.0%, 37803/126015
[2022-05-01 23:14:54.840]	 40.0%, 50404/126015
[2022-05-01 23:15:06.451]	 50.0%, 63005/126015
[2022-05-01 23:15:18.977]	 60.0%, 75606/126015
[2022-05-01 23:15:31.247]	 70.0%, 88207/126015
[2022-05-01 23:15:43.672]	 80.0%, 100808/126015
[2022-05-01 23:15:54.232]	 90.0%, 113409/126015
[2022-05-01 23:16:03.970]	100.0%, 126010/126015
[2022-05-01 23:16:03.970]	100.0%, 126015/126015

[2022-05-01 23:16:04.026] [secedo] [[37mtrace[m] Normalizing similarity matrix...
[2022-05-01 23:16:04.139] [secedo] [[32minfo[m] Performing spectral clustering...
[2022-05-01 23:17:22.368] [secedo] [[37mtrace[m] Avg log-likelihood for GMM 1/2/3/4 15.129167419641453/16.843588951831574/18.827891401715725/19.79012715211315	aic 1/2/3/4 -219332.92758480107/-244150.0398015578/-272880.425324878/-286790.8437056407	bic 1/2/3/4 -219195.15244984408/-243867.600774896/-272453.3224065114/-286219.0768955693
[2022-05-01 23:17:22.368] [secedo] [[37mtrace[m] Attempting to cluster into 2 clusters
[2022-05-01 23:17:22.430] [secedo] [[37mtrace[m] Cluster 1 has 1998 cells
[2022-05-01 23:17:22.430] [secedo] [[37mtrace[m] Cluster 2 has 5252 cells
[2022-05-01 23:17:22.430] [secedo] [[37mtrace[m] Cluster 3 has 0 cells
[2022-05-01 23:17:22.430] [secedo] [[37mtrace[m] Cluster 4 has 0 cells
[2022-05-01 23:17:22.490] [secedo] [[32minfo[m] Skipping clustering refinement via expectation maximization...
[2022-05-01 23:17:22.493] [secedo] [[32minfo[m] 

Performing clustering of sub-cluster A with 1998 elements
[2022-05-01 23:17:22.493] [secedo] [[32minfo[m] Filtering significant positions...
[2022-05-01 23:17:23.821] [secedo] [[37mtrace[m] Avg coverage for cluster A: 68.90792070376523. Total positions: 179378
[2022-05-01 23:17:24.067] [secedo] [[32minfo[m] Computing similarity matrix...
Processed:
[2022-05-01 23:17:24.106]	  0.0%, 0/179378
[2022-05-01 23:17:27.773]	 10.0%, 17937/179378
[2022-05-01 23:17:31.474]	 20.0%, 35874/179378
[2022-05-01 23:17:35.128]	 30.0%, 53811/179378
[2022-05-01 23:17:38.748]	 40.0%, 71748/179378
[2022-05-01 23:17:42.375]	 50.0%, 89685/179378
[2022-05-01 23:17:46.039]	 60.0%, 107622/179378
[2022-05-01 23:17:49.699]	 70.0%, 125559/179378
[2022-05-01 23:17:53.427]	 80.0%, 143496/179378
[2022-05-01 23:17:57.113]	 90.0%, 161433/179378
[2022-05-01 23:18:00.584]	100.0%, 179370/179378
[2022-05-01 23:18:00.585]	100.0%, 179378/179378

[2022-05-01 23:18:00.606] [secedo] [[37mtrace[m] Normalizing similarity matrix...
[2022-05-01 23:18:00.619] [secedo] [[32minfo[m] Performing spectral clustering...
[2022-05-01 23:18:02.397] [secedo] [[37mtrace[m] Avg log-likelihood for GMM 1/2/3/4 11.905062338445612/11.91036360893687/11.913489784561458/11.918286409828381	aic 1/2/3/4 -47532.62910442866/-47511.81298131173/-47482.305179107585/-47459.47249367421	bic 1/2/3/4 -47420.631065244495/-47282.21700098418/-47135.11125763666/-46994.680631059906
[2022-05-01 23:18:02.397] [secedo] [[37mtrace[m] Attempting to cluster into 2 clusters
[2022-05-01 23:18:02.432] [secedo] [[37mtrace[m] Simple Gaussian Model matches data better - stopping the clustering
[2022-05-01 23:18:02.456] [secedo] [[32minfo[m] 

Performing clustering of sub-cluster B with 5252 elements
[2022-05-01 23:18:02.456] [secedo] [[32minfo[m] Filtering significant positions...
[2022-05-01 23:18:04.121] [secedo] [[37mtrace[m] Avg coverage for cluster B: 97.14707885723182. Total positions: 102768
[2022-05-01 23:18:04.259] [secedo] [[32minfo[m] Computing similarity matrix...
Processed:
[2022-05-01 23:18:04.382]	  0.0%, 0/102768
[2022-05-01 23:18:09.200]	 10.0%, 10276/102768
[2022-05-01 23:18:13.949]	 20.0%, 20552/102768
[2022-05-01 23:18:18.676]	 30.0%, 30828/102768
[2022-05-01 23:18:23.297]	 40.0%, 41104/102768
[2022-05-01 23:18:27.910]	 50.0%, 51380/102768
[2022-05-01 23:18:32.581]	 60.0%, 61656/102768
[2022-05-01 23:18:37.372]	 70.0%, 71932/102768
[2022-05-01 23:18:41.966]	 80.0%, 82208/102768
[2022-05-01 23:18:46.223]	 90.0%, 92484/102768
[2022-05-01 23:18:50.131]	100.0%, 102760/102768
[2022-05-01 23:18:50.133]	100.0%, 102768/102768

[2022-05-01 23:18:50.172] [secedo] [[37mtrace[m] Normalizing similarity matrix...
[2022-05-01 23:18:50.236] [secedo] [[32minfo[m] Performing spectral clustering...
[2022-05-01 23:19:21.525] [secedo] [[37mtrace[m] Avg log-likelihood for GMM 1/2/3/4 14.321901636926093/16.15508275143481/16.266546818982718/17.73118755787182	aic 1/2/3/4 -150397.2547942717/-169610.98922107127/-170739.80778659447/-186082.3941078856	bic 1/2/3/4 -150265.92750956325/-169341.76828741893/-170332.69320399826/-185537.3858763455
[2022-05-01 23:19:21.525] [secedo] [[37mtrace[m] Attempting to cluster into 2 clusters
[2022-05-01 23:19:21.570] [secedo] [[37mtrace[m] Cluster 1 has 3501 cells
[2022-05-01 23:19:21.570] [secedo] [[37mtrace[m] Cluster 2 has 1751 cells
[2022-05-01 23:19:21.570] [secedo] [[37mtrace[m] Cluster 3 has 0 cells
[2022-05-01 23:19:21.570] [secedo] [[37mtrace[m] Cluster 4 has 0 cells
[2022-05-01 23:19:21.606] [secedo] [[32minfo[m] Skipping clustering refinement via expectation maximization...
[2022-05-01 23:19:21.609] [secedo] [[32minfo[m] 

Performing clustering of sub-cluster BA with 3501 elements
[2022-05-01 23:19:21.609] [secedo] [[32minfo[m] Filtering significant positions...
[2022-05-01 23:19:23.258] [secedo] [[37mtrace[m] Avg coverage for cluster BA: 82.219107593317. Total positions: 109412
[2022-05-01 23:19:23.422] [secedo] [[32minfo[m] Computing similarity matrix...
Processed:
[2022-05-01 23:19:23.495]	  0.0%, 0/109412
[2022-05-01 23:19:26.855]	 10.0%, 10941/109412
[2022-05-01 23:19:30.210]	 20.0%, 21882/109412
[2022-05-01 23:19:33.520]	 30.0%, 32823/109412
[2022-05-01 23:19:36.856]	 40.0%, 43764/109412
[2022-05-01 23:19:40.178]	 50.0%, 54705/109412
[2022-05-01 23:19:43.473]	 60.0%, 65646/109412
[2022-05-01 23:19:46.901]	 70.0%, 76587/109412
[2022-05-01 23:19:50.183]	 80.0%, 87528/109412
[2022-05-01 23:19:53.406]	 90.0%, 98469/109412
[2022-05-01 23:19:56.089]	100.0%, 109410/109412
[2022-05-01 23:19:56.090]	100.0%, 109412/109412

[2022-05-01 23:19:56.106] [secedo] [[37mtrace[m] Normalizing similarity matrix...
[2022-05-01 23:19:56.136] [secedo] [[32minfo[m] Performing spectral clustering...
[2022-05-01 23:20:05.657] [secedo] [[37mtrace[m] Avg log-likelihood for GMM 1/2/3/4 13.30745018438656/13.803574636826287/14.649921367731702/14.65860186681087	aic 1/2/3/4 -93138.7661910747/-96570.62960705766/-102454.74941685738/-102473.5302714097	bic 1/2/3/4 -93015.5501126556/-96318.03664629853/-102072.77957375819/-101962.18354597047
[2022-05-01 23:20:05.657] [secedo] [[37mtrace[m] Attempting to cluster into 2 clusters
[2022-05-01 23:20:05.685] [secedo] [[37mtrace[m] Cluster 1 has 2000 cells
[2022-05-01 23:20:05.685] [secedo] [[37mtrace[m] Cluster 2 has 1501 cells
[2022-05-01 23:20:05.685] [secedo] [[37mtrace[m] Cluster 3 has 0 cells
[2022-05-01 23:20:05.685] [secedo] [[37mtrace[m] Cluster 4 has 0 cells
[2022-05-01 23:20:05.703] [secedo] [[32minfo[m] Skipping clustering refinement via expectation maximization...
[2022-05-01 23:20:05.706] [secedo] [[32minfo[m] 

Performing clustering of sub-cluster BAA with 2000 elements
[2022-05-01 23:20:05.706] [secedo] [[32minfo[m] Filtering significant positions...
[2022-05-01 23:20:07.149] [secedo] [[37mtrace[m] Avg coverage for cluster BAA: 69.35849998657827. Total positions: 186265
[2022-05-01 23:20:07.408] [secedo] [[32minfo[m] Computing similarity matrix...
Processed:
[2022-05-01 23:20:07.449]	  0.0%, 0/186265
[2022-05-01 23:20:11.112]	 10.0%, 18626/186265
[2022-05-01 23:20:14.927]	 20.0%, 37252/186265
[2022-05-01 23:20:18.681]	 30.0%, 55878/186265
[2022-05-01 23:20:22.401]	 40.0%, 74504/186265
[2022-05-01 23:20:26.132]	 50.0%, 93130/186265
[2022-05-01 23:20:29.923]	 60.0%, 111756/186265
[2022-05-01 23:20:33.637]	 70.0%, 130382/186265
[2022-05-01 23:20:37.552]	 80.0%, 149008/186265
[2022-05-01 23:20:41.567]	 90.0%, 167634/186265
[2022-05-01 23:20:45.289]	100.0%, 186260/186265
[2022-05-01 23:20:45.290]	100.0%, 186265/186265

[2022-05-01 23:20:45.310] [secedo] [[37mtrace[m] Normalizing similarity matrix...
[2022-05-01 23:20:45.323] [secedo] [[32minfo[m] Performing spectral clustering...
[2022-05-01 23:20:47.028] [secedo] [[37mtrace[m] Avg log-likelihood for GMM 1/2/3/4 11.907573298098786/12.193337213454232/12.189686647482821/12.200698053995298	aic 1/2/3/4 -47590.29319239514/-48691.348853816926/-48634.74658993128/-48636.79221598119	bic 1/2/3/4 -47478.2751432043/-48461.7118529757/-48287.490637439674/-48171.9173118392
[2022-05-01 23:20:47.028] [secedo] [[37mtrace[m] Attempting to cluster into 2 clusters
[2022-05-01 23:20:47.053] [secedo] [[37mtrace[m] Cluster 1 has 1009 cells
[2022-05-01 23:20:47.053] [secedo] [[37mtrace[m] Cluster 2 has 991 cells
[2022-05-01 23:20:47.053] [secedo] [[37mtrace[m] Cluster 3 has 0 cells
[2022-05-01 23:20:47.053] [secedo] [[37mtrace[m] Cluster 4 has 0 cells
[2022-05-01 23:20:47.058] [secedo] [[32minfo[m] Skipping clustering refinement via expectation maximization...
[2022-05-01 23:20:47.061] [secedo] [[32minfo[m] 

Performing clustering of sub-cluster BAAA with 1009 elements
[2022-05-01 23:20:47.061] [secedo] [[32minfo[m] Filtering significant positions...
[2022-05-01 23:20:48.322] [secedo] [[37mtrace[m] Avg coverage for cluster BAAA: 40.16384883415147. Total positions: 365056
[2022-05-01 23:20:48.762] [secedo] [[32minfo[m] Computing similarity matrix...
Processed:
[2022-05-01 23:20:48.790]	  0.0%, 0/365056
[2022-05-01 23:20:51.180]	 10.0%, 36505/365056
[2022-05-01 23:20:53.573]	 20.0%, 73010/365056
[2022-05-01 23:20:55.940]	 30.0%, 109515/365056
[2022-05-01 23:20:58.276]	 40.0%, 146020/365056
[2022-05-01 23:21:00.609]	 50.0%, 182525/365056
[2022-05-01 23:21:02.987]	 60.0%, 219030/365056
[2022-05-01 23:21:05.333]	 70.0%, 255535/365056
[2022-05-01 23:21:07.676]	 80.0%, 292040/365056
[2022-05-01 23:21:10.049]	 90.0%, 328545/365056
[2022-05-01 23:21:12.383]	100.0%, 365050/365056
[2022-05-01 23:21:12.383]	100.0%, 365056/365056

[2022-05-01 23:21:12.401] [secedo] [[37mtrace[m] Normalizing similarity matrix...
[2022-05-01 23:21:12.407] [secedo] [[32minfo[m] Performing spectral clustering...
[2022-05-01 23:21:12.673] [secedo] [[37mtrace[m] Avg log-likelihood for GMM 1/2/3/4 10.197095012936/10.20569607154674/10.225084117040078/10.224247847054858	aic 1/2/3/4 -20537.73773610485/-20513.09467238132/-20510.21974818688/-20466.532155356705	bic 1/2/3/4 -20439.403435697775/-20311.509356546823/-20205.383416924957/-20058.444808667355
[2022-05-01 23:21:12.673] [secedo] [[37mtrace[m] Attempting to cluster into 2 clusters
[2022-05-01 23:21:12.688] [secedo] [[37mtrace[m] Simple Gaussian Model matches data better - stopping the clustering
[2022-05-01 23:21:12.725] [secedo] [[32minfo[m] 

Performing clustering of sub-cluster BAAB with 991 elements
[2022-05-01 23:21:12.725] [secedo] [[32minfo[m] Filtering significant positions...
[2022-05-01 23:21:13.919] [secedo] [[37mtrace[m] Avg coverage for cluster BAAB: 39.59022007939779. Total positions: 368776
[2022-05-01 23:21:14.368] [secedo] [[32minfo[m] Computing similarity matrix...
Processed:
[2022-05-01 23:21:14.396]	  0.0%, 0/368776
[2022-05-01 23:21:16.756]	 10.0%, 36877/368776
[2022-05-01 23:21:19.132]	 20.0%, 73754/368776
[2022-05-01 23:21:21.484]	 30.0%, 110631/368776
[2022-05-01 23:21:23.832]	 40.0%, 147508/368776
[2022-05-01 23:21:26.143]	 50.0%, 184385/368776
[2022-05-01 23:21:28.456]	 60.0%, 221262/368776
[2022-05-01 23:21:30.750]	 70.0%, 258139/368776
[2022-05-01 23:21:33.061]	 80.0%, 295016/368776
[2022-05-01 23:21:35.381]	 90.0%, 331893/368776
[2022-05-01 23:21:37.670]	100.0%, 368770/368776
[2022-05-01 23:21:37.670]	100.0%, 368776/368776

[2022-05-01 23:21:37.678] [secedo] [[37mtrace[m] Normalizing similarity matrix...
[2022-05-01 23:21:37.683] [secedo] [[32minfo[m] Performing spectral clustering...
[2022-05-01 23:21:37.933] [secedo] [[37mtrace[m] Avg log-likelihood for GMM 1/2/3/4 10.152093841975537/10.15459154786281/10.166162904350173/10.175020425304604	aic 1/2/3/4 -20081.449994795516/-20044.40044786409/-20025.334876422043/-20000.890482953724	bic 1/2/3/4 -19983.475704108914/-19843.55315195656/-19721.614575293584/-19594.297176604334
[2022-05-01 23:21:37.933] [secedo] [[37mtrace[m] Attempting to cluster into 2 clusters
[2022-05-01 23:21:37.952] [secedo] [[37mtrace[m] Simple Gaussian Model matches data better - stopping the clustering
[2022-05-01 23:21:38.017] [secedo] [[32minfo[m] 

Performing clustering of sub-cluster BAB with 1501 elements
[2022-05-01 23:21:38.017] [secedo] [[32minfo[m] Filtering significant positions...
[2022-05-01 23:21:39.331] [secedo] [[37mtrace[m] Avg coverage for cluster BAB: 57.39113889746234. Total positions: 265678
[2022-05-01 23:21:39.692] [secedo] [[32minfo[m] Computing similarity matrix...
Processed:
[2022-05-01 23:21:39.728]	  0.0%, 0/265678
[2022-05-01 23:21:43.309]	 10.0%, 26567/265678
[2022-05-01 23:21:46.889]	 20.0%, 53134/265678
[2022-05-01 23:21:50.414]	 30.0%, 79701/265678
[2022-05-01 23:21:53.942]	 40.0%, 106268/265678
[2022-05-01 23:21:57.449]	 50.0%, 132835/265678
[2022-05-01 23:22:01.037]	 60.0%, 159402/265678
[2022-05-01 23:22:04.552]	 70.0%, 185969/265678
[2022-05-01 23:22:08.109]	 80.0%, 212536/265678
[2022-05-01 23:22:11.656]	 90.0%, 239103/265678
[2022-05-01 23:22:15.039]	100.0%, 265670/265678
[2022-05-01 23:22:15.040]	100.0%, 265678/265678

[2022-05-01 23:22:15.059] [secedo] [[37mtrace[m] Normalizing similarity matrix...
[2022-05-01 23:22:15.068] [secedo] [[32minfo[m] Performing spectral clustering...
[2022-05-01 23:22:15.804] [secedo] [[37mtrace[m] Avg log-likelihood for GMM 1/2/3/4 11.190157646355223/12.214102183523154/12.881944769895473/12.885093215300762	aic 1/2/3/4 -33552.85325435838/-36584.73475493651/-38547.59819922621/-38515.04983233289	bic 1/2/3/4 -33446.57551772571/-36366.86539483954/-38218.13721566494/-38073.99722530731
[2022-05-01 23:22:15.804] [secedo] [[37mtrace[m] Attempting to cluster into 3 clusters
[2022-05-01 23:22:15.823] [secedo] [[37mtrace[m] Cluster 1 has 500 cells
[2022-05-01 23:22:15.823] [secedo] [[37mtrace[m] Cluster 2 has 501 cells
[2022-05-01 23:22:15.823] [secedo] [[37mtrace[m] Cluster 3 has 500 cells
[2022-05-01 23:22:15.823] [secedo] [[37mtrace[m] Cluster 4 has 0 cells
[2022-05-01 23:22:15.824] [secedo] [[32minfo[m] Skipping clustering refinement via expectation maximization...
[2022-05-01 23:22:15.827] [secedo] [[32minfo[m] 

Performing clustering of sub-cluster BABA with 500 elements
[2022-05-01 23:22:15.827] [secedo] [[32minfo[m] Filtering significant positions...
[2022-05-01 23:22:16.869] [secedo] [[37mtrace[m] Avg coverage for cluster BABA: 21.123015484080213. Total positions: 561157
[2022-05-01 23:22:17.515] [secedo] [[32minfo[m] Computing similarity matrix...
Processed:
[2022-05-01 23:22:17.540]	  0.0%, 0/561157
[2022-05-01 23:22:18.881]	 10.0%, 56115/561157
[2022-05-01 23:22:20.230]	 20.0%, 112230/561157
[2022-05-01 23:22:21.582]	 30.0%, 168345/561157
[2022-05-01 23:22:22.943]	 40.0%, 224460/561157
[2022-05-01 23:22:24.303]	 50.0%, 280575/561157
[2022-05-01 23:22:25.657]	 60.0%, 336690/561157
[2022-05-01 23:22:27.020]	 70.0%, 392805/561157
[2022-05-01 23:22:28.380]	 80.0%, 448920/561157
[2022-05-01 23:22:29.733]	 90.0%, 505035/561157
[2022-05-01 23:22:31.079]	100.0%, 561150/561157
[2022-05-01 23:22:31.079]	100.0%, 561157/561157

[2022-05-01 23:22:31.086] [secedo] [[37mtrace[m] Normalizing similarity matrix...
[2022-05-01 23:22:31.091] [secedo] [[32minfo[m] Performing spectral clustering...
[2022-05-01 23:22:31.142] [secedo] [[37mtrace[m] Avg log-likelihood for GMM 1/2/3/4 8.441827781745719/8.44811267110704/8.468822022420849/8.48668803711122	aic 1/2/3/4 -8401.827781745718/-8366.112671107041/-8344.822022420849/-8320.68803711122	bic 1/2/3/4 -8317.535619777274/-8193.313739071731/-8083.516320318673/-7970.875564942178
[2022-05-01 23:22:31.142] [secedo] [[37mtrace[m] Attempting to cluster into 2 clusters
[2022-05-01 23:22:31.149] [secedo] [[37mtrace[m] Simple Gaussian Model matches data better - stopping the clustering
[2022-05-01 23:22:31.185] [secedo] [[32minfo[m] 

Performing clustering of sub-cluster BABB with 501 elements
[2022-05-01 23:22:31.185] [secedo] [[32minfo[m] Filtering significant positions...
[2022-05-01 23:22:32.210] [secedo] [[37mtrace[m] Avg coverage for cluster BABB: 21.146429618925666. Total positions: 559156
[2022-05-01 23:22:32.855] [secedo] [[32minfo[m] Computing similarity matrix...
Processed:
[2022-05-01 23:22:32.880]	  0.0%, 0/559156
[2022-05-01 23:22:34.165]	 10.0%, 55915/559156
[2022-05-01 23:22:35.453]	 20.0%, 111830/559156
[2022-05-01 23:22:36.739]	 30.0%, 167745/559156
[2022-05-01 23:22:38.033]	 40.0%, 223660/559156
[2022-05-01 23:22:39.321]	 50.0%, 279575/559156
[2022-05-01 23:22:40.604]	 60.0%, 335490/559156
[2022-05-01 23:22:41.900]	 70.0%, 391405/559156
[2022-05-01 23:22:43.196]	 80.0%, 447320/559156
[2022-05-01 23:22:44.490]	 90.0%, 503235/559156
[2022-05-01 23:22:45.776]	100.0%, 559150/559156
[2022-05-01 23:22:45.777]	100.0%, 559156/559156

[2022-05-01 23:22:45.793] [secedo] [[37mtrace[m] Normalizing similarity matrix...
[2022-05-01 23:22:45.798] [secedo] [[32minfo[m] Performing spectral clustering...
[2022-05-01 23:22:45.852] [secedo] [[37mtrace[m] Avg log-likelihood for GMM 1/2/3/4 8.446823132056782/8.468898802815282/8.498173813197337/8.504483934115855	aic 1/2/3/4 -8423.716778320895/-8403.836600420913/-8391.17016082373/-8355.492901984087	bic 1/2/3/4 -8339.384656299198/-8230.955750276433/-8129.740582556469/-8005.514595594043
[2022-05-01 23:22:45.852] [secedo] [[37mtrace[m] Attempting to cluster into 2 clusters
[2022-05-01 23:22:45.860] [secedo] [[37mtrace[m] Simple Gaussian Model matches data better - stopping the clustering
[2022-05-01 23:22:45.913] [secedo] [[32minfo[m] 

Performing clustering of sub-cluster BABC with 500 elements
[2022-05-01 23:22:45.913] [secedo] [[32minfo[m] Filtering significant positions...
[2022-05-01 23:22:46.948] [secedo] [[37mtrace[m] Avg coverage for cluster BABC: 21.110815335022693. Total positions: 562738
[2022-05-01 23:22:47.598] [secedo] [[32minfo[m] Computing similarity matrix...
Processed:
[2022-05-01 23:22:47.622]	  0.0%, 0/562738
[2022-05-01 23:22:48.941]	 10.0%, 56273/562738
[2022-05-01 23:22:50.268]	 20.0%, 112546/562738
[2022-05-01 23:22:51.593]	 30.0%, 168819/562738
[2022-05-01 23:22:52.918]	 40.0%, 225092/562738
[2022-05-01 23:22:54.241]	 50.0%, 281365/562738
[2022-05-01 23:22:55.562]	 60.0%, 337638/562738
[2022-05-01 23:22:56.876]	 70.0%, 393911/562738
[2022-05-01 23:22:58.197]	 80.0%, 450184/562738
[2022-05-01 23:22:59.515]	 90.0%, 506457/562738
[2022-05-01 23:23:00.832]	100.0%, 562730/562738
[2022-05-01 23:23:00.832]	100.0%, 562738/562738

[2022-05-01 23:23:00.840] [secedo] [[37mtrace[m] Normalizing similarity matrix...
[2022-05-01 23:23:00.845] [secedo] [[32minfo[m] Performing spectral clustering...
[2022-05-01 23:23:00.897] [secedo] [[37mtrace[m] Avg log-likelihood for GMM 1/2/3/4 8.441827979817532/8.45464533588885/8.473008044788886/8.492003279071502	aic 1/2/3/4 -8401.827979817532/-8372.64533588885/-8349.008044788885/-8326.003279071503	bic 1/2/3/4 -8317.535817849088/-8199.84640385354/-8087.702342686709/-7976.190806902461
[2022-05-01 23:23:00.897] [secedo] [[37mtrace[m] Attempting to cluster into 2 clusters
[2022-05-01 23:23:00.905] [secedo] [[37mtrace[m] Simple Gaussian Model matches data better - stopping the clustering
[2022-05-01 23:23:01.006] [secedo] [[32minfo[m] 

Performing clustering of sub-cluster BB with 1751 elements
[2022-05-01 23:23:01.006] [secedo] [[32minfo[m] Filtering significant positions...
[2022-05-01 23:23:02.359] [secedo] [[37mtrace[m] Avg coverage for cluster BB: 64.28621352826477. Total positions: 224626
[2022-05-01 23:23:02.656] [secedo] [[32minfo[m] Computing similarity matrix...
Processed:
[2022-05-01 23:23:02.691]	  0.0%, 0/224626
[2022-05-01 23:23:06.475]	 10.0%, 22462/224626
[2022-05-01 23:23:10.318]	 20.0%, 44924/224626
[2022-05-01 23:23:14.117]	 30.0%, 67386/224626
[2022-05-01 23:23:17.905]	 40.0%, 89848/224626
[2022-05-01 23:23:21.684]	 50.0%, 112310/224626
[2022-05-01 23:23:25.552]	 60.0%, 134772/224626
[2022-05-01 23:23:29.328]	 70.0%, 157234/224626
[2022-05-01 23:23:33.157]	 80.0%, 179696/224626
[2022-05-01 23:23:36.983]	 90.0%, 202158/224626
[2022-05-01 23:23:40.582]	100.0%, 224620/224626
[2022-05-01 23:23:40.582]	100.0%, 224626/224626

[2022-05-01 23:23:40.601] [secedo] [[37mtrace[m] Normalizing similarity matrix...
[2022-05-01 23:23:40.611] [secedo] [[32minfo[m] Performing spectral clustering...
[2022-05-01 23:23:41.752] [secedo] [[37mtrace[m] Avg log-likelihood for GMM 1/2/3/4 11.575338930430448/11.609743548161628/13.14923220454536/13.155683113446386	aic 1/2/3/4 -40496.83693436743/-40575.32190566202/-45924.61118031785/-45905.20226328925	bic 1/2/3/4 -40387.47808772171/-40351.1362700383/-45585.59875571613/-45451.36304970952
[2022-05-01 23:23:41.752] [secedo] [[37mtrace[m] Attempting to cluster into 3 clusters
[2022-05-01 23:23:41.781] [secedo] [[37mtrace[m] Cluster 1 has 508 cells
[2022-05-01 23:23:41.781] [secedo] [[37mtrace[m] Cluster 2 has 500 cells
[2022-05-01 23:23:41.781] [secedo] [[37mtrace[m] Cluster 3 has 743 cells
[2022-05-01 23:23:41.781] [secedo] [[37mtrace[m] Cluster 4 has 0 cells
[2022-05-01 23:23:41.784] [secedo] [[32minfo[m] Skipping clustering refinement via expectation maximization...
[2022-05-01 23:23:41.786] [secedo] [[32minfo[m] 

Performing clustering of sub-cluster BBA with 508 elements
[2022-05-01 23:23:41.786] [secedo] [[32minfo[m] Filtering significant positions...
[2022-05-01 23:23:42.859] [secedo] [[37mtrace[m] Avg coverage for cluster BBA: 21.38048597672818. Total positions: 555006
[2022-05-01 23:23:43.485] [secedo] [[32minfo[m] Computing similarity matrix...
Processed:
[2022-05-01 23:23:43.515]	  0.0%, 0/555006
[2022-05-01 23:23:44.878]	 10.0%, 55500/555006
[2022-05-01 23:23:46.219]	 20.0%, 111000/555006
[2022-05-01 23:23:47.563]	 30.0%, 166500/555006
[2022-05-01 23:23:48.895]	 40.0%, 222000/555006
[2022-05-01 23:23:50.226]	 50.0%, 277500/555006
[2022-05-01 23:23:51.559]	 60.0%, 333000/555006
[2022-05-01 23:23:52.890]	 70.0%, 388500/555006
[2022-05-01 23:23:54.218]	 80.0%, 444000/555006
[2022-05-01 23:23:55.540]	 90.0%, 499500/555006
[2022-05-01 23:23:56.871]	100.0%, 555000/555006
[2022-05-01 23:23:56.872]	100.0%, 555006/555006

[2022-05-01 23:23:56.879] [secedo] [[37mtrace[m] Normalizing similarity matrix...
[2022-05-01 23:23:56.888] [secedo] [[32minfo[m] Performing spectral clustering...
[2022-05-01 23:23:56.940] [secedo] [[37mtrace[m] Avg log-likelihood for GMM 1/2/3/4 8.481511571824745/8.510336040247354/8.520117614494458/8.527671759162862	aic 1/2/3/4 -8577.215756973941/-8564.501416891311/-8532.43949632637/-8498.114507309469	bic 1/2/3/4 -8492.606128022371/-8391.051677540594/-8270.149646576503/-8146.984547160455
[2022-05-01 23:23:56.940] [secedo] [[37mtrace[m] Attempting to cluster into 2 clusters
[2022-05-01 23:23:56.951] [secedo] [[37mtrace[m] Simple Gaussian Model matches data better - stopping the clustering
[2022-05-01 23:23:56.989] [secedo] [[32minfo[m] 

Performing clustering of sub-cluster BBB with 500 elements
[2022-05-01 23:23:56.989] [secedo] [[32minfo[m] Filtering significant positions...
[2022-05-01 23:23:57.941] [secedo] [[37mtrace[m] Avg coverage for cluster BBB: 21.12239813030052. Total positions: 556667
[2022-05-01 23:23:58.583] [secedo] [[32minfo[m] Computing similarity matrix...
Processed:
[2022-05-01 23:23:58.612]	  0.0%, 0/556667
[2022-05-01 23:23:59.939]	 10.0%, 55666/556667
[2022-05-01 23:24:01.298]	 20.0%, 111332/556667
[2022-05-01 23:24:02.648]	 30.0%, 166998/556667
[2022-05-01 23:24:04.003]	 40.0%, 222664/556667
[2022-05-01 23:24:05.344]	 50.0%, 278330/556667
[2022-05-01 23:24:06.683]	 60.0%, 333996/556667
[2022-05-01 23:24:08.025]	 70.0%, 389662/556667
[2022-05-01 23:24:09.370]	 80.0%, 445328/556667
[2022-05-01 23:24:10.714]	 90.0%, 500994/556667
[2022-05-01 23:24:12.061]	100.0%, 556660/556667
[2022-05-01 23:24:12.061]	100.0%, 556667/556667

[2022-05-01 23:24:12.068] [secedo] [[37mtrace[m] Normalizing similarity matrix...
[2022-05-01 23:24:12.077] [secedo] [[32minfo[m] Performing spectral clustering...
[2022-05-01 23:24:12.130] [secedo] [[37mtrace[m] Avg log-likelihood for GMM 1/2/3/4 8.441828484051992/8.459596605007128/8.478320968338288/8.499366523536965	aic 1/2/3/4 -8401.828484051992/-8377.596605007127/-8354.320968338288/-8333.366523536964	bic 1/2/3/4 -8317.536322083548/-8204.797672971818/-8093.015266236112/-7983.5540513679225
[2022-05-01 23:24:12.130] [secedo] [[37mtrace[m] Attempting to cluster into 2 clusters
[2022-05-01 23:24:12.140] [secedo] [[37mtrace[m] Simple Gaussian Model matches data better - stopping the clustering
[2022-05-01 23:24:12.179] [secedo] [[32minfo[m] 

Performing clustering of sub-cluster BBC with 743 elements
[2022-05-01 23:24:12.179] [secedo] [[32minfo[m] Filtering significant positions...
[2022-05-01 23:24:13.279] [secedo] [[37mtrace[m] Avg coverage for cluster BBC: 30.164839940959535. Total positions: 464766
[2022-05-01 23:24:13.824] [secedo] [[32minfo[m] Computing similarity matrix...
Processed:
[2022-05-01 23:24:13.855]	  0.0%, 0/464766
[2022-05-01 23:24:15.675]	 10.0%, 46476/464766
[2022-05-01 23:24:17.510]	 20.0%, 92952/464766
[2022-05-01 23:24:19.361]	 30.0%, 139428/464766
[2022-05-01 23:24:21.214]	 40.0%, 185904/464766
[2022-05-01 23:24:23.050]	 50.0%, 232380/464766
[2022-05-01 23:24:24.911]	 60.0%, 278856/464766
[2022-05-01 23:24:26.742]	 70.0%, 325332/464766
[2022-05-01 23:24:28.580]	 80.0%, 371808/464766
[2022-05-01 23:24:30.412]	 90.0%, 418284/464766
[2022-05-01 23:24:32.224]	100.0%, 464760/464766
[2022-05-01 23:24:32.224]	100.0%, 464766/464766

[2022-05-01 23:24:32.245] [secedo] [[37mtrace[m] Normalizing similarity matrix...
[2022-05-01 23:24:32.256] [secedo] [[32minfo[m] Performing spectral clustering...
[2022-05-01 23:24:32.402] [secedo] [[37mtrace[m] Avg log-likelihood for GMM 1/2/3/4 9.432047504238408/9.442864019953246/9.4482938159752/9.468050727744913	aic 1/2/3/4 -13976.022591298275/-13950.095933650524/-13916.164610539146/-13903.52338142894	bic 1/2/3/4 -13883.80867040392/-13761.057395817095/-13630.301455766645/-13520.835609717367
[2022-05-01 23:24:32.402] [secedo] [[37mtrace[m] Attempting to cluster into 2 clusters
[2022-05-01 23:24:32.415] [secedo] [[37mtrace[m] Simple Gaussian Model matches data better - stopping the clustering
[2022-05-01 23:24:32.612] [secedo] [[32minfo[m] Performing variant calling against /cluster/work/grlab/projects/projects2019-secedo/datasets/varsim/genomes/healthy.fa
[2022-05-01 23:24:33.239] [secedo] [[37mtrace[m] Reading chromosome: 1_maternal (first allele)
[2022-05-01 23:24:34.221] [secedo] [[37mtrace[m] Reading chromosome: >1_paternal (second allele)
[2022-05-01 23:24:35.661] [secedo] [[37mtrace[m] Calling variants on chromosome 1
[2022-05-01 23:24:36.633] [secedo] [[37mtrace[m] Reading chromosome: 2_maternal (first allele)
[2022-05-01 23:24:37.733] [secedo] [[37mtrace[m] Reading chromosome: >2_paternal (second allele)
[2022-05-01 23:24:38.831] [secedo] [[37mtrace[m] Calling variants on chromosome 2
[2022-05-01 23:24:39.839] [secedo] [[37mtrace[m] Reading chromosome: 3_maternal (first allele)
[2022-05-01 23:24:40.702] [secedo] [[37mtrace[m] Reading chromosome: >3_paternal (second allele)
[2022-05-01 23:24:41.632] [secedo] [[37mtrace[m] Calling variants on chromosome 3
[2022-05-01 23:24:42.475] [secedo] [[37mtrace[m] Reading chromosome: 4_maternal (first allele)
[2022-05-01 23:24:43.316] [secedo] [[37mtrace[m] Reading chromosome: >4_paternal (second allele)
[2022-05-01 23:24:44.384] [secedo] [[37mtrace[m] Calling variants on chromosome 4
[2022-05-01 23:24:45.222] [secedo] [[37mtrace[m] Reading chromosome: 5_maternal (first allele)
[2022-05-01 23:24:45.991] [secedo] [[37mtrace[m] Reading chromosome: >5_paternal (second allele)
[2022-05-01 23:24:46.948] [secedo] [[37mtrace[m] Calling variants on chromosome 5
[2022-05-01 23:24:47.716] [secedo] [[37mtrace[m] Reading chromosome: 6_maternal (first allele)
[2022-05-01 23:24:48.499] [secedo] [[37mtrace[m] Reading chromosome: >6_paternal (second allele)
[2022-05-01 23:24:49.320] [secedo] [[37mtrace[m] Calling variants on chromosome 6
[2022-05-01 23:24:50.015] [secedo] [[37mtrace[m] Reading chromosome: 7_maternal (first allele)
[2022-05-01 23:24:50.736] [secedo] [[37mtrace[m] Reading chromosome: >7_paternal (second allele)
[2022-05-01 23:24:51.595] [secedo] [[37mtrace[m] Calling variants on chromosome 7
[2022-05-01 23:24:52.262] [secedo] [[37mtrace[m] Reading chromosome: 8_maternal (first allele)
[2022-05-01 23:24:52.915] [secedo] [[37mtrace[m] Reading chromosome: >8_paternal (second allele)
[2022-05-01 23:24:53.618] [secedo] [[37mtrace[m] Calling variants on chromosome 8
[2022-05-01 23:24:54.221] [secedo] [[37mtrace[m] Reading chromosome: 9_maternal (first allele)
[2022-05-01 23:24:54.776] [secedo] [[37mtrace[m] Reading chromosome: >9_paternal (second allele)
[2022-05-01 23:24:55.463] [secedo] [[37mtrace[m] Calling variants on chromosome 9
[2022-05-01 23:24:55.961] [secedo] [[37mtrace[m] Reading chromosome: 10_maternal (first allele)
[2022-05-01 23:24:56.516] [secedo] [[37mtrace[m] Reading chromosome: >10_paternal (second allele)
[2022-05-01 23:24:57.229] [secedo] [[37mtrace[m] Calling variants on chromosome 10
[2022-05-01 23:24:57.824] [secedo] [[37mtrace[m] Reading chromosome: 11_maternal (first allele)
[2022-05-01 23:24:58.373] [secedo] [[37mtrace[m] Reading chromosome: >11_paternal (second allele)
[2022-05-01 23:24:59.095] [secedo] [[37mtrace[m] Calling variants on chromosome 11
[2022-05-01 23:24:59.669] [secedo] [[37mtrace[m] Reading chromosome: 12_maternal (first allele)
[2022-05-01 23:25:00.233] [secedo] [[37mtrace[m] Reading chromosome: >12_paternal (second allele)
[2022-05-01 23:25:00.943] [secedo] [[37mtrace[m] Calling variants on chromosome 12
[2022-05-01 23:25:01.506] [secedo] [[37mtrace[m] Reading chromosome: 13_maternal (first allele)
[2022-05-01 23:25:02.003] [secedo] [[37mtrace[m] Reading chromosome: >13_paternal (second allele)
[2022-05-01 23:25:02.543] [secedo] [[37mtrace[m] Calling variants on chromosome 13
[2022-05-01 23:25:02.975] [secedo] [[37mtrace[m] Reading chromosome: 14_maternal (first allele)
[2022-05-01 23:25:03.433] [secedo] [[37mtrace[m] Reading chromosome: >14_paternal (second allele)
[2022-05-01 23:25:03.887] [secedo] [[37mtrace[m] Calling variants on chromosome 14
[2022-05-01 23:25:04.269] [secedo] [[37mtrace[m] Reading chromosome: 15_maternal (first allele)
[2022-05-01 23:25:04.670] [secedo] [[37mtrace[m] Reading chromosome: >15_paternal (second allele)
[2022-05-01 23:25:05.223] [secedo] [[37mtrace[m] Calling variants on chromosome 15
[2022-05-01 23:25:05.560] [secedo] [[37mtrace[m] Reading chromosome: 16_maternal (first allele)
[2022-05-01 23:25:05.869] [secedo] [[37mtrace[m] Reading chromosome: >16_paternal (second allele)
[2022-05-01 23:25:06.290] [secedo] [[37mtrace[m] Calling variants on chromosome 16
[2022-05-01 23:25:06.652] [secedo] [[37mtrace[m] Reading chromosome: 17_maternal (first allele)
[2022-05-01 23:25:07.009] [secedo] [[37mtrace[m] Reading chromosome: >17_paternal (second allele)
[2022-05-01 23:25:07.464] [secedo] [[37mtrace[m] Calling variants on chromosome 17
[2022-05-01 23:25:07.790] [secedo] [[37mtrace[m] Reading chromosome: 18_maternal (first allele)
[2022-05-01 23:25:08.052] [secedo] [[37mtrace[m] Reading chromosome: >18_paternal (second allele)
[2022-05-01 23:25:08.405] [secedo] [[37mtrace[m] Calling variants on chromosome 18
[2022-05-01 23:25:08.741] [secedo] [[37mtrace[m] Reading chromosome: 19_maternal (first allele)
[2022-05-01 23:25:08.996] [secedo] [[37mtrace[m] Reading chromosome: >19_paternal (second allele)
[2022-05-01 23:25:09.316] [secedo] [[37mtrace[m] Calling variants on chromosome 19
[2022-05-01 23:25:09.582] [secedo] [[37mtrace[m] Reading chromosome: 20_maternal (first allele)
[2022-05-01 23:25:09.785] [secedo] [[37mtrace[m] Reading chromosome: >20_paternal (second allele)
[2022-05-01 23:25:10.107] [secedo] [[37mtrace[m] Calling variants on chromosome 20
[2022-05-01 23:25:10.378] [secedo] [[37mtrace[m] Reading chromosome: 21_maternal (first allele)
[2022-05-01 23:25:10.547] [secedo] [[37mtrace[m] Reading chromosome: >21_paternal (second allele)
[2022-05-01 23:25:10.779] [secedo] [[37mtrace[m] Calling variants on chromosome 21
[2022-05-01 23:25:10.943] [secedo] [[37mtrace[m] Reading chromosome: 22_maternal (first allele)
[2022-05-01 23:25:11.125] [secedo] [[37mtrace[m] Reading chromosome: >22_paternal (second allele)
[2022-05-01 23:25:11.399] [secedo] [[37mtrace[m] Calling variants on chromosome 22
[2022-05-01 23:25:11.558] [secedo] [[37mtrace[m] Reading chromosome: X_maternal (first allele)
[2022-05-01 23:25:12.089] [secedo] [[32minfo[m] Male genome detected; Simulating homozygous X
[2022-05-01 23:25:12.212] [secedo] [[37mtrace[m] Calling variants on chromosome 23
[2022-05-01 23:25:12.289] [secedo] [[37mtrace[m] Reading chromosome: Y_paternal (first allele)
[2022-05-01 23:25:12.468] [secedo] [[32minfo[m] Simulating homozygous >Y_paternal
[2022-05-01 23:25:12.513] [secedo] [[37mtrace[m] Calling variants on chromosome 24
[2022-05-01 23:25:12.593] [secedo] [[32minfo[m] Done.
9817.87user 54.79system 11:31.76elapsed 1427%CPU (0avgtext+0avgdata 10286132maxresident)k
821200inputs+208544outputs (0major+19553016minor)pagefaults 0swaps
