Sender: LSF System <lsfadmin@le-amd-fp-004>
Subject: Job 4508300: <secedo> in cluster <ethsec> Done

Job <secedo> was submitted from host <ethsec-login-02> by user <ddanciu> in cluster <ethsec> at Sun May  1 23:13:34 2022
Job was executed on host(s) <20*le-amd-fp-004>, in queue <normal.4h>, as user <ddanciu> in cluster <ethsec> at Sun May  1 23:13:40 2022
</cluster/home/ddanciu> was used as the home directory.
</cluster/home/ddanciu/somatic_variant_calling/secedo-evaluation/varsim> was used as the working directory.
Started at Sun May  1 23:13:40 2022
Terminated at Sun May  1 23:23:48 2022
Results reported at Sun May  1 23:23:48 2022

Your job looked like:

------------------------------------------------------------
# LSBATCH: User input
/usr/bin/time /cluster/work/grlab/projects/projects2019-secedo/code/build/secedo -i /cluster/work/grlab/projects/projects2019-secedo/datasets/varsim/big/pileups/ -o /cluster/work/grlab/projects/projects2019-secedo/datasets/varsim/big/h0.3_theta0.05_epsilon0.2/ --num_threads 20 --log_level=trace              --flagfile /cluster/work/grlab/projects/projects2019-secedo/code/flags_sim              --homozygous_filtered_rate=0.3              --seq_error_rate=0.05              --mutation_rate=0.2              --reference_genome=/cluster/work/grlab/projects/projects2019-secedo/datasets/varsim/genomes/healthy.fa              --map_file=/cluster/work/grlab/projects/projects2019-secedo/datasets/varsim/genomes/healthy.map              --clustering_type SPECTRAL6 --merge_count 1 --max_coverage 1000 | tee /cluster/work/grlab/projects/projects2019-secedo/datasets/varsim/big/h0.3_theta0.05_epsilon0.2//secedo.log
------------------------------------------------------------

Successfully completed.

Resource usage summary:

    CPU time :                                   8297.08 sec.
    Max Memory :                                 10142 MB
    Average Memory :                             8517.04 MB
    Total Requested Memory :                     100000.00 MB
    Delta Memory :                               89858.00 MB
    Max Swap :                                   -
    Max Processes :                              6
    Max Threads :                                26
    Run time :                                   608 sec.
    Turnaround time :                            614 sec.

The output (if any) follows:

[2022-05-01 23:13:42.091] [secedo] [[32minfo[m] Looking for binary pileup files in "/cluster/work/grlab/projects/projects2019-secedo/datasets/varsim/big/pileups/"
[2022-05-01 23:13:42.096] [secedo] [[32minfo[m] Found 23 binary pileup files: "/cluster/work/grlab/projects/projects2019-secedo/datasets/varsim/big/pileups/chromosome_7.pileup.bin","/cluster/work/grlab/projects/projects2019-secedo/datasets/varsim/big/pileups/chromosome_20.pileup.bin","/cluster/work/grlab/projects/projects2019-secedo/datasets/varsim/big/pileups/chromosome_5.pileup.bin","/cluster/work/grlab/projects/projects2019-secedo/datasets/varsim/big/pileups/chromosome_17.pileup.bin","/cluster/work/grlab/projects/projects2019-secedo/datasets/varsim/big/pileups/chromosome_3.pileup.bin","/cluster/work/grlab/projects/projects2019-secedo/datasets/varsim/big/pileups/chromosome_10.pileup.bin","/cluster/work/grlab/projects/projects2019-secedo/datasets/varsim/big/pileups/chromosome_13.pileup.bin","/cluster/work/grlab/projects/projects2019-secedo/datasets/varsim/big/pileups/chromosome_1.pileup.bin","/cluster/work/grlab/projects/projects2019-secedo/datasets/varsim/big/pileups/chromosome_16.pileup.bin","/cluster/work/grlab/projects/projects2019-secedo/datasets/varsim/big/pileups/chromosome_15.pileup.bin","/cluster/work/grlab/projects/projects2019-secedo/datasets/varsim/big/pileups/chromosome_22.pileup.bin","/cluster/work/grlab/projects/projects2019-secedo/datasets/varsim/big/pileups/chromosome_21.pileup.bin","/cluster/work/grlab/projects/projects2019-secedo/datasets/varsim/big/pileups/chromosome_9.pileup.bin","/cluster/work/grlab/projects/projects2019-secedo/datasets/varsim/big/pileups/chromosome_18.pileup.bin","/cluster/work/grlab/projects/projects2019-secedo/datasets/varsim/big/pileups/chromosome_2.pileup.bin","/cluster/work/grlab/projects/projects2019-secedo/datasets/varsim/big/pileups/chromosome_12.pileup.bin","/cluster/work/grlab/projects/projects2019-secedo/datasets/varsim/big/pileups/chromosome_6.pileup.bin","/cluster/work/grlab/projects/projects2019-secedo/datasets/varsim/big/pileups/chromosome_14.pileup.bin","/cluster/work/grlab/projects/projects2019-secedo/datasets/varsim/big/pileups/chromosome_4.pileup.bin","/cluster/work/grlab/projects/projects2019-secedo/datasets/varsim/big/pileups/chromosome_X.pileup.bin","/cluster/work/grlab/projects/projects2019-secedo/datasets/varsim/big/pileups/chromosome_19.pileup.bin","/cluster/work/grlab/projects/projects2019-secedo/datasets/varsim/big/pileups/chromosome_8.pileup.bin","/cluster/work/grlab/projects/projects2019-secedo/datasets/varsim/big/pileups/chromosome_11.pileup.bin"

Reading progress
[2022-05-01 23:13:42.335]	  0.0%, 0/4184088592
[2022-05-01 23:13:42.468]	  1.0%, 41842572/4184088592
[2022-05-01 23:13:42.529]	  2.0%, 83683584/4184088592
[2022-05-01 23:13:42.741]	  3.0%, 125524170/4184088592
[2022-05-01 23:13:42.815]	  4.0%, 167363898/4184088592
[2022-05-01 23:13:42.863] [secedo] [[37mtrace[m] /cluster/work/grlab/projects/projects2019-secedo/datasets/varsim/big/pileups/chromosome_X.pileup.bin: found 7250 cell ids, 7250 after grouping
[2022-05-01 23:13:42.898]	  5.0%, 209205342/4184088592
[2022-05-01 23:13:42.956]	  6.0%, 251046528/4184088592
[2022-05-01 23:13:43.021]	  7.0%, 292886550/4184088592
[2022-05-01 23:13:43.085]	  8.0%, 334728066/4184088592
[2022-05-01 23:13:43.150]	  9.0%, 376568868/4184088592
[2022-05-01 23:13:43.217]	 10.0%, 418410198/4184088592
[2022-05-01 23:13:43.281]	 11.0%, 460250910/4184088592
[2022-05-01 23:13:43.348]	 12.0%, 502092144/4184088592
[2022-05-01 23:13:43.411]	 13.0%, 543932622/4184088592
[2022-05-01 23:13:43.473]	 14.0%, 585773490/4184088592
[2022-05-01 23:13:43.538]	 15.0%, 627613644/4184088592
[2022-05-01 23:13:43.605]	 16.0%, 669455304/4184088592
[2022-05-01 23:13:43.650] [secedo] [[37mtrace[m] /cluster/work/grlab/projects/projects2019-secedo/datasets/varsim/big/pileups/chromosome_21.pileup.bin: found 7250 cell ids, 7250 after grouping
[2022-05-01 23:13:43.675]	 17.0%, 711295362/4184088592
[2022-05-01 23:13:43.753]	 18.0%, 753136302/4184088592
[2022-05-01 23:13:43.824]	 19.0%, 794977674/4184088592
[2022-05-01 23:13:43.896]	 20.0%, 836818410/4184088592
[2022-05-01 23:13:43.967]	 21.0%, 878659860/4184088592
[2022-05-01 23:13:44.038]	 22.0%, 920499522/4184088592
[2022-05-01 23:13:44.110]	 23.0%, 962340522/4184088592
[2022-05-01 23:13:44.182]	 24.0%, 1004181474/4184088592
[2022-05-01 23:13:44.253]	 25.0%, 1046023236/4184088592
[2022-05-01 23:13:44.330]	 26.0%, 1087863126/4184088592
[2022-05-01 23:13:44.387] [secedo] [[37mtrace[m] /cluster/work/grlab/projects/projects2019-secedo/datasets/varsim/big/pileups/chromosome_18.pileup.bin: found 7250 cell ids, 7250 after grouping
[2022-05-01 23:13:44.422]	 27.0%, 1129704414/4184088592
[2022-05-01 23:13:44.515]	 28.0%, 1171545222/4184088592
[2022-05-01 23:13:44.567] [secedo] [[37mtrace[m] /cluster/work/grlab/projects/projects2019-secedo/datasets/varsim/big/pileups/chromosome_22.pileup.bin: found 7250 cell ids, 7250 after grouping
[2022-05-01 23:13:44.615]	 29.0%, 1213386888/4184088592
[2022-05-01 23:13:44.706]	 30.0%, 1255227054/4184088592
[2022-05-01 23:13:44.801]	 31.0%, 1297067862/4184088592
[2022-05-01 23:13:44.892]	 32.0%, 1338909846/4184088592
[2022-05-01 23:13:44.988]	 33.0%, 1380749706/4184088592
[2022-05-01 23:13:45.079]	 34.0%, 1422590880/4184088592
[2022-05-01 23:13:45.175]	 35.0%, 1464431646/4184088592
[2022-05-01 23:13:45.271]	 36.0%, 1506272754/4184088592
[2022-05-01 23:13:45.362]	 37.0%, 1548112938/4184088592
[2022-05-01 23:13:45.459]	 38.0%, 1589953782/4184088592
[2022-05-01 23:13:45.555]	 39.0%, 1631794878/4184088592
[2022-05-01 23:13:45.650]	 40.0%, 1673636574/4184088592
[2022-05-01 23:13:45.692] [secedo] [[37mtrace[m] /cluster/work/grlab/projects/projects2019-secedo/datasets/varsim/big/pileups/chromosome_19.pileup.bin: found 7250 cell ids, 7250 after grouping
[2022-05-01 23:13:45.749]	 41.0%, 1715477124/4184088592
[2022-05-01 23:13:45.852]	 42.0%, 1757318046/4184088592
[2022-05-01 23:13:45.962]	 43.0%, 1799158626/4184088592
[2022-05-01 23:13:46.061]	 44.0%, 1840999956/4184088592
[2022-05-01 23:13:46.163]	 45.0%, 1882840110/4184088592
[2022-05-01 23:13:46.272]	 46.0%, 1924681488/4184088592
[2022-05-01 23:13:46.365]	 47.0%, 1966522374/4184088592
[2022-05-01 23:13:46.463]	 48.0%, 2008363272/4184088592
[2022-05-01 23:13:46.567]	 49.0%, 2050204782/4184088592
[2022-05-01 23:13:46.672]	 50.0%, 2092045212/4184088592
[2022-05-01 23:13:46.776]	 51.0%, 2133886788/4184088592
[2022-05-01 23:13:46.887]	 52.0%, 2175727530/4184088592
[2022-05-01 23:13:46.997]	 53.0%, 2217567372/4184088592
[2022-05-01 23:13:47.097]	 54.0%, 2259408612/4184088592
[2022-05-01 23:13:47.205]	 55.0%, 2301249006/4184088592
[2022-05-01 23:13:47.318]	 56.0%, 2343090546/4184088592
[2022-05-01 23:13:47.383] [secedo] [[37mtrace[m] /cluster/work/grlab/projects/projects2019-secedo/datasets/varsim/big/pileups/chromosome_20.pileup.bin: found 7250 cell ids, 7250 after grouping
[2022-05-01 23:13:47.436]	 57.0%, 2384932134/4184088592
[2022-05-01 23:13:47.529]	 58.0%, 2426773116/4184088592
[2022-05-01 23:13:47.623]	 59.0%, 2468613534/4184088592
[2022-05-01 23:13:47.627] [secedo] [[37mtrace[m] /cluster/work/grlab/projects/projects2019-secedo/datasets/varsim/big/pileups/chromosome_15.pileup.bin: found 7250 cell ids, 7250 after grouping
[2022-05-01 23:13:47.692] [secedo] [[37mtrace[m] /cluster/work/grlab/projects/projects2019-secedo/datasets/varsim/big/pileups/chromosome_17.pileup.bin: found 7250 cell ids, 7250 after grouping
[2022-05-01 23:13:47.726]	 60.0%, 2510453568/4184088592
[2022-05-01 23:13:47.841]	 61.0%, 2552294064/4184088592
[2022-05-01 23:13:47.954]	 62.0%, 2594135850/4184088592
[2022-05-01 23:13:48.069]	 63.0%, 2635977132/4184088592
[2022-05-01 23:13:48.186]	 64.0%, 2677817316/4184088592
[2022-05-01 23:13:48.295]	 65.0%, 2719658670/4184088592
[2022-05-01 23:13:48.421]	 66.0%, 2761499034/4184088592
[2022-05-01 23:13:48.549]	 67.0%, 2803339908/4184088592
[2022-05-01 23:13:48.665]	 68.0%, 2845181604/4184088592
[2022-05-01 23:13:48.778]	 69.0%, 2887021644/4184088592
[2022-05-01 23:13:48.840] [secedo] [[37mtrace[m] /cluster/work/grlab/projects/projects2019-secedo/datasets/varsim/big/pileups/chromosome_16.pileup.bin: found 7250 cell ids, 7250 after grouping
[2022-05-01 23:13:48.901]	 70.0%, 2928862194/4184088592
[2022-05-01 23:13:49.030]	 71.0%, 2970704148/4184088592
[2022-05-01 23:13:49.154]	 72.0%, 3012544302/4184088592
[2022-05-01 23:13:49.280]	 73.0%, 3054385830/4184088592
[2022-05-01 23:13:49.404]	 74.0%, 3096226674/4184088592
[2022-05-01 23:13:49.533] [secedo] [[37mtrace[m] /cluster/work/grlab/projects/projects2019-secedo/datasets/varsim/big/pileups/chromosome_13.pileup.bin: found 7250 cell ids, 7250 after grouping
[2022-05-01 23:13:49.539]	 75.0%, 3138066606/4184088592
[2022-05-01 23:13:49.563] [secedo] [[37mtrace[m] /cluster/work/grlab/projects/projects2019-secedo/datasets/varsim/big/pileups/chromosome_11.pileup.bin: found 7250 cell ids, 7250 after grouping
[2022-05-01 23:13:49.696]	 76.0%, 3179909226/4184088592
[2022-05-01 23:13:49.724] [secedo] [[37mtrace[m] /cluster/work/grlab/projects/projects2019-secedo/datasets/varsim/big/pileups/chromosome_6.pileup.bin: found 7250 cell ids, 7250 after grouping
[2022-05-01 23:13:49.727] [secedo] [[37mtrace[m] /cluster/work/grlab/projects/projects2019-secedo/datasets/varsim/big/pileups/chromosome_3.pileup.bin: found 7250 cell ids, 7250 after grouping
[2022-05-01 23:13:49.815] [secedo] [[37mtrace[m] /cluster/work/grlab/projects/projects2019-secedo/datasets/varsim/big/pileups/chromosome_8.pileup.bin: found 7250 cell ids, 7250 after grouping
[2022-05-01 23:13:49.898]	 77.0%, 3221748990/4184088592
[2022-05-01 23:13:50.013] [secedo] [[37mtrace[m] /cluster/work/grlab/projects/projects2019-secedo/datasets/varsim/big/pileups/chromosome_1.pileup.bin: found 7250 cell ids, 7250 after grouping
[2022-05-01 23:13:50.166]	 78.0%, 3263590002/4184088592
[2022-05-01 23:13:50.476]	 79.0%, 3305430060/4184088592
[2022-05-01 23:13:50.773]	 80.0%, 3347271618/4184088592
[2022-05-01 23:13:50.797] [secedo] [[37mtrace[m] /cluster/work/grlab/projects/projects2019-secedo/datasets/varsim/big/pileups/chromosome_9.pileup.bin: found 7250 cell ids, 7250 after grouping
[2022-05-01 23:13:51.143]	 81.0%, 3389112348/4184088592
[2022-05-01 23:13:51.279] [secedo] [[37mtrace[m] /cluster/work/grlab/projects/projects2019-secedo/datasets/varsim/big/pileups/chromosome_4.pileup.bin: found 7250 cell ids, 7250 after grouping
[2022-05-01 23:13:51.595]	 82.0%, 3430954338/4184088592
[2022-05-01 23:13:51.934] [secedo] [[37mtrace[m] /cluster/work/grlab/projects/projects2019-secedo/datasets/varsim/big/pileups/chromosome_7.pileup.bin: found 7250 cell ids, 7250 after grouping
[2022-05-01 23:13:52.152]	 83.0%, 3472794546/4184088592
[2022-05-01 23:13:52.805]	 84.0%, 3514634754/4184088592
[2022-05-01 23:13:52.961] [secedo] [[37mtrace[m] /cluster/work/grlab/projects/projects2019-secedo/datasets/varsim/big/pileups/chromosome_5.pileup.bin: found 7250 cell ids, 7250 after grouping
[2022-05-01 23:13:53.909]	 85.0%, 3556475298/4184088592
[2022-05-01 23:13:54.865]	 86.0%, 3598316616/4184088592
[2022-05-01 23:13:55.603] [secedo] [[37mtrace[m] /cluster/work/grlab/projects/projects2019-secedo/datasets/varsim/big/pileups/chromosome_2.pileup.bin: found 7250 cell ids, 7250 after grouping
[2022-05-01 23:13:56.843]	 87.0%, 3640157536/4184088592
[2022-05-01 23:13:56.900]	 88.0%, 3681999130/4184088592
[2022-05-01 23:13:56.956]	 89.0%, 3723840148/4184088592
[2022-05-01 23:13:57.358]	 90.0%, 3765680380/4184088592
[2022-05-01 23:13:57.425] [secedo] [[37mtrace[m] /cluster/work/grlab/projects/projects2019-secedo/datasets/varsim/big/pileups/chromosome_14.pileup.bin: found 7250 cell ids, 7250 after grouping
[2022-05-01 23:13:59.774]	 91.0%, 3807521716/4184088592
[2022-05-01 23:13:59.846]	 92.0%, 3849361900/4184088592
[2022-05-01 23:13:59.914]	 93.0%, 3891203326/4184088592
[2022-05-01 23:13:59.951]	 94.0%, 3933043726/4184088592
[2022-05-01 23:13:59.987]	 95.0%, 3974884096/4184088592
[2022-05-01 23:14:00.024]	 96.0%, 4016726914/4184088592
[2022-05-01 23:14:00.080]	 97.0%, 4058566726/4184088592
[2022-05-01 23:14:00.084] [secedo] [[37mtrace[m] /cluster/work/grlab/projects/projects2019-secedo/datasets/varsim/big/pileups/chromosome_12.pileup.bin: found 7250 cell ids, 7250 after grouping
[2022-05-01 23:14:00.138]	 98.0%, 4100406772/4184088592
[2022-05-01 23:14:00.196]	 99.0%, 4142247832/4184088592
[2022-05-01 23:14:00.248]	100.0%, 4184088592/4184088592

[2022-05-01 23:14:00.248] [secedo] [[37mtrace[m] /cluster/work/grlab/projects/projects2019-secedo/datasets/varsim/big/pileups/chromosome_10.pileup.bin: found 7250 cell ids, 7250 after grouping
[2022-05-01 23:14:01.030] [secedo] [[32minfo[m] Filtering significant positions...
[2022-05-01 23:14:02.793] [secedo] [[37mtrace[m] Avg coverage for cluster : 132.8673623954205. Total positions: 113550
[2022-05-01 23:14:02.954] [secedo] [[32minfo[m] Computing similarity matrix...
Processed:
[2022-05-01 23:14:03.173]	  0.0%, 0/113550
[2022-05-01 23:14:14.090]	 10.0%, 11355/113550
[2022-05-01 23:14:24.574]	 20.0%, 22710/113550
[2022-05-01 23:14:34.910]	 30.0%, 34065/113550
[2022-05-01 23:14:45.001]	 40.0%, 45420/113550
[2022-05-01 23:14:54.868]	 50.0%, 56775/113550
[2022-05-01 23:15:05.357]	 60.0%, 68130/113550
[2022-05-01 23:15:15.477]	 70.0%, 79485/113550
[2022-05-01 23:15:25.866]	 80.0%, 90840/113550
[2022-05-01 23:15:34.487]	 90.0%, 102195/113550
[2022-05-01 23:15:42.522]	100.0%, 113550/113550

[2022-05-01 23:15:42.579] [secedo] [[37mtrace[m] Normalizing similarity matrix...
[2022-05-01 23:15:42.691] [secedo] [[32minfo[m] Performing spectral clustering...
[2022-05-01 23:17:01.194] [secedo] [[37mtrace[m] Avg log-likelihood for GMM 1/2/3/4 15.130094985247446/16.855402253475496/18.362109035722625/19.294599974051405	aic 1/2/3/4 -219346.37728608795/-244321.3326753947/-266126.5810179781/-279605.69962374534	bic 1/2/3/4 -219208.60215113097/-244038.8936487329/-265699.4780996115/-279033.9328136739
[2022-05-01 23:17:01.194] [secedo] [[37mtrace[m] Attempting to cluster into 2 clusters
[2022-05-01 23:17:01.259] [secedo] [[37mtrace[m] Cluster 1 has 1999 cells
[2022-05-01 23:17:01.259] [secedo] [[37mtrace[m] Cluster 2 has 5251 cells
[2022-05-01 23:17:01.259] [secedo] [[37mtrace[m] Cluster 3 has 0 cells
[2022-05-01 23:17:01.259] [secedo] [[37mtrace[m] Cluster 4 has 0 cells
[2022-05-01 23:17:01.319] [secedo] [[32minfo[m] Skipping clustering refinement via expectation maximization...
[2022-05-01 23:17:01.324] [secedo] [[32minfo[m] 

Performing clustering of sub-cluster A with 1999 elements
[2022-05-01 23:17:01.324] [secedo] [[32minfo[m] Filtering significant positions...
[2022-05-01 23:17:02.647] [secedo] [[37mtrace[m] Avg coverage for cluster A: 68.42493725101895. Total positions: 173708
[2022-05-01 23:17:02.879] [secedo] [[32minfo[m] Computing similarity matrix...
Processed:
[2022-05-01 23:17:02.917]	  0.0%, 0/173708
[2022-05-01 23:17:05.975]	 10.0%, 17370/173708
[2022-05-01 23:17:09.055]	 20.0%, 34740/173708
[2022-05-01 23:17:12.121]	 30.0%, 52110/173708
[2022-05-01 23:17:15.165]	 40.0%, 69480/173708
[2022-05-01 23:17:18.240]	 50.0%, 86850/173708
[2022-05-01 23:17:21.286]	 60.0%, 104220/173708
[2022-05-01 23:17:24.281]	 70.0%, 121590/173708
[2022-05-01 23:17:27.375]	 80.0%, 138960/173708
[2022-05-01 23:17:30.421]	 90.0%, 156330/173708
[2022-05-01 23:17:33.310]	100.0%, 173700/173708
[2022-05-01 23:17:33.310]	100.0%, 173708/173708

[2022-05-01 23:17:33.331] [secedo] [[37mtrace[m] Normalizing similarity matrix...
[2022-05-01 23:17:33.344] [secedo] [[32minfo[m] Performing spectral clustering...
[2022-05-01 23:17:35.106] [secedo] [[37mtrace[m] Avg log-likelihood for GMM 1/2/3/4 11.906313274463358/11.907013197523803/11.914782453864646/11.914965939139032	aic 1/2/3/4 -47561.44047130451/-47522.23876370017/-47511.300250550856/-47470.03382467785	bic 1/2/3/4 -47449.4324246145/-47292.62226798565/-47164.07530581183/-47005.200430914316
[2022-05-01 23:17:35.106] [secedo] [[37mtrace[m] Attempting to cluster into 2 clusters
[2022-05-01 23:17:35.147] [secedo] [[37mtrace[m] Simple Gaussian Model matches data better - stopping the clustering
[2022-05-01 23:17:35.170] [secedo] [[32minfo[m] 

Performing clustering of sub-cluster B with 5251 elements
[2022-05-01 23:17:35.170] [secedo] [[32minfo[m] Filtering significant positions...
[2022-05-01 23:17:36.808] [secedo] [[37mtrace[m] Avg coverage for cluster B: 89.22061812856549. Total positions: 91502
[2022-05-01 23:17:36.930] [secedo] [[32minfo[m] Computing similarity matrix...
Processed:
[2022-05-01 23:17:37.049]	  0.0%, 0/91502
[2022-05-01 23:17:41.156]	 10.0%, 9150/91502
[2022-05-01 23:17:45.174]	 20.0%, 18300/91502
[2022-05-01 23:17:49.180]	 30.0%, 27450/91502
[2022-05-01 23:17:53.150]	 40.0%, 36600/91502
[2022-05-01 23:17:57.107]	 50.0%, 45750/91502
[2022-05-01 23:18:01.136]	 60.0%, 54900/91502
[2022-05-01 23:18:05.076]	 70.0%, 64050/91502
[2022-05-01 23:18:08.773]	 80.0%, 73200/91502
[2022-05-01 23:18:12.221]	 90.0%, 82350/91502
[2022-05-01 23:18:15.377]	100.0%, 91500/91502
[2022-05-01 23:18:15.378]	100.0%, 91502/91502

[2022-05-01 23:18:15.416] [secedo] [[37mtrace[m] Normalizing similarity matrix...
[2022-05-01 23:18:15.475] [secedo] [[32minfo[m] Performing spectral clustering...
[2022-05-01 23:18:47.286] [secedo] [[37mtrace[m] Avg log-likelihood for GMM 1/2/3/4 14.321840767383193/15.629968852754654/15.637268874823246/16.698851300920925	aic 1/2/3/4 -150367.9717390583/-164063.93289162937/-164098.59772339373/-175205.33636227154	bic 1/2/3/4 -150236.64826278554/-163794.71976527022/-163691.4949469482/-174660.3439357396
[2022-05-01 23:18:47.286] [secedo] [[37mtrace[m] Attempting to cluster into 3 clusters
[2022-05-01 23:18:47.356] [secedo] [[37mtrace[m] Cluster 1 has 1503 cells
[2022-05-01 23:18:47.356] [secedo] [[37mtrace[m] Cluster 2 has 1751 cells
[2022-05-01 23:18:47.356] [secedo] [[37mtrace[m] Cluster 3 has 1997 cells
[2022-05-01 23:18:47.356] [secedo] [[37mtrace[m] Cluster 4 has 0 cells
[2022-05-01 23:18:47.391] [secedo] [[32minfo[m] Skipping clustering refinement via expectation maximization...
[2022-05-01 23:18:47.394] [secedo] [[32minfo[m] 

Performing clustering of sub-cluster BA with 1503 elements
[2022-05-01 23:18:47.394] [secedo] [[32minfo[m] Filtering significant positions...
[2022-05-01 23:18:48.739] [secedo] [[37mtrace[m] Avg coverage for cluster BA: 57.370897593961075. Total positions: 264418
[2022-05-01 23:18:49.081] [secedo] [[32minfo[m] Computing similarity matrix...
Processed:
[2022-05-01 23:18:49.114]	  0.0%, 0/264418
[2022-05-01 23:18:52.635]	 10.0%, 26441/264418
[2022-05-01 23:18:56.093]	 20.0%, 52882/264418
[2022-05-01 23:18:59.504]	 30.0%, 79323/264418
[2022-05-01 23:19:02.893]	 40.0%, 105764/264418
[2022-05-01 23:19:06.264]	 50.0%, 132205/264418
[2022-05-01 23:19:09.698]	 60.0%, 158646/264418
[2022-05-01 23:19:13.036]	 70.0%, 185087/264418
[2022-05-01 23:19:16.524]	 80.0%, 211528/264418
[2022-05-01 23:19:20.052]	 90.0%, 237969/264418
[2022-05-01 23:19:23.439]	100.0%, 264410/264418
[2022-05-01 23:19:23.439]	100.0%, 264418/264418

[2022-05-01 23:19:23.457] [secedo] [[37mtrace[m] Normalizing similarity matrix...
[2022-05-01 23:19:23.466] [secedo] [[32minfo[m] Performing spectral clustering...
[2022-05-01 23:19:24.198] [secedo] [[37mtrace[m] Avg log-likelihood for GMM 1/2/3/4 11.193507634178887/11.278508761764416/11.664959635661027/12.910518907331126	aic 1/2/3/4 -33607.683948341735/-33821.197337863836/-34940.868664797046/-38643.019835437364	bic 1/2/3/4 -33501.37958054667/-33603.27338388396/-34611.32512463236/-38201.856709087864
[2022-05-01 23:19:24.198] [secedo] [[37mtrace[m] Attempting to cluster into 3 clusters
[2022-05-01 23:19:24.227] [secedo] [[37mtrace[m] Cluster 1 has 503 cells
[2022-05-01 23:19:24.227] [secedo] [[37mtrace[m] Cluster 2 has 500 cells
[2022-05-01 23:19:24.227] [secedo] [[37mtrace[m] Cluster 3 has 500 cells
[2022-05-01 23:19:24.227] [secedo] [[37mtrace[m] Cluster 4 has 0 cells
[2022-05-01 23:19:24.230] [secedo] [[32minfo[m] Skipping clustering refinement via expectation maximization...
[2022-05-01 23:19:24.232] [secedo] [[32minfo[m] 

Performing clustering of sub-cluster BAA with 503 elements
[2022-05-01 23:19:24.232] [secedo] [[32minfo[m] Filtering significant positions...
[2022-05-01 23:19:25.224] [secedo] [[37mtrace[m] Avg coverage for cluster BAA: 21.213256118091373. Total positions: 558957
[2022-05-01 23:19:25.863] [secedo] [[32minfo[m] Computing similarity matrix...
Processed:
[2022-05-01 23:19:25.887]	  0.0%, 0/558957
[2022-05-01 23:19:27.271]	 10.0%, 55895/558957
[2022-05-01 23:19:28.659]	 20.0%, 111790/558957
[2022-05-01 23:19:30.066]	 30.0%, 167685/558957
[2022-05-01 23:19:31.457]	 40.0%, 223580/558957
[2022-05-01 23:19:32.856]	 50.0%, 279475/558957
[2022-05-01 23:19:34.262]	 60.0%, 335370/558957
[2022-05-01 23:19:35.671]	 70.0%, 391265/558957
[2022-05-01 23:19:37.087]	 80.0%, 447160/558957
[2022-05-01 23:19:38.499]	 90.0%, 503055/558957
[2022-05-01 23:19:39.902]	100.0%, 558950/558957
[2022-05-01 23:19:39.902]	100.0%, 558957/558957

[2022-05-01 23:19:39.910] [secedo] [[37mtrace[m] Normalizing similarity matrix...
[2022-05-01 23:19:39.915] [secedo] [[32minfo[m] Performing spectral clustering...
[2022-05-01 23:19:39.967] [secedo] [[37mtrace[m] Avg log-likelihood for GMM 1/2/3/4 8.456783117533135/8.480087891154383/8.493699548668989/8.505777923827297	aic 1/2/3/4 -8467.523816238334/-8448.96841850131/-8420.661745961002/-8390.81259137026	bic 1/2/3/4 -8383.11201283634/-8275.92422152722/-8158.985155414819/-8040.503607251982
[2022-05-01 23:19:39.968] [secedo] [[37mtrace[m] Attempting to cluster into 2 clusters
[2022-05-01 23:19:39.977] [secedo] [[37mtrace[m] Simple Gaussian Model matches data better - stopping the clustering
[2022-05-01 23:19:40.013] [secedo] [[32minfo[m] 

Performing clustering of sub-cluster BAB with 500 elements
[2022-05-01 23:19:40.013] [secedo] [[32minfo[m] Filtering significant positions...
[2022-05-01 23:19:41.030] [secedo] [[37mtrace[m] Avg coverage for cluster BAB: 21.123015484080213. Total positions: 561157
[2022-05-01 23:19:41.686] [secedo] [[32minfo[m] Computing similarity matrix...
Processed:
[2022-05-01 23:19:41.710]	  0.0%, 0/561157
[2022-05-01 23:19:43.028]	 10.0%, 56115/561157
[2022-05-01 23:19:44.339]	 20.0%, 112230/561157
[2022-05-01 23:19:45.661]	 30.0%, 168345/561157
[2022-05-01 23:19:46.965]	 40.0%, 224460/561157
[2022-05-01 23:19:48.271]	 50.0%, 280575/561157
[2022-05-01 23:19:49.582]	 60.0%, 336690/561157
[2022-05-01 23:19:50.885]	 70.0%, 392805/561157
[2022-05-01 23:19:52.192]	 80.0%, 448920/561157
[2022-05-01 23:19:53.499]	 90.0%, 505035/561157
[2022-05-01 23:19:54.803]	100.0%, 561150/561157
[2022-05-01 23:19:54.803]	100.0%, 561157/561157

[2022-05-01 23:19:54.820] [secedo] [[37mtrace[m] Normalizing similarity matrix...
[2022-05-01 23:19:54.824] [secedo] [[32minfo[m] Performing spectral clustering...
[2022-05-01 23:19:54.879] [secedo] [[37mtrace[m] Avg log-likelihood for GMM 1/2/3/4 8.441827782920964/8.45304451504942/8.475520057373142/8.506141894801852	aic 1/2/3/4 -8401.827782920964/-8371.04451504942/-8351.520057373142/-8340.14189480185	bic 1/2/3/4 -8317.53562095252/-8198.24558301411/-8090.214355270966/-7990.329422632809
[2022-05-01 23:19:54.879] [secedo] [[37mtrace[m] Attempting to cluster into 2 clusters
[2022-05-01 23:19:54.886] [secedo] [[37mtrace[m] Simple Gaussian Model matches data better - stopping the clustering
[2022-05-01 23:19:54.928] [secedo] [[32minfo[m] 

Performing clustering of sub-cluster BAC with 500 elements
[2022-05-01 23:19:54.928] [secedo] [[32minfo[m] Filtering significant positions...
[2022-05-01 23:19:55.921] [secedo] [[37mtrace[m] Avg coverage for cluster BAC: 21.11059609002466. Total positions: 562868
[2022-05-01 23:19:56.582] [secedo] [[32minfo[m] Computing similarity matrix...
Processed:
[2022-05-01 23:19:56.606]	  0.0%, 0/562868
[2022-05-01 23:19:57.928]	 10.0%, 56286/562868
[2022-05-01 23:19:59.268]	 20.0%, 112572/562868
[2022-05-01 23:20:00.638]	 30.0%, 168858/562868
[2022-05-01 23:20:02.020]	 40.0%, 225144/562868
[2022-05-01 23:20:03.408]	 50.0%, 281430/562868
[2022-05-01 23:20:04.807]	 60.0%, 337716/562868
[2022-05-01 23:20:06.198]	 70.0%, 394002/562868
[2022-05-01 23:20:07.602]	 80.0%, 450288/562868
[2022-05-01 23:20:08.964]	 90.0%, 506574/562868
[2022-05-01 23:20:10.307]	100.0%, 562860/562868
[2022-05-01 23:20:10.307]	100.0%, 562868/562868

[2022-05-01 23:20:10.314] [secedo] [[37mtrace[m] Normalizing similarity matrix...
[2022-05-01 23:20:10.319] [secedo] [[32minfo[m] Performing spectral clustering...
[2022-05-01 23:20:10.375] [secedo] [[37mtrace[m] Avg log-likelihood for GMM 1/2/3/4 8.441827985474287/8.462763196046177/8.503771669891798/8.526308450625804	aic 1/2/3/4 -8401.827985474287/-8380.763196046177/-8379.771669891798/-8360.308450625804	bic 1/2/3/4 -8317.535823505843/-8207.964264010867/-8118.465967789622/-8010.495978456762
[2022-05-01 23:20:10.375] [secedo] [[37mtrace[m] Attempting to cluster into 2 clusters
[2022-05-01 23:20:10.386] [secedo] [[37mtrace[m] Simple Gaussian Model matches data better - stopping the clustering
[2022-05-01 23:20:10.461] [secedo] [[32minfo[m] 

Performing clustering of sub-cluster BB with 1751 elements
[2022-05-01 23:20:10.461] [secedo] [[32minfo[m] Filtering significant positions...
[2022-05-01 23:20:11.763] [secedo] [[37mtrace[m] Avg coverage for cluster BB: 63.89817625720827. Total positions: 219713
[2022-05-01 23:20:12.055] [secedo] [[32minfo[m] Computing similarity matrix...
Processed:
[2022-05-01 23:20:12.091]	  0.0%, 0/219713
[2022-05-01 23:20:15.356]	 10.0%, 21971/219713
[2022-05-01 23:20:18.699]	 20.0%, 43942/219713
[2022-05-01 23:20:22.004]	 30.0%, 65913/219713
[2022-05-01 23:20:25.309]	 40.0%, 87884/219713
[2022-05-01 23:20:28.573]	 50.0%, 109855/219713
[2022-05-01 23:20:31.891]	 60.0%, 131826/219713
[2022-05-01 23:20:35.115]	 70.0%, 153797/219713
[2022-05-01 23:20:38.396]	 80.0%, 175768/219713
[2022-05-01 23:20:41.670]	 90.0%, 197739/219713
[2022-05-01 23:20:44.788]	100.0%, 219710/219713
[2022-05-01 23:20:44.788]	100.0%, 219713/219713

[2022-05-01 23:20:44.810] [secedo] [[37mtrace[m] Normalizing similarity matrix...
[2022-05-01 23:20:44.821] [secedo] [[32minfo[m] Performing spectral clustering...
[2022-05-01 23:20:45.970] [secedo] [[37mtrace[m] Avg log-likelihood for GMM 1/2/3/4 11.57529618796154/11.61968165339511/13.091758913933438/12.29583252132552	aic 1/2/3/4 -40496.68725024131/-40610.12515018968/-45723.3397165949/-42894.00548968197	bic 1/2/3/4 -40387.328403595595/-40385.93951456596/-45384.32729199318/-42440.166276102245
[2022-05-01 23:20:45.970] [secedo] [[37mtrace[m] Attempting to cluster into 3 clusters
[2022-05-01 23:20:45.998] [secedo] [[37mtrace[m] Cluster 1 has 744 cells
[2022-05-01 23:20:45.998] [secedo] [[37mtrace[m] Cluster 2 has 507 cells
[2022-05-01 23:20:45.998] [secedo] [[37mtrace[m] Cluster 3 has 500 cells
[2022-05-01 23:20:45.998] [secedo] [[37mtrace[m] Cluster 4 has 0 cells
[2022-05-01 23:20:46.000] [secedo] [[32minfo[m] Skipping clustering refinement via expectation maximization...
[2022-05-01 23:20:46.003] [secedo] [[32minfo[m] 

Performing clustering of sub-cluster BBA with 744 elements
[2022-05-01 23:20:46.003] [secedo] [[32minfo[m] Filtering significant positions...
[2022-05-01 23:20:47.147] [secedo] [[37mtrace[m] Avg coverage for cluster BBA: 30.202333557382417. Total positions: 464184
[2022-05-01 23:20:47.684] [secedo] [[32minfo[m] Computing similarity matrix...
Processed:
[2022-05-01 23:20:47.710]	  0.0%, 0/464184
[2022-05-01 23:20:49.438]	 10.0%, 46418/464184
[2022-05-01 23:20:51.206]	 20.0%, 92836/464184
[2022-05-01 23:20:52.971]	 30.0%, 139254/464184
[2022-05-01 23:20:54.729]	 40.0%, 185672/464184
[2022-05-01 23:20:56.465]	 50.0%, 232090/464184
[2022-05-01 23:20:58.216]	 60.0%, 278508/464184
[2022-05-01 23:20:59.950]	 70.0%, 324926/464184
[2022-05-01 23:21:01.714]	 80.0%, 371344/464184
[2022-05-01 23:21:03.477]	 90.0%, 417762/464184
[2022-05-01 23:21:05.236]	100.0%, 464180/464184
[2022-05-01 23:21:05.236]	100.0%, 464184/464184

[2022-05-01 23:21:05.243] [secedo] [[37mtrace[m] Normalizing similarity matrix...
[2022-05-01 23:21:05.248] [secedo] [[32minfo[m] Performing spectral clustering...
[2022-05-01 23:21:05.372] [secedo] [[37mtrace[m] Avg log-likelihood for GMM 1/2/3/4 9.435410096741046/9.445283425721524/9.451416372025848/9.467785271677771	aic 1/2/3/4 -13999.890223950677/-13972.581737473627/-13939.707561574462/-13922.064484256523	bic 1/2/3/4 -13907.649403254016/-13783.48805504547/-13653.76101741481/-13539.265078365377
[2022-05-01 23:21:05.372] [secedo] [[37mtrace[m] Attempting to cluster into 2 clusters
[2022-05-01 23:21:05.384] [secedo] [[37mtrace[m] Simple Gaussian Model matches data better - stopping the clustering
[2022-05-01 23:21:05.415] [secedo] [[32minfo[m] 

Performing clustering of sub-cluster BBB with 507 elements
[2022-05-01 23:21:05.416] [secedo] [[32minfo[m] Filtering significant positions...
[2022-05-01 23:21:06.384] [secedo] [[37mtrace[m] Avg coverage for cluster BBB: 21.347338511354867. Total positions: 554652
[2022-05-01 23:21:07.037] [secedo] [[32minfo[m] Computing similarity matrix...
Processed:
[2022-05-01 23:21:07.061]	  0.0%, 0/554652
[2022-05-01 23:21:08.424]	 10.0%, 55465/554652
[2022-05-01 23:21:09.803]	 20.0%, 110930/554652
[2022-05-01 23:21:11.181]	 30.0%, 166395/554652
[2022-05-01 23:21:12.555]	 40.0%, 221860/554652
[2022-05-01 23:21:13.919]	 50.0%, 277325/554652
[2022-05-01 23:21:15.297]	 60.0%, 332790/554652
[2022-05-01 23:21:16.684]	 70.0%, 388255/554652
[2022-05-01 23:21:18.064]	 80.0%, 443720/554652
[2022-05-01 23:21:19.424]	 90.0%, 499185/554652
[2022-05-01 23:21:20.784]	100.0%, 554650/554652
[2022-05-01 23:21:20.784]	100.0%, 554652/554652

[2022-05-01 23:21:20.790] [secedo] [[37mtrace[m] Normalizing similarity matrix...
[2022-05-01 23:21:20.795] [secedo] [[32minfo[m] Performing spectral clustering...
[2022-05-01 23:21:20.850] [secedo] [[37mtrace[m] Avg log-likelihood for GMM 1/2/3/4 8.476585038532892/8.499058677912357/8.511590483599681/8.519455878050564	aic 1/2/3/4 -8555.257229072353/-8536.04549940313/-8506.752750370077/-8472.728260343272	bic 1/2/3/4 -8470.687009000529/-8362.676548255891/-8244.585068147424/-8121.761847045204
[2022-05-01 23:21:20.850] [secedo] [[37mtrace[m] Attempting to cluster into 2 clusters
[2022-05-01 23:21:20.855] [secedo] [[37mtrace[m] Simple Gaussian Model matches data better - stopping the clustering
[2022-05-01 23:21:20.891] [secedo] [[32minfo[m] 

Performing clustering of sub-cluster BBC with 500 elements
[2022-05-01 23:21:20.891] [secedo] [[32minfo[m] Filtering significant positions...
[2022-05-01 23:21:21.905] [secedo] [[37mtrace[m] Avg coverage for cluster BBC: 21.12239813030052. Total positions: 556667
[2022-05-01 23:21:22.555] [secedo] [[32minfo[m] Computing similarity matrix...
Processed:
[2022-05-01 23:21:22.579]	  0.0%, 0/556667
[2022-05-01 23:21:23.846]	 10.0%, 55666/556667
[2022-05-01 23:21:25.130]	 20.0%, 111332/556667
[2022-05-01 23:21:26.412]	 30.0%, 166998/556667
[2022-05-01 23:21:27.699]	 40.0%, 222664/556667
[2022-05-01 23:21:28.978]	 50.0%, 278330/556667
[2022-05-01 23:21:30.260]	 60.0%, 333996/556667
[2022-05-01 23:21:31.550]	 70.0%, 389662/556667
[2022-05-01 23:21:32.844]	 80.0%, 445328/556667
[2022-05-01 23:21:34.135]	 90.0%, 500994/556667
[2022-05-01 23:21:35.428]	100.0%, 556660/556667
[2022-05-01 23:21:35.428]	100.0%, 556667/556667

[2022-05-01 23:21:35.446] [secedo] [[37mtrace[m] Normalizing similarity matrix...
[2022-05-01 23:21:35.452] [secedo] [[32minfo[m] Performing spectral clustering...
[2022-05-01 23:21:35.510] [secedo] [[37mtrace[m] Avg log-likelihood for GMM 1/2/3/4 8.441828336469131/8.46037367160345/8.480505982311318/8.51319663593189	aic 1/2/3/4 -8401.82833646913/-8378.373671603451/-8356.505982311317/-8347.196635931889	bic 1/2/3/4 -8317.536174500687/-8205.574739568141/-8095.200280209141/-7997.384163762847
[2022-05-01 23:21:35.510] [secedo] [[37mtrace[m] Attempting to cluster into 2 clusters
[2022-05-01 23:21:35.522] [secedo] [[37mtrace[m] Simple Gaussian Model matches data better - stopping the clustering
[2022-05-01 23:21:35.611] [secedo] [[32minfo[m] 

Performing clustering of sub-cluster BC with 1997 elements
[2022-05-01 23:21:35.611] [secedo] [[32minfo[m] Filtering significant positions...
[2022-05-01 23:21:36.983] [secedo] [[37mtrace[m] Avg coverage for cluster BC: 68.85534007916135. Total positions: 181149
[2022-05-01 23:21:37.230] [secedo] [[32minfo[m] Computing similarity matrix...
Processed:
[2022-05-01 23:21:37.271]	  0.0%, 0/181149
[2022-05-01 23:21:40.652]	 10.0%, 18114/181149
[2022-05-01 23:21:44.109]	 20.0%, 36228/181149
[2022-05-01 23:21:47.500]	 30.0%, 54342/181149
[2022-05-01 23:21:50.851]	 40.0%, 72456/181149
[2022-05-01 23:21:54.215]	 50.0%, 90570/181149
[2022-05-01 23:21:57.646]	 60.0%, 108684/181149
[2022-05-01 23:22:01.007]	 70.0%, 126798/181149
[2022-05-01 23:22:04.425]	 80.0%, 144912/181149
[2022-05-01 23:22:07.796]	 90.0%, 163026/181149
[2022-05-01 23:22:10.989]	100.0%, 181140/181149
[2022-05-01 23:22:10.989]	100.0%, 181149/181149

[2022-05-01 23:22:11.000] [secedo] [[37mtrace[m] Normalizing similarity matrix...
[2022-05-01 23:22:11.011] [secedo] [[32minfo[m] Performing spectral clustering...
[2022-05-01 23:22:12.742] [secedo] [[37mtrace[m] Avg log-likelihood for GMM 1/2/3/4 11.903825159730301/12.214315959629074/11.913359514576426/12.202004547851965	aic 1/2/3/4 -47503.87768796282/-48701.97794275852/-47457.957901218244/-48568.806164120746	bic 1/2/3/4 -47391.8896612945/-48472.402488088475/-47110.795018546465/-48104.05585344724
[2022-05-01 23:22:12.742] [secedo] [[37mtrace[m] Attempting to cluster into 2 clusters
[2022-05-01 23:22:12.762] [secedo] [[37mtrace[m] Cluster 1 has 1004 cells
[2022-05-01 23:22:12.762] [secedo] [[37mtrace[m] Cluster 2 has 993 cells
[2022-05-01 23:22:12.762] [secedo] [[37mtrace[m] Cluster 3 has 0 cells
[2022-05-01 23:22:12.762] [secedo] [[37mtrace[m] Cluster 4 has 0 cells
[2022-05-01 23:22:12.768] [secedo] [[32minfo[m] Skipping clustering refinement via expectation maximization...
[2022-05-01 23:22:12.771] [secedo] [[32minfo[m] 

Performing clustering of sub-cluster BCA with 1004 elements
[2022-05-01 23:22:12.771] [secedo] [[32minfo[m] Filtering significant positions...
[2022-05-01 23:22:14.024] [secedo] [[37mtrace[m] Avg coverage for cluster BCA: 39.97557863396307. Total positions: 366769
[2022-05-01 23:22:14.472] [secedo] [[32minfo[m] Computing similarity matrix...
Processed:
[2022-05-01 23:22:14.501]	  0.0%, 0/366769
[2022-05-01 23:22:17.026]	 10.0%, 36676/366769
[2022-05-01 23:22:19.562]	 20.0%, 73352/366769
[2022-05-01 23:22:22.096]	 30.0%, 110028/366769
[2022-05-01 23:22:24.604]	 40.0%, 146704/366769
[2022-05-01 23:22:27.029]	 50.0%, 183380/366769
[2022-05-01 23:22:29.318]	 60.0%, 220056/366769
[2022-05-01 23:22:31.543]	 70.0%, 256732/366769
[2022-05-01 23:22:33.781]	 80.0%, 293408/366769
[2022-05-01 23:22:36.014]	 90.0%, 330084/366769
[2022-05-01 23:22:38.214]	100.0%, 366760/366769
[2022-05-01 23:22:38.214]	100.0%, 366769/366769

[2022-05-01 23:22:38.232] [secedo] [[37mtrace[m] Normalizing similarity matrix...
[2022-05-01 23:22:38.238] [secedo] [[32minfo[m] Performing spectral clustering...
[2022-05-01 23:22:38.499] [secedo] [[37mtrace[m] Avg log-likelihood for GMM 1/2/3/4 10.18467574559061/10.201357732834238/10.195746032462782/10.21131811885473	aic 1/2/3/4 -20410.828897145944/-20402.326327531147/-20349.05803318527/-20338.3267826603	bic 1/2/3/4 -20312.593951140912/-20200.94468822083/-20044.529700569667/-19930.65175673941
[2022-05-01 23:22:38.499] [secedo] [[37mtrace[m] Attempting to cluster into 2 clusters
[2022-05-01 23:22:38.519] [secedo] [[37mtrace[m] Simple Gaussian Model matches data better - stopping the clustering
[2022-05-01 23:22:38.550] [secedo] [[32minfo[m] 

Performing clustering of sub-cluster BCB with 993 elements
[2022-05-01 23:22:38.550] [secedo] [[32minfo[m] Filtering significant positions...
[2022-05-01 23:22:39.692] [secedo] [[37mtrace[m] Avg coverage for cluster BCB: 39.6654908925022. Total positions: 368268
[2022-05-01 23:22:40.138] [secedo] [[32minfo[m] Computing similarity matrix...
Processed:
[2022-05-01 23:22:40.165]	  0.0%, 0/368268
[2022-05-01 23:22:42.451]	 10.0%, 36826/368268
[2022-05-01 23:22:44.721]	 20.0%, 73652/368268
[2022-05-01 23:22:46.965]	 30.0%, 110478/368268
[2022-05-01 23:22:49.215]	 40.0%, 147304/368268
[2022-05-01 23:22:51.455]	 50.0%, 184130/368268
[2022-05-01 23:22:53.713]	 60.0%, 220956/368268
[2022-05-01 23:22:55.951]	 70.0%, 257782/368268
[2022-05-01 23:22:58.201]	 80.0%, 294608/368268
[2022-05-01 23:23:00.463]	 90.0%, 331434/368268
[2022-05-01 23:23:02.694]	100.0%, 368260/368268
[2022-05-01 23:23:02.694]	100.0%, 368268/368268

[2022-05-01 23:23:02.702] [secedo] [[37mtrace[m] Normalizing similarity matrix...
[2022-05-01 23:23:02.707] [secedo] [[32minfo[m] Performing spectral clustering...
[2022-05-01 23:23:02.960] [secedo] [[37mtrace[m] Avg log-likelihood for GMM 1/2/3/4 10.157134251978983/10.167197931823598/10.168871130686579/10.196005881078499	aic 1/2/3/4 -20132.06862443026/-20110.055092601666/-20071.378065543548/-20083.2676798219	bic 1/2/3/4 -20034.054011149357/-19909.125135375813/-19767.532764372747/-19676.507034706152
[2022-05-01 23:23:02.960] [secedo] [[37mtrace[m] Attempting to cluster into 2 clusters
[2022-05-01 23:23:02.978] [secedo] [[37mtrace[m] Simple Gaussian Model matches data better - stopping the clustering
[2022-05-01 23:23:03.113] [secedo] [[32minfo[m] Performing variant calling against /cluster/work/grlab/projects/projects2019-secedo/datasets/varsim/genomes/healthy.fa
[2022-05-01 23:23:04.937] [secedo] [[37mtrace[m] Reading chromosome: 1_maternal (first allele)
[2022-05-01 23:23:06.556] [secedo] [[37mtrace[m] Reading chromosome: >1_paternal (second allele)
[2022-05-01 23:23:07.913] [secedo] [[37mtrace[m] Calling variants on chromosome 1
[2022-05-01 23:23:08.876] [secedo] [[37mtrace[m] Reading chromosome: 2_maternal (first allele)
[2022-05-01 23:23:09.927] [secedo] [[37mtrace[m] Reading chromosome: >2_paternal (second allele)
[2022-05-01 23:23:11.281] [secedo] [[37mtrace[m] Calling variants on chromosome 2
[2022-05-01 23:23:12.344] [secedo] [[37mtrace[m] Reading chromosome: 3_maternal (first allele)
[2022-05-01 23:23:13.230] [secedo] [[37mtrace[m] Reading chromosome: >3_paternal (second allele)
[2022-05-01 23:23:14.356] [secedo] [[37mtrace[m] Calling variants on chromosome 3
[2022-05-01 23:23:15.282] [secedo] [[37mtrace[m] Reading chromosome: 4_maternal (first allele)
[2022-05-01 23:23:16.157] [secedo] [[37mtrace[m] Reading chromosome: >4_paternal (second allele)
[2022-05-01 23:23:17.207] [secedo] [[37mtrace[m] Calling variants on chromosome 4
[2022-05-01 23:23:18.105] [secedo] [[37mtrace[m] Reading chromosome: 5_maternal (first allele)
[2022-05-01 23:23:18.906] [secedo] [[37mtrace[m] Reading chromosome: >5_paternal (second allele)
[2022-05-01 23:23:19.925] [secedo] [[37mtrace[m] Calling variants on chromosome 5
[2022-05-01 23:23:20.760] [secedo] [[37mtrace[m] Reading chromosome: 6_maternal (first allele)
[2022-05-01 23:23:21.540] [secedo] [[37mtrace[m] Reading chromosome: >6_paternal (second allele)
[2022-05-01 23:23:22.487] [secedo] [[37mtrace[m] Calling variants on chromosome 6
[2022-05-01 23:23:23.267] [secedo] [[37mtrace[m] Reading chromosome: 7_maternal (first allele)
[2022-05-01 23:23:24.013] [secedo] [[37mtrace[m] Reading chromosome: >7_paternal (second allele)
[2022-05-01 23:23:24.871] [secedo] [[37mtrace[m] Calling variants on chromosome 7
[2022-05-01 23:23:25.615] [secedo] [[37mtrace[m] Reading chromosome: 8_maternal (first allele)
[2022-05-01 23:23:26.272] [secedo] [[37mtrace[m] Reading chromosome: >8_paternal (second allele)
[2022-05-01 23:23:27.033] [secedo] [[37mtrace[m] Calling variants on chromosome 8
[2022-05-01 23:23:27.701] [secedo] [[37mtrace[m] Reading chromosome: 9_maternal (first allele)
[2022-05-01 23:23:28.278] [secedo] [[37mtrace[m] Reading chromosome: >9_paternal (second allele)
[2022-05-01 23:23:29.046] [secedo] [[37mtrace[m] Calling variants on chromosome 9
[2022-05-01 23:23:29.596] [secedo] [[37mtrace[m] Reading chromosome: 10_maternal (first allele)
[2022-05-01 23:23:30.141] [secedo] [[37mtrace[m] Reading chromosome: >10_paternal (second allele)
[2022-05-01 23:23:30.808] [secedo] [[37mtrace[m] Calling variants on chromosome 10
[2022-05-01 23:23:31.447] [secedo] [[37mtrace[m] Reading chromosome: 11_maternal (first allele)
[2022-05-01 23:23:32.055] [secedo] [[37mtrace[m] Reading chromosome: >11_paternal (second allele)
[2022-05-01 23:23:32.739] [secedo] [[37mtrace[m] Calling variants on chromosome 11
[2022-05-01 23:23:33.361] [secedo] [[37mtrace[m] Reading chromosome: 12_maternal (first allele)
[2022-05-01 23:23:33.972] [secedo] [[37mtrace[m] Reading chromosome: >12_paternal (second allele)
[2022-05-01 23:23:34.677] [secedo] [[37mtrace[m] Calling variants on chromosome 12
[2022-05-01 23:23:35.295] [secedo] [[37mtrace[m] Reading chromosome: 13_maternal (first allele)
[2022-05-01 23:23:35.773] [secedo] [[37mtrace[m] Reading chromosome: >13_paternal (second allele)
[2022-05-01 23:23:36.366] [secedo] [[37mtrace[m] Calling variants on chromosome 13
[2022-05-01 23:23:36.828] [secedo] [[37mtrace[m] Reading chromosome: 14_maternal (first allele)
[2022-05-01 23:23:37.252] [secedo] [[37mtrace[m] Reading chromosome: >14_paternal (second allele)
[2022-05-01 23:23:37.853] [secedo] [[37mtrace[m] Calling variants on chromosome 14
[2022-05-01 23:23:38.261] [secedo] [[37mtrace[m] Reading chromosome: 15_maternal (first allele)
[2022-05-01 23:23:38.656] [secedo] [[37mtrace[m] Reading chromosome: >15_paternal (second allele)
[2022-05-01 23:23:39.175] [secedo] [[37mtrace[m] Calling variants on chromosome 15
[2022-05-01 23:23:39.536] [secedo] [[37mtrace[m] Reading chromosome: 16_maternal (first allele)
[2022-05-01 23:23:39.868] [secedo] [[37mtrace[m] Reading chromosome: >16_paternal (second allele)
[2022-05-01 23:23:40.348] [secedo] [[37mtrace[m] Calling variants on chromosome 16
[2022-05-01 23:23:40.738] [secedo] [[37mtrace[m] Reading chromosome: 17_maternal (first allele)
[2022-05-01 23:23:41.035] [secedo] [[37mtrace[m] Reading chromosome: >17_paternal (second allele)
[2022-05-01 23:23:41.420] [secedo] [[37mtrace[m] Calling variants on chromosome 17
[2022-05-01 23:23:41.765] [secedo] [[37mtrace[m] Reading chromosome: 18_maternal (first allele)
[2022-05-01 23:23:42.092] [secedo] [[37mtrace[m] Reading chromosome: >18_paternal (second allele)
[2022-05-01 23:23:42.570] [secedo] [[37mtrace[m] Calling variants on chromosome 18
[2022-05-01 23:23:42.929] [secedo] [[37mtrace[m] Reading chromosome: 19_maternal (first allele)
[2022-05-01 23:23:43.136] [secedo] [[37mtrace[m] Reading chromosome: >19_paternal (second allele)
[2022-05-01 23:23:43.389] [secedo] [[37mtrace[m] Calling variants on chromosome 19
[2022-05-01 23:23:43.675] [secedo] [[37mtrace[m] Reading chromosome: 20_maternal (first allele)
[2022-05-01 23:23:43.911] [secedo] [[37mtrace[m] Reading chromosome: >20_paternal (second allele)
[2022-05-01 23:23:44.363] [secedo] [[37mtrace[m] Calling variants on chromosome 20
[2022-05-01 23:23:44.859] [secedo] [[37mtrace[m] Reading chromosome: 21_maternal (first allele)
[2022-05-01 23:23:45.027] [secedo] [[37mtrace[m] Reading chromosome: >21_paternal (second allele)
[2022-05-01 23:23:45.246] [secedo] [[37mtrace[m] Calling variants on chromosome 21
[2022-05-01 23:23:45.480] [secedo] [[37mtrace[m] Reading chromosome: 22_maternal (first allele)
[2022-05-01 23:23:45.711] [secedo] [[37mtrace[m] Reading chromosome: >22_paternal (second allele)
[2022-05-01 23:23:45.950] [secedo] [[37mtrace[m] Calling variants on chromosome 22
[2022-05-01 23:23:46.120] [secedo] [[37mtrace[m] Reading chromosome: X_maternal (first allele)
[2022-05-01 23:23:46.816] [secedo] [[32minfo[m] Male genome detected; Simulating homozygous X
[2022-05-01 23:23:46.943] [secedo] [[37mtrace[m] Calling variants on chromosome 23
[2022-05-01 23:23:47.023] [secedo] [[37mtrace[m] Reading chromosome: Y_paternal (first allele)
[2022-05-01 23:23:47.217] [secedo] [[32minfo[m] Simulating homozygous >Y_paternal
[2022-05-01 23:23:47.263] [secedo] [[37mtrace[m] Calling variants on chromosome 24
[2022-05-01 23:23:47.312] [secedo] [[32minfo[m] Done.
8243.31user 53.08system 10:06.45elapsed 1368%CPU (0avgtext+0avgdata 10266048maxresident)k
1412712inputs+214808outputs (0major+17464156minor)pagefaults 0swaps
